Building DAG of jobs...
Using shell: /usr/bin/bash
Provided cluster nodes: 12
Provided resources: msa_load=24, learnMSA_load=12
Job stats:
job                      count    min threads    max threads
---------------------  -------  -------------  -------------
all                          1              1              1
concat_results_scores        2              1              1
test_scoring_model          24              4              4
total                       27              1              4

Select jobs to execute...

[Sun Nov 26 08:28:48 2023]
rule test_scoring_model:
    output: results/rows/protT5_32_sigmoid
    jobid: 20
    reason: Missing output files: results/rows/protT5_32_sigmoid
    wildcards: lm=protT5, dimension=32, activation=sigmoid
    threads: 4
    resources: mem_mb=100000, mem_mib=95368, disk_mb=1000, disk_mib=954, tmpdir=<TBD>, partition=vision, gpu=1, runtime=1440

Submitted job 20 with external jobid '2278077'.

[Sun Nov 26 08:29:07 2023]
rule test_scoring_model:
    output: results/rows/esm2_128_softmax
    jobid: 5
    reason: Missing output files: results/rows/esm2_128_softmax
    wildcards: lm=esm2, dimension=128, activation=softmax
    threads: 4
    resources: mem_mb=100000, mem_mib=95368, disk_mb=1000, disk_mib=954, tmpdir=<TBD>, partition=vision, gpu=1, runtime=1440

Submitted job 5 with external jobid '2278078'.

[Sun Nov 26 08:29:07 2023]
rule test_scoring_model:
    output: results/rows/protT5_128_sigmoid
    jobid: 22
    reason: Missing output files: results/rows/protT5_128_sigmoid
    wildcards: lm=protT5, dimension=128, activation=sigmoid
    threads: 4
    resources: mem_mb=100000, mem_mib=95368, disk_mb=1000, disk_mib=954, tmpdir=<TBD>, partition=vision, gpu=1, runtime=1440

Submitted job 22 with external jobid '2278079'.

[Sun Nov 26 08:29:07 2023]
rule test_scoring_model:
    output: results/rows/protT5_32_softmax
    jobid: 7
    reason: Missing output files: results/rows/protT5_32_softmax
    wildcards: lm=protT5, dimension=32, activation=softmax
    threads: 4
    resources: mem_mb=100000, mem_mib=95368, disk_mb=1000, disk_mib=954, tmpdir=<TBD>, partition=vision, gpu=1, runtime=1440

Submitted job 7 with external jobid '2278080'.

[Sun Nov 26 08:29:07 2023]
rule test_scoring_model:
    output: results/rows/proteinBERT_32_sigmoid
    jobid: 24
    reason: Missing output files: results/rows/proteinBERT_32_sigmoid
    wildcards: lm=proteinBERT, dimension=32, activation=sigmoid
    threads: 4
    resources: mem_mb=100000, mem_mib=95368, disk_mb=1000, disk_mib=954, tmpdir=<TBD>, partition=vision, gpu=1, runtime=1440

Submitted job 24 with external jobid '2278081'.

[Sun Nov 26 08:29:07 2023]
rule test_scoring_model:
    output: results/rows/proteinBERT_128_softmax
    jobid: 13
    reason: Missing output files: results/rows/proteinBERT_128_softmax
    wildcards: lm=proteinBERT, dimension=128, activation=softmax
    threads: 4
    resources: mem_mb=100000, mem_mib=95368, disk_mb=1000, disk_mib=954, tmpdir=<TBD>, partition=vision, gpu=1, runtime=1440

Submitted job 13 with external jobid '2278082'.

[Sun Nov 26 08:29:07 2023]
rule test_scoring_model:
    output: results/rows/esm2_16_sigmoid
    jobid: 15
    reason: Missing output files: results/rows/esm2_16_sigmoid
    wildcards: lm=esm2, dimension=16, activation=sigmoid
    threads: 4
    resources: mem_mb=100000, mem_mib=95368, disk_mb=1000, disk_mib=954, tmpdir=<TBD>, partition=vision, gpu=1, runtime=1440

Submitted job 15 with external jobid '2278083'.

[Sun Nov 26 08:29:07 2023]
rule test_scoring_model:
    output: results/rows/protT5_64_sigmoid
    jobid: 21
    reason: Missing output files: results/rows/protT5_64_sigmoid
    wildcards: lm=protT5, dimension=64, activation=sigmoid
    threads: 4
    resources: mem_mb=100000, mem_mib=95368, disk_mb=1000, disk_mib=954, tmpdir=<TBD>, partition=vision, gpu=1, runtime=1440

Submitted job 21 with external jobid '2278084'.

[Sun Nov 26 08:29:08 2023]
rule test_scoring_model:
    output: results/rows/protT5_16_softmax
    jobid: 6
    reason: Missing output files: results/rows/protT5_16_softmax
    wildcards: lm=protT5, dimension=16, activation=softmax
    threads: 4
    resources: mem_mb=100000, mem_mib=95368, disk_mb=1000, disk_mib=954, tmpdir=<TBD>, partition=vision, gpu=1, runtime=1440

Submitted job 6 with external jobid '2278085'.

[Sun Nov 26 08:29:08 2023]
rule test_scoring_model:
    output: results/rows/proteinBERT_16_sigmoid
    jobid: 23
    reason: Missing output files: results/rows/proteinBERT_16_sigmoid
    wildcards: lm=proteinBERT, dimension=16, activation=sigmoid
    threads: 4
    resources: mem_mb=100000, mem_mib=95368, disk_mb=1000, disk_mib=954, tmpdir=<TBD>, partition=vision, gpu=1, runtime=1440

Submitted job 23 with external jobid '2278086'.

[Sun Nov 26 08:29:08 2023]
rule test_scoring_model:
    output: results/rows/protT5_64_softmax
    jobid: 8
    reason: Missing output files: results/rows/protT5_64_softmax
    wildcards: lm=protT5, dimension=64, activation=softmax
    threads: 4
    resources: mem_mb=100000, mem_mib=95368, disk_mb=1000, disk_mib=954, tmpdir=<TBD>, partition=vision, gpu=1, runtime=1440

Submitted job 8 with external jobid '2278087'.

[Sun Nov 26 08:29:08 2023]
rule test_scoring_model:
    output: results/rows/esm2_32_sigmoid
    jobid: 16
    reason: Missing output files: results/rows/esm2_32_sigmoid
    wildcards: lm=esm2, dimension=32, activation=sigmoid
    threads: 4
    resources: mem_mb=100000, mem_mib=95368, disk_mb=1000, disk_mib=954, tmpdir=<TBD>, partition=vision, gpu=1, runtime=1440

Submitted job 16 with external jobid '2278088'.
[Sun Nov 26 08:33:45 2023]
Finished job 24.
1 of 27 steps (4%) done
Select jobs to execute...

[Sun Nov 26 08:33:45 2023]
rule test_scoring_model:
    output: results/rows/esm2_128_sigmoid
    jobid: 18
    reason: Missing output files: results/rows/esm2_128_sigmoid
    wildcards: lm=esm2, dimension=128, activation=sigmoid
    threads: 4
    resources: mem_mb=100000, mem_mib=95368, disk_mb=1000, disk_mib=954, tmpdir=<TBD>, partition=vision, gpu=1, runtime=1440

Submitted job 18 with external jobid '2278093'.
[Sun Nov 26 08:33:46 2023]
Finished job 13.
2 of 27 steps (7%) done
Select jobs to execute...

[Sun Nov 26 08:33:46 2023]
rule test_scoring_model:
    output: results/rows/protT5_128_softmax
    jobid: 9
    reason: Missing output files: results/rows/protT5_128_softmax
    wildcards: lm=protT5, dimension=128, activation=softmax
    threads: 4
    resources: mem_mb=100000, mem_mib=95368, disk_mb=1000, disk_mib=954, tmpdir=<TBD>, partition=vision, gpu=1, runtime=1440

Submitted job 9 with external jobid '2278094'.
[Sun Nov 26 08:34:22 2023]
Finished job 23.
3 of 27 steps (11%) done
Select jobs to execute...

[Sun Nov 26 08:34:22 2023]
rule test_scoring_model:
    output: results/rows/proteinBERT_128_sigmoid
    jobid: 26
    reason: Missing output files: results/rows/proteinBERT_128_sigmoid
    wildcards: lm=proteinBERT, dimension=128, activation=sigmoid
    threads: 4
    resources: mem_mb=100000, mem_mib=95368, disk_mb=1000, disk_mib=954, tmpdir=<TBD>, partition=vision, gpu=1, runtime=1440

Submitted job 26 with external jobid '2278095'.
[Sun Nov 26 08:34:46 2023]
Finished job 20.
4 of 27 steps (15%) done
Select jobs to execute...

[Sun Nov 26 08:34:46 2023]
rule test_scoring_model:
    output: results/rows/proteinBERT_32_softmax
    jobid: 11
    reason: Missing output files: results/rows/proteinBERT_32_softmax
    wildcards: lm=proteinBERT, dimension=32, activation=softmax
    threads: 4
    resources: mem_mb=100000, mem_mib=95368, disk_mb=1000, disk_mib=954, tmpdir=<TBD>, partition=vision, gpu=1, runtime=1440

Submitted job 11 with external jobid '2278096'.
[Sun Nov 26 08:34:48 2023]
Finished job 22.
5 of 27 steps (19%) done
Select jobs to execute...

[Sun Nov 26 08:34:48 2023]
rule test_scoring_model:
    output: results/rows/esm2_16_softmax
    jobid: 2
    reason: Missing output files: results/rows/esm2_16_softmax
    wildcards: lm=esm2, dimension=16, activation=softmax
    threads: 4
    resources: mem_mb=100000, mem_mib=95368, disk_mb=1000, disk_mib=954, tmpdir=<TBD>, partition=vision, gpu=1, runtime=1440

Submitted job 2 with external jobid '2278097'.
[Sun Nov 26 08:35:45 2023]
Finished job 26.
6 of 27 steps (22%) done
Select jobs to execute...

[Sun Nov 26 08:35:45 2023]
rule test_scoring_model:
    output: results/rows/esm2_64_softmax
    jobid: 4
    reason: Missing output files: results/rows/esm2_64_softmax
    wildcards: lm=esm2, dimension=64, activation=softmax
    threads: 4
    resources: mem_mb=100000, mem_mib=95368, disk_mb=1000, disk_mib=954, tmpdir=<TBD>, partition=vision, gpu=1, runtime=1440

Submitted job 4 with external jobid '2278100'.
[Sun Nov 26 08:36:05 2023]
Finished job 11.
7 of 27 steps (26%) done
Select jobs to execute...

[Sun Nov 26 08:36:05 2023]
rule test_scoring_model:
    output: results/rows/esm2_64_sigmoid
    jobid: 17
    reason: Missing output files: results/rows/esm2_64_sigmoid
    wildcards: lm=esm2, dimension=64, activation=sigmoid
    threads: 4
    resources: mem_mb=100000, mem_mib=95368, disk_mb=1000, disk_mib=954, tmpdir=<TBD>, partition=vision, gpu=1, runtime=1440

Submitted job 17 with external jobid '2278101'.
[Sun Nov 26 08:36:14 2023]
Finished job 7.
8 of 27 steps (30%) done
Select jobs to execute...

[Sun Nov 26 08:36:14 2023]
rule test_scoring_model:
    output: results/rows/protT5_16_sigmoid
    jobid: 19
    reason: Missing output files: results/rows/protT5_16_sigmoid
    wildcards: lm=protT5, dimension=16, activation=sigmoid
    threads: 4
    resources: mem_mb=100000, mem_mib=95368, disk_mb=1000, disk_mib=954, tmpdir=<TBD>, partition=vision, gpu=1, runtime=1440

Submitted job 19 with external jobid '2278102'.
[Sun Nov 26 08:36:15 2023]
Finished job 21.
9 of 27 steps (33%) done
Select jobs to execute...

[Sun Nov 26 08:36:15 2023]
rule test_scoring_model:
    output: results/rows/proteinBERT_64_sigmoid
    jobid: 25
    reason: Missing output files: results/rows/proteinBERT_64_sigmoid
    wildcards: lm=proteinBERT, dimension=64, activation=sigmoid
    threads: 4
    resources: mem_mb=100000, mem_mib=95368, disk_mb=1000, disk_mib=954, tmpdir=<TBD>, partition=vision, gpu=1, runtime=1440

Submitted job 25 with external jobid '2278103'.
[Sun Nov 26 08:36:32 2023]
Finished job 6.
10 of 27 steps (37%) done
Select jobs to execute...

[Sun Nov 26 08:36:32 2023]
rule test_scoring_model:
    output: results/rows/proteinBERT_16_softmax
    jobid: 10
    reason: Missing output files: results/rows/proteinBERT_16_softmax
    wildcards: lm=proteinBERT, dimension=16, activation=softmax
    threads: 4
    resources: mem_mb=100000, mem_mib=95368, disk_mb=1000, disk_mib=954, tmpdir=<TBD>, partition=vision, gpu=1, runtime=1440

Submitted job 10 with external jobid '2278104'.
[Sun Nov 26 08:36:35 2023]
Finished job 5.
11 of 27 steps (41%) done
Select jobs to execute...

[Sun Nov 26 08:36:35 2023]
rule test_scoring_model:
    output: results/rows/proteinBERT_64_softmax
    jobid: 12
    reason: Missing output files: results/rows/proteinBERT_64_softmax
    wildcards: lm=proteinBERT, dimension=64, activation=softmax
    threads: 4
    resources: mem_mb=100000, mem_mib=95368, disk_mb=1000, disk_mib=954, tmpdir=<TBD>, partition=vision, gpu=1, runtime=1440

Submitted job 12 with external jobid '2278105'.
[Sun Nov 26 08:37:18 2023]
Finished job 15.
12 of 27 steps (44%) done
Select jobs to execute...

[Sun Nov 26 08:37:18 2023]
rule test_scoring_model:
    output: results/rows/esm2_32_softmax
    jobid: 3
    reason: Missing output files: results/rows/esm2_32_softmax
    wildcards: lm=esm2, dimension=32, activation=softmax
    threads: 4
    resources: mem_mb=100000, mem_mib=95368, disk_mb=1000, disk_mib=954, tmpdir=<TBD>, partition=vision, gpu=1, runtime=1440

Submitted job 3 with external jobid '2278106'.
[Sun Nov 26 08:38:36 2023]
Finished job 19.
13 of 27 steps (48%) done
[Sun Nov 26 08:38:38 2023]
Finished job 2.
14 of 27 steps (52%) done
[Sun Nov 26 08:38:43 2023]
Finished job 25.
15 of 27 steps (56%) done
[Sun Nov 26 08:38:54 2023]
Finished job 10.
16 of 27 steps (59%) done
[Sun Nov 26 08:39:47 2023]
Finished job 17.
17 of 27 steps (63%) done
[Sun Nov 26 08:42:58 2023]
Finished job 3.
18 of 27 steps (67%) done
[Sun Nov 26 08:43:00 2023]
Finished job 4.
19 of 27 steps (70%) done
[Sun Nov 26 08:44:26 2023]
Finished job 9.
20 of 27 steps (74%) done
[Sun Nov 26 08:45:45 2023]
Finished job 8.
21 of 27 steps (78%) done
[Sun Nov 26 08:47:21 2023]
Finished job 18.
22 of 27 steps (81%) done
[Sun Nov 26 08:47:22 2023]
Finished job 16.
23 of 27 steps (85%) done
Select jobs to execute...

[Sun Nov 26 08:47:22 2023]
rule concat_results_scores:
    input: results/rows/esm2_16_sigmoid, results/rows/esm2_32_sigmoid, results/rows/esm2_64_sigmoid, results/rows/esm2_128_sigmoid, results/rows/protT5_16_sigmoid, results/rows/protT5_32_sigmoid, results/rows/protT5_64_sigmoid, results/rows/protT5_128_sigmoid, results/rows/proteinBERT_16_sigmoid, results/rows/proteinBERT_32_sigmoid, results/rows/proteinBERT_64_sigmoid, results/rows/proteinBERT_128_sigmoid
    output: results/sigmoid.tbl
    jobid: 14
    reason: Missing output files: results/sigmoid.tbl; Input files updated by another job: results/rows/protT5_16_sigmoid, results/rows/protT5_64_sigmoid, results/rows/esm2_16_sigmoid, results/rows/proteinBERT_32_sigmoid, results/rows/esm2_128_sigmoid, results/rows/proteinBERT_128_sigmoid, results/rows/protT5_32_sigmoid, results/rows/proteinBERT_16_sigmoid, results/rows/proteinBERT_64_sigmoid, results/rows/esm2_32_sigmoid, results/rows/esm2_64_sigmoid, results/rows/protT5_128_sigmoid
    wildcards: activation=sigmoid
    resources: mem_mb=1000, mem_mib=954, disk_mb=1000, disk_mib=954, tmpdir=<TBD>, partition=batch,snowball,pinky, gpu=0

Submitted job 14 with external jobid '2278112'.
[Sun Nov 26 08:47:45 2023]
Finished job 14.
24 of 27 steps (89%) done
[Sun Nov 26 08:56:15 2023]
Finished job 12.
25 of 27 steps (93%) done
Select jobs to execute...

[Sun Nov 26 08:56:15 2023]
rule concat_results_scores:
    input: results/rows/esm2_16_softmax, results/rows/esm2_32_softmax, results/rows/esm2_64_softmax, results/rows/esm2_128_softmax, results/rows/protT5_16_softmax, results/rows/protT5_32_softmax, results/rows/protT5_64_softmax, results/rows/protT5_128_softmax, results/rows/proteinBERT_16_softmax, results/rows/proteinBERT_32_softmax, results/rows/proteinBERT_64_softmax, results/rows/proteinBERT_128_softmax
    output: results/softmax.tbl
    jobid: 1
    reason: Missing output files: results/softmax.tbl; Input files updated by another job: results/rows/proteinBERT_128_softmax, results/rows/protT5_32_softmax, results/rows/proteinBERT_32_softmax, results/rows/protT5_64_softmax, results/rows/esm2_128_softmax, results/rows/proteinBERT_16_softmax, results/rows/proteinBERT_64_softmax, results/rows/esm2_16_softmax, results/rows/esm2_64_softmax, results/rows/esm2_32_softmax, results/rows/protT5_16_softmax, results/rows/protT5_128_softmax
    wildcards: activation=softmax
    resources: mem_mb=1000, mem_mib=954, disk_mb=1000, disk_mib=954, tmpdir=<TBD>, partition=batch,snowball,pinky, gpu=0

Submitted job 1 with external jobid '2278114'.
[Sun Nov 26 08:56:35 2023]
Finished job 1.
26 of 27 steps (96%) done
Select jobs to execute...

[Sun Nov 26 08:56:35 2023]
localrule all:
    input: results/softmax.tbl, results/sigmoid.tbl
    jobid: 0
    reason: Input files updated by another job: results/softmax.tbl, results/sigmoid.tbl
    resources: mem_mb=10000, mem_mib=9537, disk_mb=1000, disk_mib=954, tmpdir=/tmp, partition=pinky, gpu=0

[Sun Nov 26 08:56:35 2023]
Finished job 0.
27 of 27 steps (100%) done
Complete log: .snakemake/log/2023-11-26T082841.967505.snakemake.log
