Building DAG of jobs...
Using shell: /usr/bin/bash
Provided cluster nodes: 12
Provided resources: msa_load=24, learnMSA_load=12
Job stats:
job                    count    min threads    max threads
-------------------  -------  -------------  -------------
all                        1              1              1
train_scoring_model       24              4              4
total                     25              1              4

Select jobs to execute...

[Wed Nov 22 18:07:32 2023]
rule train_scoring_model:
    output: outputs/proteinBERT_32_sigmoid.out
    jobid: 20
    reason: Missing output files: outputs/proteinBERT_32_sigmoid.out
    wildcards: lm=proteinBERT, dimension=32, activation=sigmoid
    threads: 4
    resources: mem_mb=100000, mem_mib=95368, disk_mb=1000, disk_mib=954, tmpdir=<TBD>, partition=vision, gpu=1, runtime=4320

Submitted job 20 with external jobid '2258709'.

[Wed Nov 22 18:07:38 2023]
rule train_scoring_model:
    output: outputs/esm2_64_softmax.out
    jobid: 5
    reason: Missing output files: outputs/esm2_64_softmax.out
    wildcards: lm=esm2, dimension=64, activation=softmax
    threads: 4
    resources: mem_mb=100000, mem_mib=95368, disk_mb=1000, disk_mib=954, tmpdir=<TBD>, partition=vision, gpu=1, runtime=4320

Submitted job 5 with external jobid '2258710'.

[Wed Nov 22 18:07:38 2023]
rule train_scoring_model:
    output: outputs/proteinBERT_64_sigmoid.out
    jobid: 22
    reason: Missing output files: outputs/proteinBERT_64_sigmoid.out
    wildcards: lm=proteinBERT, dimension=64, activation=sigmoid
    threads: 4
    resources: mem_mb=100000, mem_mib=95368, disk_mb=1000, disk_mib=954, tmpdir=<TBD>, partition=vision, gpu=1, runtime=4320

Submitted job 22 with external jobid '2258711'.

[Wed Nov 22 18:07:38 2023]
rule train_scoring_model:
    output: outputs/esm2_128_softmax.out
    jobid: 7
    reason: Missing output files: outputs/esm2_128_softmax.out
    wildcards: lm=esm2, dimension=128, activation=softmax
    threads: 4
    resources: mem_mb=100000, mem_mib=95368, disk_mb=1000, disk_mib=954, tmpdir=<TBD>, partition=vision, gpu=1, runtime=4320

Submitted job 7 with external jobid '2258712'.

[Wed Nov 22 18:07:38 2023]
rule train_scoring_model:
    output: outputs/protT5_64_softmax.out
    jobid: 13
    reason: Missing output files: outputs/protT5_64_softmax.out
    wildcards: lm=protT5, dimension=64, activation=softmax
    threads: 4
    resources: mem_mb=100000, mem_mib=95368, disk_mb=1000, disk_mib=954, tmpdir=<TBD>, partition=vision, gpu=1, runtime=4320

Submitted job 13 with external jobid '2258713'.

[Wed Nov 22 18:07:38 2023]
rule train_scoring_model:
    output: outputs/protT5_128_softmax.out
    jobid: 15
    reason: Missing output files: outputs/protT5_128_softmax.out
    wildcards: lm=protT5, dimension=128, activation=softmax
    threads: 4
    resources: mem_mb=100000, mem_mib=95368, disk_mb=1000, disk_mib=954, tmpdir=<TBD>, partition=vision, gpu=1, runtime=4320

Submitted job 15 with external jobid '2258714'.

[Wed Nov 22 18:07:38 2023]
rule train_scoring_model:
    output: outputs/proteinBERT_64_softmax.out
    jobid: 21
    reason: Missing output files: outputs/proteinBERT_64_softmax.out
    wildcards: lm=proteinBERT, dimension=64, activation=softmax
    threads: 4
    resources: mem_mb=100000, mem_mib=95368, disk_mb=1000, disk_mib=954, tmpdir=<TBD>, partition=vision, gpu=1, runtime=4320

Submitted job 21 with external jobid '2258715'.

[Wed Nov 22 18:07:38 2023]
rule train_scoring_model:
    output: outputs/esm2_64_sigmoid.out
    jobid: 6
    reason: Missing output files: outputs/esm2_64_sigmoid.out
    wildcards: lm=esm2, dimension=64, activation=sigmoid
    threads: 4
    resources: mem_mb=100000, mem_mib=95368, disk_mb=1000, disk_mib=954, tmpdir=<TBD>, partition=vision, gpu=1, runtime=4320

Submitted job 6 with external jobid '2258716'.

[Wed Nov 22 18:07:38 2023]
rule train_scoring_model:
    output: outputs/proteinBERT_128_softmax.out
    jobid: 23
    reason: Missing output files: outputs/proteinBERT_128_softmax.out
    wildcards: lm=proteinBERT, dimension=128, activation=softmax
    threads: 4
    resources: mem_mb=100000, mem_mib=95368, disk_mb=1000, disk_mib=954, tmpdir=<TBD>, partition=vision, gpu=1, runtime=4320

Submitted job 23 with external jobid '2258717'.

[Wed Nov 22 18:07:38 2023]
rule train_scoring_model:
    output: outputs/esm2_128_sigmoid.out
    jobid: 8
    reason: Missing output files: outputs/esm2_128_sigmoid.out
    wildcards: lm=esm2, dimension=128, activation=sigmoid
    threads: 4
    resources: mem_mb=100000, mem_mib=95368, disk_mb=1000, disk_mib=954, tmpdir=<TBD>, partition=vision, gpu=1, runtime=4320

Submitted job 8 with external jobid '2258718'.

[Wed Nov 22 18:07:38 2023]
rule train_scoring_model:
    output: outputs/esm2_16_softmax.out
    jobid: 1
    reason: Missing output files: outputs/esm2_16_softmax.out
    wildcards: lm=esm2, dimension=16, activation=softmax
    threads: 4
    resources: mem_mb=100000, mem_mib=95368, disk_mb=1000, disk_mib=954, tmpdir=<TBD>, partition=vision, gpu=1, runtime=4320

Submitted job 1 with external jobid '2258719'.

[Wed Nov 22 18:07:38 2023]
rule train_scoring_model:
    output: outputs/protT5_64_sigmoid.out
    jobid: 14
    reason: Missing output files: outputs/protT5_64_sigmoid.out
    wildcards: lm=protT5, dimension=64, activation=sigmoid
    threads: 4
    resources: mem_mb=100000, mem_mib=95368, disk_mb=1000, disk_mib=954, tmpdir=<TBD>, partition=vision, gpu=1, runtime=4320

Submitted job 14 with external jobid '2258720'.
Terminating processes on user request, this might take some time.
Complete log: .snakemake/log/2023-11-22T180710.364827.snakemake.log
