Building DAG of jobs...
Using shell: /usr/bin/bash
Provided cluster nodes: 12
Provided resources: msa_load=24, learnMSA_load=12
Job stats:
job                      count    min threads    max threads
---------------------  -------  -------------  -------------
all                          1              1              1
concat_results_scores        2              1              1
test_scoring_model          24              4              4
train_prior                 96              4              4
total                      123              1              4

Select jobs to execute...

[Sun Nov 26 11:09:16 2023]
rule test_scoring_model:
    input: train_scoring_model_outputs/esm2_128_sigmoid.out
    output: results/rows/esm2_128_sigmoid
    jobid: 33
    reason: Set of input files has changed since last execution
    wildcards: lm=esm2, dimension=128, activation=sigmoid
    threads: 4
    resources: mem_mb=100000, mem_mib=95368, disk_mb=1000, disk_mib=954, tmpdir=<TBD>, partition=vision, gpu=1, runtime=1440

Submitted job 33 with external jobid '2278238'.

[Sun Nov 26 11:09:24 2023]
rule train_prior:
    input: train_scoring_model_outputs/esm2_128_sigmoid.out
    output: train_prior_outputs/esm2_128_sigmoid_10.out
    jobid: 80
    reason: Missing output files: train_prior_outputs/esm2_128_sigmoid_10.out
    wildcards: lm=esm2, dimension=128, activation=sigmoid, num_components=10
    threads: 4
    resources: mem_mb=100000, mem_mib=95368, disk_mb=1000, disk_mib=954, tmpdir=<TBD>, partition=vision, gpu=1, runtime=2880

Submitted job 80 with external jobid '2278239'.

[Sun Nov 26 11:09:24 2023]
rule train_prior:
    input: train_scoring_model_outputs/esm2_128_sigmoid.out
    output: train_prior_outputs/esm2_128_sigmoid_100.out
    jobid: 82
    reason: Missing output files: train_prior_outputs/esm2_128_sigmoid_100.out
    wildcards: lm=esm2, dimension=128, activation=sigmoid, num_components=100
    threads: 4
    resources: mem_mb=100000, mem_mib=95368, disk_mb=1000, disk_mib=954, tmpdir=<TBD>, partition=vision, gpu=1, runtime=2880

Submitted job 82 with external jobid '2278240'.

[Sun Nov 26 11:09:24 2023]
rule train_prior:
    input: train_scoring_model_outputs/esm2_16_sigmoid.out
    output: train_prior_outputs/esm2_16_sigmoid_10.out
    jobid: 56
    reason: Missing output files: train_prior_outputs/esm2_16_sigmoid_10.out
    wildcards: lm=esm2, dimension=16, activation=sigmoid, num_components=10
    threads: 4
    resources: mem_mb=100000, mem_mib=95368, disk_mb=1000, disk_mib=954, tmpdir=<TBD>, partition=vision, gpu=1, runtime=2880

Submitted job 56 with external jobid '2278241'.

[Sun Nov 26 11:09:24 2023]
rule train_prior:
    input: train_scoring_model_outputs/esm2_16_sigmoid.out
    output: train_prior_outputs/esm2_16_sigmoid_100.out
    jobid: 58
    reason: Missing output files: train_prior_outputs/esm2_16_sigmoid_100.out
    wildcards: lm=esm2, dimension=16, activation=sigmoid, num_components=100
    threads: 4
    resources: mem_mb=100000, mem_mib=95368, disk_mb=1000, disk_mib=954, tmpdir=<TBD>, partition=vision, gpu=1, runtime=2880

Submitted job 58 with external jobid '2278242'.

[Sun Nov 26 11:09:24 2023]
rule train_prior:
    input: train_scoring_model_outputs/esm2_64_sigmoid.out
    output: train_prior_outputs/esm2_64_sigmoid_1.out
    jobid: 71
    reason: Missing output files: train_prior_outputs/esm2_64_sigmoid_1.out
    wildcards: lm=esm2, dimension=64, activation=sigmoid, num_components=1
    threads: 4
    resources: mem_mb=100000, mem_mib=95368, disk_mb=1000, disk_mib=954, tmpdir=<TBD>, partition=vision, gpu=1, runtime=2880

Submitted job 71 with external jobid '2278243'.

[Sun Nov 26 11:09:24 2023]
rule train_prior:
    input: train_scoring_model_outputs/esm2_128_sigmoid.out
    output: train_prior_outputs/esm2_128_sigmoid_1.out
    jobid: 79
    reason: Missing output files: train_prior_outputs/esm2_128_sigmoid_1.out
    wildcards: lm=esm2, dimension=128, activation=sigmoid, num_components=1
    threads: 4
    resources: mem_mb=100000, mem_mib=95368, disk_mb=1000, disk_mib=954, tmpdir=<TBD>, partition=vision, gpu=1, runtime=2880

Submitted job 79 with external jobid '2278244'.

[Sun Nov 26 11:09:24 2023]
rule train_prior:
    input: train_scoring_model_outputs/esm2_128_sigmoid.out
    output: train_prior_outputs/esm2_128_sigmoid_32.out
    jobid: 81
    reason: Missing output files: train_prior_outputs/esm2_128_sigmoid_32.out
    wildcards: lm=esm2, dimension=128, activation=sigmoid, num_components=32
    threads: 4
    resources: mem_mb=100000, mem_mib=95368, disk_mb=1000, disk_mib=954, tmpdir=<TBD>, partition=vision, gpu=1, runtime=2880

Submitted job 81 with external jobid '2278245'.

[Sun Nov 26 11:09:24 2023]
rule train_prior:
    input: train_scoring_model_outputs/esm2_16_sigmoid.out
    output: train_prior_outputs/esm2_16_sigmoid_1.out
    jobid: 55
    reason: Missing output files: train_prior_outputs/esm2_16_sigmoid_1.out
    wildcards: lm=esm2, dimension=16, activation=sigmoid, num_components=1
    threads: 4
    resources: mem_mb=100000, mem_mib=95368, disk_mb=1000, disk_mib=954, tmpdir=<TBD>, partition=vision, gpu=1, runtime=2880

Submitted job 55 with external jobid '2278246'.

[Sun Nov 26 11:09:24 2023]
rule train_prior:
    input: train_scoring_model_outputs/esm2_16_sigmoid.out
    output: train_prior_outputs/esm2_16_sigmoid_32.out
    jobid: 57
    reason: Missing output files: train_prior_outputs/esm2_16_sigmoid_32.out
    wildcards: lm=esm2, dimension=16, activation=sigmoid, num_components=32
    threads: 4
    resources: mem_mb=100000, mem_mib=95368, disk_mb=1000, disk_mib=954, tmpdir=<TBD>, partition=vision, gpu=1, runtime=2880

Submitted job 57 with external jobid '2278247'.

[Sun Nov 26 11:09:24 2023]
rule test_scoring_model:
    input: train_scoring_model_outputs/esm2_16_sigmoid.out
    output: results/rows/esm2_16_sigmoid
    jobid: 27
    reason: Set of input files has changed since last execution
    wildcards: lm=esm2, dimension=16, activation=sigmoid
    threads: 4
    resources: mem_mb=100000, mem_mib=95368, disk_mb=1000, disk_mib=954, tmpdir=<TBD>, partition=vision, gpu=1, runtime=1440

Submitted job 27 with external jobid '2278248'.

[Sun Nov 26 11:09:24 2023]
rule train_prior:
    input: train_scoring_model_outputs/esm2_64_sigmoid.out
    output: train_prior_outputs/esm2_64_sigmoid_10.out
    jobid: 72
    reason: Missing output files: train_prior_outputs/esm2_64_sigmoid_10.out
    wildcards: lm=esm2, dimension=64, activation=sigmoid, num_components=10
    threads: 4
    resources: mem_mb=100000, mem_mib=95368, disk_mb=1000, disk_mib=954, tmpdir=<TBD>, partition=vision, gpu=1, runtime=2880

Submitted job 72 with external jobid '2278249'.
[Sun Nov 26 11:15:23 2023]
Finished job 33.
1 of 123 steps (1%) done
Select jobs to execute...

[Sun Nov 26 11:15:23 2023]
rule train_prior:
    input: train_scoring_model_outputs/esm2_64_sigmoid.out
    output: train_prior_outputs/esm2_64_sigmoid_32.out
    jobid: 73
    reason: Missing output files: train_prior_outputs/esm2_64_sigmoid_32.out
    wildcards: lm=esm2, dimension=64, activation=sigmoid, num_components=32
    threads: 4
    resources: mem_mb=100000, mem_mib=95368, disk_mb=1000, disk_mib=954, tmpdir=<TBD>, partition=vision, gpu=1, runtime=2880

Submitted job 73 with external jobid '2278252'.
[Sun Nov 26 12:42:49 2023]
Finished job 27.
2 of 123 steps (2%) done
Select jobs to execute...

[Sun Nov 26 12:42:49 2023]
rule train_prior:
    input: train_scoring_model_outputs/esm2_64_sigmoid.out
    output: train_prior_outputs/esm2_64_sigmoid_100.out
    jobid: 74
    reason: Missing output files: train_prior_outputs/esm2_64_sigmoid_100.out
    wildcards: lm=esm2, dimension=64, activation=sigmoid, num_components=100
    threads: 4
    resources: mem_mb=100000, mem_mib=95368, disk_mb=1000, disk_mib=954, tmpdir=<TBD>, partition=vision, gpu=1, runtime=2880

Submitted job 74 with external jobid '2278286'.
[Sun Nov 26 15:28:50 2023]
Finished job 58.
3 of 123 steps (2%) done
Select jobs to execute...

[Sun Nov 26 15:28:50 2023]
rule test_scoring_model:
    input: train_scoring_model_outputs/esm2_64_sigmoid.out
    output: results/rows/esm2_64_sigmoid
    jobid: 31
    reason: Set of input files has changed since last execution
    wildcards: lm=esm2, dimension=64, activation=sigmoid
    threads: 4
    resources: mem_mb=100000, mem_mib=95368, disk_mb=1000, disk_mib=954, tmpdir=<TBD>, partition=vision, gpu=1, runtime=1440

Submitted job 31 with external jobid '2278377'.
[Sun Nov 26 15:29:32 2023]
Finished job 56.
4 of 123 steps (3%) done
Select jobs to execute...

[Sun Nov 26 15:29:32 2023]
rule train_prior:
    input: train_scoring_model_outputs/esm2_32_sigmoid.out
    output: train_prior_outputs/esm2_32_sigmoid_32.out
    jobid: 65
    reason: Missing output files: train_prior_outputs/esm2_32_sigmoid_32.out
    wildcards: lm=esm2, dimension=32, activation=sigmoid, num_components=32
    threads: 4
    resources: mem_mb=100000, mem_mib=95368, disk_mb=1000, disk_mib=954, tmpdir=<TBD>, partition=vision, gpu=1, runtime=2880

Submitted job 65 with external jobid '2278379'.
[Sun Nov 26 15:34:43 2023]
Finished job 31.
5 of 123 steps (4%) done
Select jobs to execute...

[Sun Nov 26 15:34:43 2023]
rule train_prior:
    input: train_scoring_model_outputs/esm2_32_sigmoid.out
    output: train_prior_outputs/esm2_32_sigmoid_100.out
    jobid: 66
    reason: Missing output files: train_prior_outputs/esm2_32_sigmoid_100.out
    wildcards: lm=esm2, dimension=32, activation=sigmoid, num_components=100
    threads: 4
    resources: mem_mb=100000, mem_mib=95368, disk_mb=1000, disk_mib=954, tmpdir=<TBD>, partition=vision, gpu=1, runtime=2880

Submitted job 66 with external jobid '2278380'.
[Sun Nov 26 15:38:38 2023]
Finished job 80.
6 of 123 steps (5%) done
Select jobs to execute...

[Sun Nov 26 15:38:38 2023]
rule test_scoring_model:
    input: train_scoring_model_outputs/esm2_32_sigmoid.out
    output: results/rows/esm2_32_sigmoid
    jobid: 29
    reason: Set of input files has changed since last execution
    wildcards: lm=esm2, dimension=32, activation=sigmoid
    threads: 4
    resources: mem_mb=100000, mem_mib=95368, disk_mb=1000, disk_mib=954, tmpdir=<TBD>, partition=vision, gpu=1, runtime=1440

Submitted job 29 with external jobid '2278383'.
[Sun Nov 26 15:53:17 2023]
Finished job 29.
7 of 123 steps (6%) done
Select jobs to execute...

[Sun Nov 26 15:53:17 2023]
rule train_prior:
    input: train_scoring_model_outputs/esm2_32_sigmoid.out
    output: train_prior_outputs/esm2_32_sigmoid_1.out
    jobid: 63
    reason: Missing output files: train_prior_outputs/esm2_32_sigmoid_1.out
    wildcards: lm=esm2, dimension=32, activation=sigmoid, num_components=1
    threads: 4
    resources: mem_mb=100000, mem_mib=95368, disk_mb=1000, disk_mib=954, tmpdir=<TBD>, partition=vision, gpu=1, runtime=2880

Submitted job 63 with external jobid '2278390'.
[Sun Nov 26 16:31:13 2023]
Finished job 82.
8 of 123 steps (7%) done
Select jobs to execute...

[Sun Nov 26 16:31:13 2023]
rule train_prior:
    input: train_scoring_model_outputs/esm2_32_sigmoid.out
    output: train_prior_outputs/esm2_32_sigmoid_10.out
    jobid: 64
    reason: Missing output files: train_prior_outputs/esm2_32_sigmoid_10.out
    wildcards: lm=esm2, dimension=32, activation=sigmoid, num_components=10
    threads: 4
    resources: mem_mb=100000, mem_mib=95368, disk_mb=1000, disk_mib=954, tmpdir=<TBD>, partition=vision, gpu=1, runtime=2880

Submitted job 64 with external jobid '2278410'.
[Sun Nov 26 16:39:42 2023]
Finished job 57.
9 of 123 steps (7%) done
Select jobs to execute...

[Sun Nov 26 16:39:42 2023]
rule test_scoring_model:
    input: train_scoring_model_outputs/protT5_64_sigmoid.out
    output: results/rows/protT5_64_sigmoid
    jobid: 39
    reason: Set of input files has changed since last execution
    wildcards: lm=protT5, dimension=64, activation=sigmoid
    threads: 4
    resources: mem_mb=100000, mem_mib=95368, disk_mb=1000, disk_mib=954, tmpdir=<TBD>, partition=vision, gpu=1, runtime=1440

Submitted job 39 with external jobid '2278608'.
[Sun Nov 26 16:41:46 2023]
Finished job 79.
10 of 123 steps (8%) done
Select jobs to execute...

[Sun Nov 26 16:41:46 2023]
rule train_prior:
    input: train_scoring_model_outputs/protT5_64_sigmoid.out
    output: train_prior_outputs/protT5_64_sigmoid_1.out
    jobid: 103
    reason: Missing output files: train_prior_outputs/protT5_64_sigmoid_1.out
    wildcards: lm=protT5, dimension=64, activation=sigmoid, num_components=1
    threads: 4
    resources: mem_mb=100000, mem_mib=95368, disk_mb=1000, disk_mib=954, tmpdir=<TBD>, partition=vision, gpu=1, runtime=2880

Submitted job 103 with external jobid '2278609'.
[Sun Nov 26 16:42:09 2023]
Finished job 55.
11 of 123 steps (9%) done
Select jobs to execute...

[Sun Nov 26 16:42:09 2023]
rule train_prior:
    input: train_scoring_model_outputs/protT5_64_sigmoid.out
    output: train_prior_outputs/protT5_64_sigmoid_10.out
    jobid: 104
    reason: Missing output files: train_prior_outputs/protT5_64_sigmoid_10.out
    wildcards: lm=protT5, dimension=64, activation=sigmoid, num_components=10
    threads: 4
    resources: mem_mb=100000, mem_mib=95368, disk_mb=1000, disk_mib=954, tmpdir=<TBD>, partition=vision, gpu=1, runtime=2880

Submitted job 104 with external jobid '2278610'.
[Sun Nov 26 16:42:43 2023]
Finished job 39.
12 of 123 steps (10%) done
Select jobs to execute...

[Sun Nov 26 16:42:43 2023]
rule train_prior:
    input: train_scoring_model_outputs/protT5_64_sigmoid.out
    output: train_prior_outputs/protT5_64_sigmoid_32.out
    jobid: 105
    reason: Missing output files: train_prior_outputs/protT5_64_sigmoid_32.out
    wildcards: lm=protT5, dimension=64, activation=sigmoid, num_components=32
    threads: 4
    resources: mem_mb=100000, mem_mib=95368, disk_mb=1000, disk_mib=954, tmpdir=<TBD>, partition=vision, gpu=1, runtime=2880

Submitted job 105 with external jobid '2278611'.
[Sun Nov 26 16:42:50 2023]
Finished job 71.
13 of 123 steps (11%) done
Select jobs to execute...

[Sun Nov 26 16:42:50 2023]
rule train_prior:
    input: train_scoring_model_outputs/protT5_64_sigmoid.out
    output: train_prior_outputs/protT5_64_sigmoid_100.out
    jobid: 106
    reason: Missing output files: train_prior_outputs/protT5_64_sigmoid_100.out
    wildcards: lm=protT5, dimension=64, activation=sigmoid, num_components=100
    threads: 4
    resources: mem_mb=100000, mem_mib=95368, disk_mb=1000, disk_mib=954, tmpdir=<TBD>, partition=vision, gpu=1, runtime=2880

Submitted job 106 with external jobid '2278612'.
[Sun Nov 26 16:43:35 2023]
Finished job 72.
14 of 123 steps (11%) done
Select jobs to execute...

[Sun Nov 26 16:43:35 2023]
rule test_scoring_model:
    input: train_scoring_model_outputs/protT5_128_sigmoid.out
    output: results/rows/protT5_128_sigmoid
    jobid: 41
    reason: Set of input files has changed since last execution
    wildcards: lm=protT5, dimension=128, activation=sigmoid
    threads: 4
    resources: mem_mb=100000, mem_mib=95368, disk_mb=1000, disk_mib=954, tmpdir=<TBD>, partition=vision, gpu=1, runtime=1440

Submitted job 41 with external jobid '2278613'.
[Sun Nov 26 16:45:41 2023]
Finished job 41.
15 of 123 steps (12%) done
Select jobs to execute...

[Sun Nov 26 16:45:41 2023]
rule train_prior:
    input: train_scoring_model_outputs/protT5_128_sigmoid.out
    output: train_prior_outputs/protT5_128_sigmoid_1.out
    jobid: 111
    reason: Missing output files: train_prior_outputs/protT5_128_sigmoid_1.out
    wildcards: lm=protT5, dimension=128, activation=sigmoid, num_components=1
    threads: 4
    resources: mem_mb=100000, mem_mib=95368, disk_mb=1000, disk_mib=954, tmpdir=<TBD>, partition=vision, gpu=1, runtime=2880

Submitted job 111 with external jobid '2278614'.
[Sun Nov 26 16:51:15 2023]
Finished job 73.
16 of 123 steps (13%) done
Select jobs to execute...

[Sun Nov 26 16:51:15 2023]
rule train_prior:
    input: train_scoring_model_outputs/protT5_128_sigmoid.out
    output: train_prior_outputs/protT5_128_sigmoid_10.out
    jobid: 112
    reason: Missing output files: train_prior_outputs/protT5_128_sigmoid_10.out
    wildcards: lm=protT5, dimension=128, activation=sigmoid, num_components=10
    threads: 4
    resources: mem_mb=100000, mem_mib=95368, disk_mb=1000, disk_mib=954, tmpdir=<TBD>, partition=vision, gpu=1, runtime=2880

Submitted job 112 with external jobid '2278616'.
[Sun Nov 26 17:05:59 2023]
Finished job 81.
17 of 123 steps (14%) done
Select jobs to execute...

[Sun Nov 26 17:05:59 2023]
rule train_prior:
    input: train_scoring_model_outputs/protT5_128_sigmoid.out
    output: train_prior_outputs/protT5_128_sigmoid_32.out
    jobid: 113
    reason: Missing output files: train_prior_outputs/protT5_128_sigmoid_32.out
    wildcards: lm=protT5, dimension=128, activation=sigmoid, num_components=32
    threads: 4
    resources: mem_mb=100000, mem_mib=95368, disk_mb=1000, disk_mib=954, tmpdir=<TBD>, partition=vision, gpu=1, runtime=2880

Submitted job 113 with external jobid '2278630'.
[Sun Nov 26 17:12:18 2023]
Finished job 74.
18 of 123 steps (15%) done
Select jobs to execute...

[Sun Nov 26 17:12:18 2023]
rule train_prior:
    input: train_scoring_model_outputs/protT5_128_sigmoid.out
    output: train_prior_outputs/protT5_128_sigmoid_100.out
    jobid: 114
    reason: Missing output files: train_prior_outputs/protT5_128_sigmoid_100.out
    wildcards: lm=protT5, dimension=128, activation=sigmoid, num_components=100
    threads: 4
    resources: mem_mb=100000, mem_mib=95368, disk_mb=1000, disk_mib=954, tmpdir=<TBD>, partition=vision, gpu=1, runtime=2880

Submitted job 114 with external jobid '2278631'.
[Sun Nov 26 18:57:22 2023]
Finished job 103.
19 of 123 steps (15%) done
Select jobs to execute...

[Sun Nov 26 18:57:22 2023]
rule test_scoring_model:
    input: train_scoring_model_outputs/protT5_16_sigmoid.out
    output: results/rows/protT5_16_sigmoid
    jobid: 35
    reason: Set of input files has changed since last execution
    wildcards: lm=protT5, dimension=16, activation=sigmoid
    threads: 4
    resources: mem_mb=100000, mem_mib=95368, disk_mb=1000, disk_mib=954, tmpdir=<TBD>, partition=vision, gpu=1, runtime=1440

Submitted job 35 with external jobid '2278682'.
[Sun Nov 26 18:59:54 2023]
Finished job 111.
20 of 123 steps (16%) done
Select jobs to execute...

[Sun Nov 26 18:59:54 2023]
rule train_prior:
    input: train_scoring_model_outputs/protT5_16_sigmoid.out
    output: train_prior_outputs/protT5_16_sigmoid_1.out
    jobid: 87
    reason: Missing output files: train_prior_outputs/protT5_16_sigmoid_1.out
    wildcards: lm=protT5, dimension=16, activation=sigmoid, num_components=1
    threads: 4
    resources: mem_mb=100000, mem_mib=95368, disk_mb=1000, disk_mib=954, tmpdir=<TBD>, partition=vision, gpu=1, runtime=2880

Submitted job 87 with external jobid '2278683'.
[Sun Nov 26 19:01:07 2023]
Finished job 35.
21 of 123 steps (17%) done
Select jobs to execute...

[Sun Nov 26 19:01:07 2023]
rule train_prior:
    input: train_scoring_model_outputs/protT5_16_sigmoid.out
    output: train_prior_outputs/protT5_16_sigmoid_10.out
    jobid: 88
    reason: Missing output files: train_prior_outputs/protT5_16_sigmoid_10.out
    wildcards: lm=protT5, dimension=16, activation=sigmoid, num_components=10
    threads: 4
    resources: mem_mb=100000, mem_mib=95368, disk_mb=1000, disk_mib=954, tmpdir=<TBD>, partition=vision, gpu=1, runtime=2880

Submitted job 88 with external jobid '2278685'.
[Sun Nov 26 19:06:08 2023]
Finished job 104.
22 of 123 steps (18%) done
Select jobs to execute...

[Sun Nov 26 19:06:08 2023]
rule train_prior:
    input: train_scoring_model_outputs/protT5_16_sigmoid.out
    output: train_prior_outputs/protT5_16_sigmoid_32.out
    jobid: 89
    reason: Missing output files: train_prior_outputs/protT5_16_sigmoid_32.out
    wildcards: lm=protT5, dimension=16, activation=sigmoid, num_components=32
    threads: 4
    resources: mem_mb=100000, mem_mib=95368, disk_mb=1000, disk_mib=954, tmpdir=<TBD>, partition=vision, gpu=1, runtime=2880

Submitted job 89 with external jobid '2278688'.
[Sun Nov 26 19:06:48 2023]
Finished job 105.
23 of 123 steps (19%) done
Select jobs to execute...

[Sun Nov 26 19:06:48 2023]
rule train_prior:
    input: train_scoring_model_outputs/protT5_16_sigmoid.out
    output: train_prior_outputs/protT5_16_sigmoid_100.out
    jobid: 90
    reason: Missing output files: train_prior_outputs/protT5_16_sigmoid_100.out
    wildcards: lm=protT5, dimension=16, activation=sigmoid, num_components=100
    threads: 4
    resources: mem_mb=100000, mem_mib=95368, disk_mb=1000, disk_mib=954, tmpdir=<TBD>, partition=vision, gpu=1, runtime=2880

Submitted job 90 with external jobid '2278689'.
[Sun Nov 26 19:12:04 2023]
Finished job 112.
24 of 123 steps (20%) done
Select jobs to execute...

[Sun Nov 26 19:12:04 2023]
rule train_prior:
    input: train_scoring_model_outputs/protT5_32_sigmoid.out
    output: train_prior_outputs/protT5_32_sigmoid_1.out
    jobid: 95
    reason: Missing output files: train_prior_outputs/protT5_32_sigmoid_1.out
    wildcards: lm=protT5, dimension=32, activation=sigmoid, num_components=1
    threads: 4
    resources: mem_mb=100000, mem_mib=95368, disk_mb=1000, disk_mib=954, tmpdir=<TBD>, partition=vision, gpu=1, runtime=2880

Submitted job 95 with external jobid '2278692'.
[Sun Nov 26 19:27:09 2023]
Finished job 106.
25 of 123 steps (20%) done
Select jobs to execute...

[Sun Nov 26 19:27:09 2023]
rule train_prior:
    input: train_scoring_model_outputs/protT5_32_sigmoid.out
    output: train_prior_outputs/protT5_32_sigmoid_10.out
    jobid: 96
    reason: Missing output files: train_prior_outputs/protT5_32_sigmoid_10.out
    wildcards: lm=protT5, dimension=32, activation=sigmoid, num_components=10
    threads: 4
    resources: mem_mb=100000, mem_mib=95368, disk_mb=1000, disk_mib=954, tmpdir=<TBD>, partition=vision, gpu=1, runtime=2880

Submitted job 96 with external jobid '2278703'.
[Sun Nov 26 19:32:06 2023]
Finished job 66.
26 of 123 steps (21%) done
Select jobs to execute...

[Sun Nov 26 19:32:06 2023]
rule train_prior:
    input: train_scoring_model_outputs/protT5_32_sigmoid.out
    output: train_prior_outputs/protT5_32_sigmoid_32.out
    jobid: 97
    reason: Missing output files: train_prior_outputs/protT5_32_sigmoid_32.out
    wildcards: lm=protT5, dimension=32, activation=sigmoid, num_components=32
    threads: 4
    resources: mem_mb=100000, mem_mib=95368, disk_mb=1000, disk_mib=954, tmpdir=<TBD>, partition=vision, gpu=1, runtime=2880

Submitted job 97 with external jobid '2278704'.
[Sun Nov 26 19:32:49 2023]
Finished job 65.
27 of 123 steps (22%) done
Select jobs to execute...

[Sun Nov 26 19:32:49 2023]
rule test_scoring_model:
    input: train_scoring_model_outputs/protT5_32_sigmoid.out
    output: results/rows/protT5_32_sigmoid
    jobid: 37
    reason: Set of input files has changed since last execution
    wildcards: lm=protT5, dimension=32, activation=sigmoid
    threads: 4
    resources: mem_mb=100000, mem_mib=95368, disk_mb=1000, disk_mib=954, tmpdir=<TBD>, partition=vision, gpu=1, runtime=1440

Submitted job 37 with external jobid '2278705'.
[Sun Nov 26 19:34:45 2023]
Finished job 37.
28 of 123 steps (23%) done
Select jobs to execute...

[Sun Nov 26 19:34:45 2023]
rule train_prior:
    input: train_scoring_model_outputs/protT5_32_sigmoid.out
    output: train_prior_outputs/protT5_32_sigmoid_100.out
    jobid: 98
    reason: Missing output files: train_prior_outputs/protT5_32_sigmoid_100.out
    wildcards: lm=protT5, dimension=32, activation=sigmoid, num_components=100
    threads: 4
    resources: mem_mb=100000, mem_mib=95368, disk_mb=1000, disk_mib=954, tmpdir=<TBD>, partition=vision, gpu=1, runtime=2880

Submitted job 98 with external jobid '2278706'.
[Sun Nov 26 19:48:54 2023]
Finished job 113.
29 of 123 steps (24%) done
Select jobs to execute...

[Sun Nov 26 19:48:54 2023]
rule train_prior:
    input: train_scoring_model_outputs/proteinBERT_64_sigmoid.out
    output: train_prior_outputs/proteinBERT_64_sigmoid_1.out
    jobid: 135
    reason: Missing output files: train_prior_outputs/proteinBERT_64_sigmoid_1.out
    wildcards: lm=proteinBERT, dimension=64, activation=sigmoid, num_components=1
    threads: 4
    resources: mem_mb=100000, mem_mib=95368, disk_mb=1000, disk_mib=954, tmpdir=<TBD>, partition=vision, gpu=1, runtime=2880

Submitted job 135 with external jobid '2278710'.
[Sun Nov 26 20:05:03 2023]
Finished job 63.
30 of 123 steps (24%) done
Select jobs to execute...

[Sun Nov 26 20:05:03 2023]
rule train_prior:
    input: train_scoring_model_outputs/proteinBERT_64_sigmoid.out
    output: train_prior_outputs/proteinBERT_64_sigmoid_10.out
    jobid: 136
    reason: Missing output files: train_prior_outputs/proteinBERT_64_sigmoid_10.out
    wildcards: lm=proteinBERT, dimension=64, activation=sigmoid, num_components=10
    threads: 4
    resources: mem_mb=100000, mem_mib=95368, disk_mb=1000, disk_mib=954, tmpdir=<TBD>, partition=vision, gpu=1, runtime=2880

Submitted job 136 with external jobid '2278717'.
[Sun Nov 26 20:13:19 2023]
Finished job 135.
31 of 123 steps (25%) done
Select jobs to execute...

[Sun Nov 26 20:13:19 2023]
rule test_scoring_model:
    input: train_scoring_model_outputs/proteinBERT_64_sigmoid.out
    output: results/rows/proteinBERT_64_sigmoid
    jobid: 47
    reason: Set of input files has changed since last execution
    wildcards: lm=proteinBERT, dimension=64, activation=sigmoid
    threads: 4
    resources: mem_mb=100000, mem_mib=95368, disk_mb=1000, disk_mib=954, tmpdir=<TBD>, partition=vision, gpu=1, runtime=1440

Submitted job 47 with external jobid '2278725'.
[Sun Nov 26 20:25:13 2023]
Finished job 47.
32 of 123 steps (26%) done
Select jobs to execute...

[Sun Nov 26 20:25:13 2023]
rule train_prior:
    input: train_scoring_model_outputs/proteinBERT_64_sigmoid.out
    output: train_prior_outputs/proteinBERT_64_sigmoid_32.out
    jobid: 137
    reason: Missing output files: train_prior_outputs/proteinBERT_64_sigmoid_32.out
    wildcards: lm=proteinBERT, dimension=64, activation=sigmoid, num_components=32
    threads: 4
    resources: mem_mb=100000, mem_mib=95368, disk_mb=1000, disk_mib=954, tmpdir=<TBD>, partition=vision, gpu=1, runtime=2880

Submitted job 137 with external jobid '2278729'.
[Sun Nov 26 20:31:11 2023]
Finished job 136.
33 of 123 steps (27%) done
Select jobs to execute...

[Sun Nov 26 20:31:11 2023]
rule train_prior:
    input: train_scoring_model_outputs/proteinBERT_64_sigmoid.out
    output: train_prior_outputs/proteinBERT_64_sigmoid_100.out
    jobid: 138
    reason: Missing output files: train_prior_outputs/proteinBERT_64_sigmoid_100.out
    wildcards: lm=proteinBERT, dimension=64, activation=sigmoid, num_components=100
    threads: 4
    resources: mem_mb=100000, mem_mib=95368, disk_mb=1000, disk_mib=954, tmpdir=<TBD>, partition=vision, gpu=1, runtime=2880

Submitted job 138 with external jobid '2278736'.
[Sun Nov 26 20:33:06 2023]
Finished job 64.
34 of 123 steps (28%) done
Select jobs to execute...

[Sun Nov 26 20:33:06 2023]
rule train_prior:
    input: train_scoring_model_outputs/proteinBERT_32_sigmoid.out
    output: train_prior_outputs/proteinBERT_32_sigmoid_1.out
    jobid: 127
    reason: Missing output files: train_prior_outputs/proteinBERT_32_sigmoid_1.out
    wildcards: lm=proteinBERT, dimension=32, activation=sigmoid, num_components=1
    threads: 4
    resources: mem_mb=100000, mem_mib=95368, disk_mb=1000, disk_mib=954, tmpdir=<TBD>, partition=vision, gpu=1, runtime=2880

Submitted job 127 with external jobid '2278739'.
[Sun Nov 26 20:39:14 2023]
Finished job 127.
35 of 123 steps (28%) done
Select jobs to execute...

[Sun Nov 26 20:39:14 2023]
rule test_scoring_model:
    input: train_scoring_model_outputs/proteinBERT_32_sigmoid.out
    output: results/rows/proteinBERT_32_sigmoid
    jobid: 45
    reason: Set of input files has changed since last execution
    wildcards: lm=proteinBERT, dimension=32, activation=sigmoid
    threads: 4
    resources: mem_mb=100000, mem_mib=95368, disk_mb=1000, disk_mib=954, tmpdir=<TBD>, partition=vision, gpu=1, runtime=1440

Submitted job 45 with external jobid '2278741'.
[Sun Nov 26 20:39:56 2023]
Finished job 45.
36 of 123 steps (29%) done
Select jobs to execute...

[Sun Nov 26 20:39:56 2023]
rule train_prior:
    input: train_scoring_model_outputs/proteinBERT_32_sigmoid.out
    output: train_prior_outputs/proteinBERT_32_sigmoid_10.out
    jobid: 128
    reason: Missing output files: train_prior_outputs/proteinBERT_32_sigmoid_10.out
    wildcards: lm=proteinBERT, dimension=32, activation=sigmoid, num_components=10
    threads: 4
    resources: mem_mb=100000, mem_mib=95368, disk_mb=1000, disk_mib=954, tmpdir=<TBD>, partition=vision, gpu=1, runtime=2880

Submitted job 128 with external jobid '2278742'.
[Sun Nov 26 20:40:48 2023]
Finished job 114.
37 of 123 steps (30%) done
Select jobs to execute...

[Sun Nov 26 20:40:48 2023]
rule train_prior:
    input: train_scoring_model_outputs/proteinBERT_32_sigmoid.out
    output: train_prior_outputs/proteinBERT_32_sigmoid_32.out
    jobid: 129
    reason: Missing output files: train_prior_outputs/proteinBERT_32_sigmoid_32.out
    wildcards: lm=proteinBERT, dimension=32, activation=sigmoid, num_components=32
    threads: 4
    resources: mem_mb=100000, mem_mib=95368, disk_mb=1000, disk_mib=954, tmpdir=<TBD>, partition=vision, gpu=1, runtime=2880

Submitted job 129 with external jobid '2278744'.
[Sun Nov 26 20:44:30 2023]
Finished job 128.
38 of 123 steps (31%) done
Select jobs to execute...

[Sun Nov 26 20:44:30 2023]
rule train_prior:
    input: train_scoring_model_outputs/proteinBERT_32_sigmoid.out
    output: train_prior_outputs/proteinBERT_32_sigmoid_100.out
    jobid: 130
    reason: Missing output files: train_prior_outputs/proteinBERT_32_sigmoid_100.out
    wildcards: lm=proteinBERT, dimension=32, activation=sigmoid, num_components=100
    threads: 4
    resources: mem_mb=100000, mem_mib=95368, disk_mb=1000, disk_mib=954, tmpdir=<TBD>, partition=vision, gpu=1, runtime=2880

Submitted job 130 with external jobid '2278747'.
[Sun Nov 26 20:49:24 2023]
Finished job 130.
39 of 123 steps (32%) done
Select jobs to execute...

[Sun Nov 26 20:49:24 2023]
rule test_scoring_model:
    input: train_scoring_model_outputs/proteinBERT_16_sigmoid.out
    output: results/rows/proteinBERT_16_sigmoid
    jobid: 43
    reason: Set of input files has changed since last execution
    wildcards: lm=proteinBERT, dimension=16, activation=sigmoid
    threads: 4
    resources: mem_mb=100000, mem_mib=95368, disk_mb=1000, disk_mib=954, tmpdir=<TBD>, partition=vision, gpu=1, runtime=1440

Submitted job 43 with external jobid '2278750'.
[Sun Nov 26 20:50:06 2023]
Finished job 43.
40 of 123 steps (33%) done
Select jobs to execute...

[Sun Nov 26 20:50:06 2023]
rule train_prior:
    input: train_scoring_model_outputs/proteinBERT_16_sigmoid.out
    output: train_prior_outputs/proteinBERT_16_sigmoid_1.out
    jobid: 119
    reason: Missing output files: train_prior_outputs/proteinBERT_16_sigmoid_1.out
    wildcards: lm=proteinBERT, dimension=16, activation=sigmoid, num_components=1
    threads: 4
    resources: mem_mb=100000, mem_mib=95368, disk_mb=1000, disk_mib=954, tmpdir=<TBD>, partition=vision, gpu=1, runtime=2880

Submitted job 119 with external jobid '2278751'.
[Sun Nov 26 20:54:21 2023]
Finished job 137.
41 of 123 steps (33%) done
Select jobs to execute...

[Sun Nov 26 20:54:21 2023]
rule train_prior:
    input: train_scoring_model_outputs/proteinBERT_16_sigmoid.out
    output: train_prior_outputs/proteinBERT_16_sigmoid_10.out
    jobid: 120
    reason: Missing output files: train_prior_outputs/proteinBERT_16_sigmoid_10.out
    wildcards: lm=proteinBERT, dimension=16, activation=sigmoid, num_components=10
    threads: 4
    resources: mem_mb=100000, mem_mib=95368, disk_mb=1000, disk_mib=954, tmpdir=<TBD>, partition=vision, gpu=1, runtime=2880

Submitted job 120 with external jobid '2278754'.
[Sun Nov 26 20:54:40 2023]
Finished job 119.
42 of 123 steps (34%) done
Select jobs to execute...

[Sun Nov 26 20:54:40 2023]
rule train_prior:
    input: train_scoring_model_outputs/proteinBERT_16_sigmoid.out
    output: train_prior_outputs/proteinBERT_16_sigmoid_32.out
    jobid: 121
    reason: Missing output files: train_prior_outputs/proteinBERT_16_sigmoid_32.out
    wildcards: lm=proteinBERT, dimension=16, activation=sigmoid, num_components=32
    threads: 4
    resources: mem_mb=100000, mem_mib=95368, disk_mb=1000, disk_mib=954, tmpdir=<TBD>, partition=vision, gpu=1, runtime=2880

Submitted job 121 with external jobid '2278755'.
[Sun Nov 26 20:56:47 2023]
Finished job 129.
43 of 123 steps (35%) done
Select jobs to execute...

[Sun Nov 26 20:56:47 2023]
rule train_prior:
    input: train_scoring_model_outputs/proteinBERT_16_sigmoid.out
    output: train_prior_outputs/proteinBERT_16_sigmoid_100.out
    jobid: 122
    reason: Missing output files: train_prior_outputs/proteinBERT_16_sigmoid_100.out
    wildcards: lm=proteinBERT, dimension=16, activation=sigmoid, num_components=100
    threads: 4
    resources: mem_mb=100000, mem_mib=95368, disk_mb=1000, disk_mib=954, tmpdir=<TBD>, partition=vision, gpu=1, runtime=2880

Submitted job 122 with external jobid '2278757'.
[Sun Nov 26 20:58:53 2023]
Finished job 120.
44 of 123 steps (36%) done
Select jobs to execute...

[Sun Nov 26 20:58:53 2023]
rule train_prior:
    input: train_scoring_model_outputs/proteinBERT_128_sigmoid.out
    output: train_prior_outputs/proteinBERT_128_sigmoid_1.out
    jobid: 143
    reason: Missing output files: train_prior_outputs/proteinBERT_128_sigmoid_1.out
    wildcards: lm=proteinBERT, dimension=128, activation=sigmoid, num_components=1
    threads: 4
    resources: mem_mb=100000, mem_mib=95368, disk_mb=1000, disk_mib=954, tmpdir=<TBD>, partition=vision, gpu=1, runtime=2880

Submitted job 143 with external jobid '2278758'.
[Sun Nov 26 21:04:07 2023]
Finished job 143.
45 of 123 steps (37%) done
Select jobs to execute...

[Sun Nov 26 21:04:07 2023]
rule train_prior:
    input: train_scoring_model_outputs/proteinBERT_128_sigmoid.out
    output: train_prior_outputs/proteinBERT_128_sigmoid_10.out
    jobid: 144
    reason: Missing output files: train_prior_outputs/proteinBERT_128_sigmoid_10.out
    wildcards: lm=proteinBERT, dimension=128, activation=sigmoid, num_components=10
    threads: 4
    resources: mem_mb=100000, mem_mib=95368, disk_mb=1000, disk_mib=954, tmpdir=<TBD>, partition=vision, gpu=1, runtime=2880

Submitted job 144 with external jobid '2278760'.
[Sun Nov 26 21:12:54 2023]
Finished job 122.
46 of 123 steps (37%) done
Select jobs to execute...

[Sun Nov 26 21:12:54 2023]
rule train_prior:
    input: train_scoring_model_outputs/proteinBERT_128_sigmoid.out
    output: train_prior_outputs/proteinBERT_128_sigmoid_32.out
    jobid: 145
    reason: Missing output files: train_prior_outputs/proteinBERT_128_sigmoid_32.out
    wildcards: lm=proteinBERT, dimension=128, activation=sigmoid, num_components=32
    threads: 4
    resources: mem_mb=100000, mem_mib=95368, disk_mb=1000, disk_mib=954, tmpdir=<TBD>, partition=vision, gpu=1, runtime=2880

Submitted job 145 with external jobid '2278764'.
[Sun Nov 26 21:12:54 2023]
Finished job 121.
47 of 123 steps (38%) done
Select jobs to execute...

[Sun Nov 26 21:12:54 2023]
rule train_prior:
    input: train_scoring_model_outputs/proteinBERT_128_sigmoid.out
    output: train_prior_outputs/proteinBERT_128_sigmoid_100.out
    jobid: 146
    reason: Missing output files: train_prior_outputs/proteinBERT_128_sigmoid_100.out
    wildcards: lm=proteinBERT, dimension=128, activation=sigmoid, num_components=100
    threads: 4
    resources: mem_mb=100000, mem_mib=95368, disk_mb=1000, disk_mib=954, tmpdir=<TBD>, partition=vision, gpu=1, runtime=2880

Submitted job 146 with external jobid '2278765'.
[Sun Nov 26 21:16:25 2023]
Finished job 144.
48 of 123 steps (39%) done
Select jobs to execute...

[Sun Nov 26 21:16:25 2023]
rule test_scoring_model:
    input: train_scoring_model_outputs/proteinBERT_128_sigmoid.out
    output: results/rows/proteinBERT_128_sigmoid
    jobid: 49
    reason: Set of input files has changed since last execution
    wildcards: lm=proteinBERT, dimension=128, activation=sigmoid
    threads: 4
    resources: mem_mb=100000, mem_mib=95368, disk_mb=1000, disk_mib=954, tmpdir=<TBD>, partition=vision, gpu=1, runtime=1440

Submitted job 49 with external jobid '2278767'.
[Sun Nov 26 21:17:05 2023]
Finished job 49.
49 of 123 steps (40%) done
Select jobs to execute...

[Sun Nov 26 21:17:05 2023]
rule train_prior:
    input: train_scoring_model_outputs/esm2_32_softmax.out
    output: train_prior_outputs/esm2_32_softmax_1.out
    jobid: 59
    reason: Missing output files: train_prior_outputs/esm2_32_softmax_1.out
    wildcards: lm=esm2, dimension=32, activation=softmax, num_components=1
    threads: 4
    resources: mem_mb=100000, mem_mib=95368, disk_mb=1000, disk_mib=954, tmpdir=<TBD>, partition=vision, gpu=1, runtime=2880

Submitted job 59 with external jobid '2278769'.
[Sun Nov 26 21:18:18 2023]
Finished job 88.
50 of 123 steps (41%) done
Select jobs to execute...

[Sun Nov 26 21:18:18 2023]
rule train_prior:
    input: train_scoring_model_outputs/esm2_32_softmax.out
    output: train_prior_outputs/esm2_32_softmax_10.out
    jobid: 60
    reason: Missing output files: train_prior_outputs/esm2_32_softmax_10.out
    wildcards: lm=esm2, dimension=32, activation=softmax, num_components=10
    threads: 4
    resources: mem_mb=100000, mem_mib=95368, disk_mb=1000, disk_mib=954, tmpdir=<TBD>, partition=vision, gpu=1, runtime=2880

Submitted job 60 with external jobid '2278771'.
[Sun Nov 26 21:18:19 2023]
Finished job 87.
51 of 123 steps (41%) done
Select jobs to execute...

[Sun Nov 26 21:18:19 2023]
rule train_prior:
    input: train_scoring_model_outputs/esm2_32_softmax.out
    output: train_prior_outputs/esm2_32_softmax_32.out
    jobid: 61
    reason: Missing output files: train_prior_outputs/esm2_32_softmax_32.out
    wildcards: lm=esm2, dimension=32, activation=softmax, num_components=32
    threads: 4
    resources: mem_mb=100000, mem_mib=95368, disk_mb=1000, disk_mib=954, tmpdir=<TBD>, partition=vision, gpu=1, runtime=2880

Submitted job 61 with external jobid '2278772'.
[Sun Nov 26 21:23:48 2023]
Finished job 138.
52 of 123 steps (42%) done
Select jobs to execute...

[Sun Nov 26 21:23:48 2023]
rule train_prior:
    input: train_scoring_model_outputs/esm2_32_softmax.out
    output: train_prior_outputs/esm2_32_softmax_100.out
    jobid: 62
    reason: Missing output files: train_prior_outputs/esm2_32_softmax_100.out
    wildcards: lm=esm2, dimension=32, activation=softmax, num_components=100
    threads: 4
    resources: mem_mb=100000, mem_mib=95368, disk_mb=1000, disk_mib=954, tmpdir=<TBD>, partition=vision, gpu=1, runtime=2880

Submitted job 62 with external jobid '2278778'.
[Sun Nov 26 21:25:17 2023]
Finished job 95.
53 of 123 steps (43%) done
Select jobs to execute...

[Sun Nov 26 21:25:17 2023]
rule test_scoring_model:
    input: train_scoring_model_outputs/esm2_32_softmax.out
    output: results/rows/esm2_32_softmax
    jobid: 4
    reason: Set of input files has changed since last execution
    wildcards: lm=esm2, dimension=32, activation=softmax
    threads: 4
    resources: mem_mb=100000, mem_mib=95368, disk_mb=1000, disk_mib=954, tmpdir=<TBD>, partition=vision, gpu=1, runtime=1440

Submitted job 4 with external jobid '2278779'.
[Sun Nov 26 21:26:00 2023]
Finished job 90.
54 of 123 steps (44%) done
Select jobs to execute...

[Sun Nov 26 21:26:00 2023]
rule train_prior:
    input: train_scoring_model_outputs/esm2_16_softmax.out
    output: train_prior_outputs/esm2_16_softmax_1.out
    jobid: 51
    reason: Missing output files: train_prior_outputs/esm2_16_softmax_1.out
    wildcards: lm=esm2, dimension=16, activation=softmax, num_components=1
    threads: 4
    resources: mem_mb=100000, mem_mib=95368, disk_mb=1000, disk_mib=954, tmpdir=<TBD>, partition=vision, gpu=1, runtime=2880

Submitted job 51 with external jobid '2278780'.
[Sun Nov 26 21:29:01 2023]
Finished job 4.
55 of 123 steps (45%) done
Select jobs to execute...

[Sun Nov 26 21:29:01 2023]
rule train_prior:
    input: train_scoring_model_outputs/esm2_16_softmax.out
    output: train_prior_outputs/esm2_16_softmax_10.out
    jobid: 52
    reason: Missing output files: train_prior_outputs/esm2_16_softmax_10.out
    wildcards: lm=esm2, dimension=16, activation=softmax, num_components=10
    threads: 4
    resources: mem_mb=100000, mem_mib=95368, disk_mb=1000, disk_mib=954, tmpdir=<TBD>, partition=vision, gpu=1, runtime=2880

Submitted job 52 with external jobid '2278782'.
[Sun Nov 26 21:30:34 2023]
Finished job 89.
56 of 123 steps (46%) done
Select jobs to execute...

[Sun Nov 26 21:30:34 2023]
rule train_prior:
    input: train_scoring_model_outputs/esm2_16_softmax.out
    output: train_prior_outputs/esm2_16_softmax_32.out
    jobid: 53
    reason: Missing output files: train_prior_outputs/esm2_16_softmax_32.out
    wildcards: lm=esm2, dimension=16, activation=softmax, num_components=32
    threads: 4
    resources: mem_mb=100000, mem_mib=95368, disk_mb=1000, disk_mib=954, tmpdir=<TBD>, partition=vision, gpu=1, runtime=2880

Submitted job 53 with external jobid '2278783'.
[Sun Nov 26 21:45:58 2023]
Finished job 97.
57 of 123 steps (46%) done
Select jobs to execute...

[Sun Nov 26 21:45:58 2023]
rule train_prior:
    input: train_scoring_model_outputs/esm2_16_softmax.out
    output: train_prior_outputs/esm2_16_softmax_100.out
    jobid: 54
    reason: Missing output files: train_prior_outputs/esm2_16_softmax_100.out
    wildcards: lm=esm2, dimension=16, activation=softmax, num_components=100
    threads: 4
    resources: mem_mb=100000, mem_mib=95368, disk_mb=1000, disk_mib=954, tmpdir=<TBD>, partition=vision, gpu=1, runtime=2880

Submitted job 54 with external jobid '2278792'.
[Sun Nov 26 21:48:04 2023]
Finished job 98.
58 of 123 steps (47%) done
Select jobs to execute...

[Sun Nov 26 21:48:04 2023]
rule test_scoring_model:
    input: train_scoring_model_outputs/esm2_16_softmax.out
    output: results/rows/esm2_16_softmax
    jobid: 2
    reason: Set of input files has changed since last execution
    wildcards: lm=esm2, dimension=16, activation=softmax
    threads: 4
    resources: mem_mb=100000, mem_mib=95368, disk_mb=1000, disk_mib=954, tmpdir=<TBD>, partition=vision, gpu=1, runtime=1440

Submitted job 2 with external jobid '2278793'.
[Sun Nov 26 21:51:05 2023]
Finished job 2.
59 of 123 steps (48%) done
Select jobs to execute...

[Sun Nov 26 21:51:05 2023]
rule train_prior:
    input: train_scoring_model_outputs/esm2_128_softmax.out
    output: train_prior_outputs/esm2_128_softmax_1.out
    jobid: 75
    reason: Missing output files: train_prior_outputs/esm2_128_softmax_1.out
    wildcards: lm=esm2, dimension=128, activation=softmax, num_components=1
    threads: 4
    resources: mem_mb=100000, mem_mib=95368, disk_mb=1000, disk_mib=954, tmpdir=<TBD>, partition=vision, gpu=1, runtime=2880

Submitted job 75 with external jobid '2278797'.
[Sun Nov 26 21:54:43 2023]
Finished job 145.
60 of 123 steps (49%) done
Select jobs to execute...

[Sun Nov 26 21:54:43 2023]
rule test_scoring_model:
    input: train_scoring_model_outputs/esm2_128_softmax.out
    output: results/rows/esm2_128_softmax
    jobid: 8
    reason: Set of input files has changed since last execution
    wildcards: lm=esm2, dimension=128, activation=softmax
    threads: 4
    resources: mem_mb=100000, mem_mib=95368, disk_mb=1000, disk_mib=954, tmpdir=<TBD>, partition=vision, gpu=1, runtime=1440

Submitted job 8 with external jobid '2278799'.
[Sun Nov 26 21:55:27 2023]
Finished job 96.
61 of 123 steps (50%) done
Select jobs to execute...

[Sun Nov 26 21:55:27 2023]
rule train_prior:
    input: train_scoring_model_outputs/esm2_128_softmax.out
    output: train_prior_outputs/esm2_128_softmax_10.out
    jobid: 76
    reason: Missing output files: train_prior_outputs/esm2_128_softmax_10.out
    wildcards: lm=esm2, dimension=128, activation=softmax, num_components=10
    threads: 4
    resources: mem_mb=100000, mem_mib=95368, disk_mb=1000, disk_mib=954, tmpdir=<TBD>, partition=vision, gpu=1, runtime=2880

Submitted job 76 with external jobid '2278801'.
[Sun Nov 26 22:06:51 2023]
Finished job 8.
62 of 123 steps (50%) done
Select jobs to execute...

[Sun Nov 26 22:06:51 2023]
rule train_prior:
    input: train_scoring_model_outputs/esm2_128_softmax.out
    output: train_prior_outputs/esm2_128_softmax_32.out
    jobid: 77
    reason: Missing output files: train_prior_outputs/esm2_128_softmax_32.out
    wildcards: lm=esm2, dimension=128, activation=softmax, num_components=32
    threads: 4
    resources: mem_mb=100000, mem_mib=95368, disk_mb=1000, disk_mib=954, tmpdir=<TBD>, partition=vision, gpu=1, runtime=2880

Submitted job 77 with external jobid '2278808'.
[Sun Nov 26 22:42:24 2023]
Finished job 146.
63 of 123 steps (51%) done
Select jobs to execute...

[Sun Nov 26 22:42:24 2023]
rule train_prior:
    input: train_scoring_model_outputs/esm2_128_softmax.out
    output: train_prior_outputs/esm2_128_softmax_100.out
    jobid: 78
    reason: Missing output files: train_prior_outputs/esm2_128_softmax_100.out
    wildcards: lm=esm2, dimension=128, activation=softmax, num_components=100
    threads: 4
    resources: mem_mb=100000, mem_mib=95368, disk_mb=1000, disk_mib=954, tmpdir=<TBD>, partition=vision, gpu=1, runtime=2880

Submitted job 78 with external jobid '2278820'.
[Mon Nov 27 01:13:25 2023]
Finished job 60.
64 of 123 steps (52%) done
Select jobs to execute...

[Mon Nov 27 01:13:25 2023]
rule test_scoring_model:
    input: train_scoring_model_outputs/esm2_64_softmax.out
    output: results/rows/esm2_64_softmax
    jobid: 6
    reason: Set of input files has changed since last execution
    wildcards: lm=esm2, dimension=64, activation=softmax
    threads: 4
    resources: mem_mb=100000, mem_mib=95368, disk_mb=1000, disk_mib=954, tmpdir=<TBD>, partition=vision, gpu=1, runtime=1440

Submitted job 6 with external jobid '2278875'.
[Mon Nov 27 01:13:47 2023]
Finished job 59.
65 of 123 steps (53%) done
Select jobs to execute...

[Mon Nov 27 01:13:47 2023]
rule train_prior:
    input: train_scoring_model_outputs/esm2_64_softmax.out
    output: train_prior_outputs/esm2_64_softmax_1.out
    jobid: 67
    reason: Missing output files: train_prior_outputs/esm2_64_softmax_1.out
    wildcards: lm=esm2, dimension=64, activation=softmax, num_components=1
    threads: 4
    resources: mem_mb=100000, mem_mib=95368, disk_mb=1000, disk_mib=954, tmpdir=<TBD>, partition=vision, gpu=1, runtime=2880

Submitted job 67 with external jobid '2278876'.
[Mon Nov 27 01:13:48 2023]
Finished job 61.
66 of 123 steps (54%) done
Select jobs to execute...

[Mon Nov 27 01:13:48 2023]
rule train_prior:
    input: train_scoring_model_outputs/esm2_64_softmax.out
    output: train_prior_outputs/esm2_64_softmax_10.out
    jobid: 68
    reason: Missing output files: train_prior_outputs/esm2_64_softmax_10.out
    wildcards: lm=esm2, dimension=64, activation=softmax, num_components=10
    threads: 4
    resources: mem_mb=100000, mem_mib=95368, disk_mb=1000, disk_mib=954, tmpdir=<TBD>, partition=vision, gpu=1, runtime=2880

Submitted job 68 with external jobid '2278877'.
[Mon Nov 27 01:16:48 2023]
Finished job 6.
67 of 123 steps (54%) done
Select jobs to execute...

[Mon Nov 27 01:16:48 2023]
rule train_prior:
    input: train_scoring_model_outputs/esm2_64_softmax.out
    output: train_prior_outputs/esm2_64_softmax_32.out
    jobid: 69
    reason: Missing output files: train_prior_outputs/esm2_64_softmax_32.out
    wildcards: lm=esm2, dimension=64, activation=softmax, num_components=32
    threads: 4
    resources: mem_mb=100000, mem_mib=95368, disk_mb=1000, disk_mib=954, tmpdir=<TBD>, partition=vision, gpu=1, runtime=2880

Submitted job 69 with external jobid '2278880'.
[Mon Nov 27 01:23:35 2023]
Finished job 52.
68 of 123 steps (55%) done
Select jobs to execute...

[Mon Nov 27 01:23:35 2023]
rule train_prior:
    input: train_scoring_model_outputs/esm2_64_softmax.out
    output: train_prior_outputs/esm2_64_softmax_100.out
    jobid: 70
    reason: Missing output files: train_prior_outputs/esm2_64_softmax_100.out
    wildcards: lm=esm2, dimension=64, activation=softmax, num_components=100
    threads: 4
    resources: mem_mb=100000, mem_mib=95368, disk_mb=1000, disk_mib=954, tmpdir=<TBD>, partition=vision, gpu=1, runtime=2880

Submitted job 70 with external jobid '2278884'.
[Mon Nov 27 01:23:56 2023]
Finished job 51.
69 of 123 steps (56%) done
Select jobs to execute...

[Mon Nov 27 01:23:56 2023]
rule train_prior:
    input: train_scoring_model_outputs/protT5_128_softmax.out
    output: train_prior_outputs/protT5_128_softmax_100.out
    jobid: 110
    reason: Missing output files: train_prior_outputs/protT5_128_softmax_100.out
    wildcards: lm=protT5, dimension=128, activation=softmax, num_components=100
    threads: 4
    resources: mem_mb=100000, mem_mib=95368, disk_mb=1000, disk_mib=954, tmpdir=<TBD>, partition=vision, gpu=1, runtime=2880

Submitted job 110 with external jobid '2278885'.
[Mon Nov 27 01:30:58 2023]
Finished job 62.
70 of 123 steps (57%) done
Select jobs to execute...

[Mon Nov 27 01:30:58 2023]
rule test_scoring_model:
    input: train_scoring_model_outputs/protT5_128_softmax.out
    output: results/rows/protT5_128_softmax
    jobid: 16
    reason: Set of input files has changed since last execution
    wildcards: lm=protT5, dimension=128, activation=softmax
    threads: 4
    resources: mem_mb=100000, mem_mib=95368, disk_mb=1000, disk_mib=954, tmpdir=<TBD>, partition=vision, gpu=1, runtime=1440

Submitted job 16 with external jobid '2278886'.
[Mon Nov 27 01:38:40 2023]
Finished job 53.
71 of 123 steps (58%) done
Select jobs to execute...

[Mon Nov 27 01:38:40 2023]
rule train_prior:
    input: train_scoring_model_outputs/protT5_128_softmax.out
    output: train_prior_outputs/protT5_128_softmax_1.out
    jobid: 107
    reason: Missing output files: train_prior_outputs/protT5_128_softmax_1.out
    wildcards: lm=protT5, dimension=128, activation=softmax, num_components=1
    threads: 4
    resources: mem_mb=100000, mem_mib=95368, disk_mb=1000, disk_mib=954, tmpdir=<TBD>, partition=vision, gpu=1, runtime=2880

Submitted job 107 with external jobid '2278894'.
[Mon Nov 27 01:40:25 2023]
Finished job 54.
72 of 123 steps (59%) done
Select jobs to execute...

[Mon Nov 27 01:40:25 2023]
rule train_prior:
    input: train_scoring_model_outputs/protT5_128_softmax.out
    output: train_prior_outputs/protT5_128_softmax_10.out
    jobid: 108
    reason: Missing output files: train_prior_outputs/protT5_128_softmax_10.out
    wildcards: lm=protT5, dimension=128, activation=softmax, num_components=10
    threads: 4
    resources: mem_mb=100000, mem_mib=95368, disk_mb=1000, disk_mib=954, tmpdir=<TBD>, partition=vision, gpu=1, runtime=2880

Submitted job 108 with external jobid '2278896'.
[Mon Nov 27 01:43:05 2023]
Finished job 16.
73 of 123 steps (59%) done
Select jobs to execute...

[Mon Nov 27 01:43:05 2023]
rule train_prior:
    input: train_scoring_model_outputs/protT5_128_softmax.out
    output: train_prior_outputs/protT5_128_softmax_32.out
    jobid: 109
    reason: Missing output files: train_prior_outputs/protT5_128_softmax_32.out
    wildcards: lm=protT5, dimension=128, activation=softmax, num_components=32
    threads: 4
    resources: mem_mb=100000, mem_mib=95368, disk_mb=1000, disk_mib=954, tmpdir=<TBD>, partition=vision, gpu=1, runtime=2880

Submitted job 109 with external jobid '2278899'.
[Mon Nov 27 01:47:05 2023]
Finished job 75.
74 of 123 steps (60%) done
Select jobs to execute...

[Mon Nov 27 01:47:05 2023]
rule test_scoring_model:
    input: train_scoring_model_outputs/protT5_64_softmax.out
    output: results/rows/protT5_64_softmax
    jobid: 14
    reason: Set of input files has changed since last execution
    wildcards: lm=protT5, dimension=64, activation=softmax
    threads: 4
    resources: mem_mb=100000, mem_mib=95368, disk_mb=1000, disk_mib=954, tmpdir=<TBD>, partition=vision, gpu=1, runtime=1440

Submitted job 14 with external jobid '2278901'.
[Mon Nov 27 01:49:22 2023]
Finished job 14.
75 of 123 steps (61%) done
Select jobs to execute...

[Mon Nov 27 01:49:22 2023]
rule train_prior:
    input: train_scoring_model_outputs/protT5_64_softmax.out
    output: train_prior_outputs/protT5_64_softmax_1.out
    jobid: 99
    reason: Missing output files: train_prior_outputs/protT5_64_softmax_1.out
    wildcards: lm=protT5, dimension=64, activation=softmax, num_components=1
    threads: 4
    resources: mem_mb=100000, mem_mib=95368, disk_mb=1000, disk_mib=954, tmpdir=<TBD>, partition=vision, gpu=1, runtime=2880

Submitted job 99 with external jobid '2278902'.
[Mon Nov 27 02:06:00 2023]
Finished job 76.
76 of 123 steps (62%) done
Select jobs to execute...

[Mon Nov 27 02:06:00 2023]
rule train_prior:
    input: train_scoring_model_outputs/protT5_64_softmax.out
    output: train_prior_outputs/protT5_64_softmax_10.out
    jobid: 100
    reason: Missing output files: train_prior_outputs/protT5_64_softmax_10.out
    wildcards: lm=protT5, dimension=64, activation=softmax, num_components=10
    threads: 4
    resources: mem_mb=100000, mem_mib=95368, disk_mb=1000, disk_mib=954, tmpdir=<TBD>, partition=vision, gpu=1, runtime=2880

Submitted job 100 with external jobid '2278914'.
[Mon Nov 27 02:36:29 2023]
Finished job 77.
77 of 123 steps (63%) done
Select jobs to execute...

[Mon Nov 27 02:36:29 2023]
rule train_prior:
    input: train_scoring_model_outputs/protT5_64_softmax.out
    output: train_prior_outputs/protT5_64_softmax_32.out
    jobid: 101
    reason: Missing output files: train_prior_outputs/protT5_64_softmax_32.out
    wildcards: lm=protT5, dimension=64, activation=softmax, num_components=32
    threads: 4
    resources: mem_mb=100000, mem_mib=95368, disk_mb=1000, disk_mib=954, tmpdir=<TBD>, partition=vision, gpu=1, runtime=2880

Submitted job 101 with external jobid '2278926'.
[Mon Nov 27 03:59:12 2023]
Finished job 78.
78 of 123 steps (63%) done
Select jobs to execute...

[Mon Nov 27 03:59:12 2023]
rule train_prior:
    input: train_scoring_model_outputs/protT5_64_softmax.out
    output: train_prior_outputs/protT5_64_softmax_100.out
    jobid: 102
    reason: Missing output files: train_prior_outputs/protT5_64_softmax_100.out
    wildcards: lm=protT5, dimension=64, activation=softmax, num_components=100
    threads: 4
    resources: mem_mb=100000, mem_mib=95368, disk_mb=1000, disk_mib=954, tmpdir=<TBD>, partition=vision, gpu=1, runtime=2880

Submitted job 102 with external jobid '2279150'.
[Mon Nov 27 04:00:31 2023]
Finished job 108.
79 of 123 steps (64%) done
Select jobs to execute...

[Mon Nov 27 04:00:31 2023]
rule test_scoring_model:
    input: train_scoring_model_outputs/protT5_32_softmax.out
    output: results/rows/protT5_32_softmax
    jobid: 12
    reason: Set of input files has changed since last execution
    wildcards: lm=protT5, dimension=32, activation=softmax
    threads: 4
    resources: mem_mb=100000, mem_mib=95368, disk_mb=1000, disk_mib=954, tmpdir=<TBD>, partition=vision, gpu=1, runtime=1440

Submitted job 12 with external jobid '2279151'.
[Mon Nov 27 04:01:33 2023]
Finished job 99.
80 of 123 steps (65%) done
Select jobs to execute...

[Mon Nov 27 04:01:33 2023]
rule train_prior:
    input: train_scoring_model_outputs/protT5_32_softmax.out
    output: train_prior_outputs/protT5_32_softmax_1.out
    jobid: 91
    reason: Missing output files: train_prior_outputs/protT5_32_softmax_1.out
    wildcards: lm=protT5, dimension=32, activation=softmax, num_components=1
    threads: 4
    resources: mem_mb=100000, mem_mib=95368, disk_mb=1000, disk_mib=954, tmpdir=<TBD>, partition=vision, gpu=1, runtime=2880

Submitted job 91 with external jobid '2279152'.
[Mon Nov 27 04:03:15 2023]
Finished job 12.
81 of 123 steps (66%) done
Select jobs to execute...

[Mon Nov 27 04:03:15 2023]
rule train_prior:
    input: train_scoring_model_outputs/protT5_32_softmax.out
    output: train_prior_outputs/protT5_32_softmax_10.out
    jobid: 92
    reason: Missing output files: train_prior_outputs/protT5_32_softmax_10.out
    wildcards: lm=protT5, dimension=32, activation=softmax, num_components=10
    threads: 4
    resources: mem_mb=100000, mem_mib=95368, disk_mb=1000, disk_mib=954, tmpdir=<TBD>, partition=vision, gpu=1, runtime=2880

Submitted job 92 with external jobid '2279153'.
[Mon Nov 27 04:05:05 2023]
Finished job 107.
82 of 123 steps (67%) done
Select jobs to execute...

[Mon Nov 27 04:05:05 2023]
rule train_prior:
    input: train_scoring_model_outputs/protT5_32_softmax.out
    output: train_prior_outputs/protT5_32_softmax_32.out
    jobid: 93
    reason: Missing output files: train_prior_outputs/protT5_32_softmax_32.out
    wildcards: lm=protT5, dimension=32, activation=softmax, num_components=32
    threads: 4
    resources: mem_mb=100000, mem_mib=95368, disk_mb=1000, disk_mib=954, tmpdir=<TBD>, partition=vision, gpu=1, runtime=2880

Submitted job 93 with external jobid '2279154'.
[Mon Nov 27 04:31:43 2023]
Finished job 109.
83 of 123 steps (67%) done
Select jobs to execute...

[Mon Nov 27 04:31:43 2023]
rule train_prior:
    input: train_scoring_model_outputs/protT5_32_softmax.out
    output: train_prior_outputs/protT5_32_softmax_100.out
    jobid: 94
    reason: Missing output files: train_prior_outputs/protT5_32_softmax_100.out
    wildcards: lm=protT5, dimension=32, activation=softmax, num_components=100
    threads: 4
    resources: mem_mb=100000, mem_mib=95368, disk_mb=1000, disk_mib=954, tmpdir=<TBD>, partition=vision, gpu=1, runtime=2880

Submitted job 94 with external jobid '2279158'.
[Mon Nov 27 04:32:04 2023]
Finished job 100.
84 of 123 steps (68%) done
Select jobs to execute...

[Mon Nov 27 04:32:04 2023]
rule train_prior:
    input: train_scoring_model_outputs/protT5_16_softmax.out
    output: train_prior_outputs/protT5_16_softmax_1.out
    jobid: 83
    reason: Missing output files: train_prior_outputs/protT5_16_softmax_1.out
    wildcards: lm=protT5, dimension=16, activation=softmax, num_components=1
    threads: 4
    resources: mem_mb=100000, mem_mib=95368, disk_mb=1000, disk_mib=954, tmpdir=<TBD>, partition=vision, gpu=1, runtime=2880

Submitted job 83 with external jobid '2279159'.
[Mon Nov 27 04:49:15 2023]
Finished job 110.
85 of 123 steps (69%) done
Select jobs to execute...

[Mon Nov 27 04:49:15 2023]
rule train_prior:
    input: train_scoring_model_outputs/protT5_16_softmax.out
    output: train_prior_outputs/protT5_16_softmax_10.out
    jobid: 84
    reason: Missing output files: train_prior_outputs/protT5_16_softmax_10.out
    wildcards: lm=protT5, dimension=16, activation=softmax, num_components=10
    threads: 4
    resources: mem_mb=100000, mem_mib=95368, disk_mb=1000, disk_mib=954, tmpdir=<TBD>, partition=vision, gpu=1, runtime=2880

Submitted job 84 with external jobid '2279162'.
[Mon Nov 27 05:09:56 2023]
Finished job 101.
86 of 123 steps (70%) done
Select jobs to execute...

[Mon Nov 27 05:09:56 2023]
rule train_prior:
    input: train_scoring_model_outputs/protT5_16_softmax.out
    output: train_prior_outputs/protT5_16_softmax_32.out
    jobid: 85
    reason: Missing output files: train_prior_outputs/protT5_16_softmax_32.out
    wildcards: lm=protT5, dimension=16, activation=softmax, num_components=32
    threads: 4
    resources: mem_mb=100000, mem_mib=95368, disk_mb=1000, disk_mib=954, tmpdir=<TBD>, partition=vision, gpu=1, runtime=2880

Submitted job 85 with external jobid '2279163'.
[Mon Nov 27 05:10:20 2023]
Finished job 67.
87 of 123 steps (71%) done
Select jobs to execute...

[Mon Nov 27 05:10:20 2023]
rule test_scoring_model:
    input: train_scoring_model_outputs/protT5_16_softmax.out
    output: results/rows/protT5_16_softmax
    jobid: 10
    reason: Set of input files has changed since last execution
    wildcards: lm=protT5, dimension=16, activation=softmax
    threads: 4
    resources: mem_mb=100000, mem_mib=95368, disk_mb=1000, disk_mib=954, tmpdir=<TBD>, partition=vision, gpu=1, runtime=1440

Submitted job 10 with external jobid '2279164'.
[Mon Nov 27 05:12:17 2023]
Finished job 10.
88 of 123 steps (72%) done
Select jobs to execute...

[Mon Nov 27 05:12:17 2023]
rule train_prior:
    input: train_scoring_model_outputs/protT5_16_softmax.out
    output: train_prior_outputs/protT5_16_softmax_100.out
    jobid: 86
    reason: Missing output files: train_prior_outputs/protT5_16_softmax_100.out
    wildcards: lm=protT5, dimension=16, activation=softmax, num_components=100
    threads: 4
    resources: mem_mb=100000, mem_mib=95368, disk_mb=1000, disk_mib=954, tmpdir=<TBD>, partition=vision, gpu=1, runtime=2880

Submitted job 86 with external jobid '2279166'.
[Mon Nov 27 05:12:27 2023]
Finished job 68.
89 of 123 steps (72%) done
Select jobs to execute...

[Mon Nov 27 05:12:27 2023]
rule test_scoring_model:
    input: train_scoring_model_outputs/proteinBERT_32_softmax.out
    output: results/rows/proteinBERT_32_softmax
    jobid: 20
    reason: Set of input files has changed since last execution
    wildcards: lm=proteinBERT, dimension=32, activation=softmax
    threads: 4
    resources: mem_mb=100000, mem_mib=95368, disk_mb=1000, disk_mib=954, tmpdir=<TBD>, partition=vision, gpu=1, runtime=1440

Submitted job 20 with external jobid '2279167'.
[Mon Nov 27 05:13:10 2023]
Finished job 20.
90 of 123 steps (73%) done
Select jobs to execute...

[Mon Nov 27 05:13:10 2023]
rule train_prior:
    input: train_scoring_model_outputs/proteinBERT_32_softmax.out
    output: train_prior_outputs/proteinBERT_32_softmax_32.out
    jobid: 125
    reason: Missing output files: train_prior_outputs/proteinBERT_32_softmax_32.out
    wildcards: lm=proteinBERT, dimension=32, activation=softmax, num_components=32
    threads: 4
    resources: mem_mb=100000, mem_mib=95368, disk_mb=1000, disk_mib=954, tmpdir=<TBD>, partition=vision, gpu=1, runtime=2880

Submitted job 125 with external jobid '2279168'.
[Mon Nov 27 05:17:22 2023]
Finished job 125.
91 of 123 steps (74%) done
Select jobs to execute...

[Mon Nov 27 05:17:22 2023]
rule train_prior:
    input: train_scoring_model_outputs/proteinBERT_32_softmax.out
    output: train_prior_outputs/proteinBERT_32_softmax_100.out
    jobid: 126
    reason: Missing output files: train_prior_outputs/proteinBERT_32_softmax_100.out
    wildcards: lm=proteinBERT, dimension=32, activation=softmax, num_components=100
    threads: 4
    resources: mem_mb=100000, mem_mib=95368, disk_mb=1000, disk_mib=954, tmpdir=<TBD>, partition=vision, gpu=1, runtime=2880

Submitted job 126 with external jobid '2279169'.
[Mon Nov 27 05:20:51 2023]
Finished job 69.
92 of 123 steps (75%) done
Select jobs to execute...

[Mon Nov 27 05:20:51 2023]
rule train_prior:
    input: train_scoring_model_outputs/proteinBERT_32_softmax.out
    output: train_prior_outputs/proteinBERT_32_softmax_10.out
    jobid: 124
    reason: Missing output files: train_prior_outputs/proteinBERT_32_softmax_10.out
    wildcards: lm=proteinBERT, dimension=32, activation=softmax, num_components=10
    threads: 4
    resources: mem_mb=100000, mem_mib=95368, disk_mb=1000, disk_mib=954, tmpdir=<TBD>, partition=vision, gpu=1, runtime=2880

Submitted job 124 with external jobid '2279170'.
[Mon Nov 27 05:21:55 2023]
Finished job 126.
93 of 123 steps (76%) done
Select jobs to execute...

[Mon Nov 27 05:21:55 2023]
rule train_prior:
    input: train_scoring_model_outputs/proteinBERT_32_softmax.out
    output: train_prior_outputs/proteinBERT_32_softmax_1.out
    jobid: 123
    reason: Missing output files: train_prior_outputs/proteinBERT_32_softmax_1.out
    wildcards: lm=proteinBERT, dimension=32, activation=softmax, num_components=1
    threads: 4
    resources: mem_mb=100000, mem_mib=95368, disk_mb=1000, disk_mib=954, tmpdir=<TBD>, partition=vision, gpu=1, runtime=2880

Submitted job 123 with external jobid '2279171'.
[Mon Nov 27 05:24:53 2023]
Finished job 124.
94 of 123 steps (76%) done
Select jobs to execute...

[Mon Nov 27 05:24:53 2023]
rule test_scoring_model:
    input: train_scoring_model_outputs/proteinBERT_64_softmax.out
    output: results/rows/proteinBERT_64_softmax
    jobid: 22
    reason: Set of input files has changed since last execution
    wildcards: lm=proteinBERT, dimension=64, activation=softmax
    threads: 4
    resources: mem_mb=100000, mem_mib=95368, disk_mb=1000, disk_mib=954, tmpdir=<TBD>, partition=vision, gpu=1, runtime=1440

Submitted job 22 with external jobid '2279172'.
[Mon Nov 27 05:25:36 2023]
Finished job 22.
95 of 123 steps (77%) done
Select jobs to execute...

[Mon Nov 27 05:25:36 2023]
rule train_prior:
    input: train_scoring_model_outputs/proteinBERT_64_softmax.out
    output: train_prior_outputs/proteinBERT_64_softmax_1.out
    jobid: 131
    reason: Missing output files: train_prior_outputs/proteinBERT_64_softmax_1.out
    wildcards: lm=proteinBERT, dimension=64, activation=softmax, num_components=1
    threads: 4
    resources: mem_mb=100000, mem_mib=95368, disk_mb=1000, disk_mib=954, tmpdir=<TBD>, partition=vision, gpu=1, runtime=2880

Submitted job 131 with external jobid '2279173'.
[Mon Nov 27 05:26:07 2023]
Finished job 123.
96 of 123 steps (78%) done
Select jobs to execute...

[Mon Nov 27 05:26:07 2023]
rule train_prior:
    input: train_scoring_model_outputs/proteinBERT_64_softmax.out
    output: train_prior_outputs/proteinBERT_64_softmax_32.out
    jobid: 133
    reason: Missing output files: train_prior_outputs/proteinBERT_64_softmax_32.out
    wildcards: lm=proteinBERT, dimension=64, activation=softmax, num_components=32
    threads: 4
    resources: mem_mb=100000, mem_mib=95368, disk_mb=1000, disk_mib=954, tmpdir=<TBD>, partition=vision, gpu=1, runtime=2880

Submitted job 133 with external jobid '2279174'.
[Mon Nov 27 05:30:09 2023]
Finished job 131.
97 of 123 steps (79%) done
Select jobs to execute...

[Mon Nov 27 05:30:09 2023]
rule train_prior:
    input: train_scoring_model_outputs/proteinBERT_64_softmax.out
    output: train_prior_outputs/proteinBERT_64_softmax_10.out
    jobid: 132
    reason: Missing output files: train_prior_outputs/proteinBERT_64_softmax_10.out
    wildcards: lm=proteinBERT, dimension=64, activation=softmax, num_components=10
    threads: 4
    resources: mem_mb=100000, mem_mib=95368, disk_mb=1000, disk_mib=954, tmpdir=<TBD>, partition=vision, gpu=1, runtime=2880

Submitted job 132 with external jobid '2279175'.
[Mon Nov 27 05:37:30 2023]
Finished job 132.
98 of 123 steps (80%) done
Select jobs to execute...

[Mon Nov 27 05:37:30 2023]
rule train_prior:
    input: train_scoring_model_outputs/proteinBERT_64_softmax.out
    output: train_prior_outputs/proteinBERT_64_softmax_100.out
    jobid: 134
    reason: Missing output files: train_prior_outputs/proteinBERT_64_softmax_100.out
    wildcards: lm=proteinBERT, dimension=64, activation=softmax, num_components=100
    threads: 4
    resources: mem_mb=100000, mem_mib=95368, disk_mb=1000, disk_mib=954, tmpdir=<TBD>, partition=vision, gpu=1, runtime=2880

Submitted job 134 with external jobid '2279176'.
[Mon Nov 27 05:40:50 2023]
Finished job 133.
99 of 123 steps (80%) done
Select jobs to execute...

[Mon Nov 27 05:40:50 2023]
rule train_prior:
    input: train_scoring_model_outputs/proteinBERT_128_softmax.out
    output: train_prior_outputs/proteinBERT_128_softmax_10.out
    jobid: 140
    reason: Missing output files: train_prior_outputs/proteinBERT_128_softmax_10.out
    wildcards: lm=proteinBERT, dimension=128, activation=softmax, num_components=10
    threads: 4
    resources: mem_mb=100000, mem_mib=95368, disk_mb=1000, disk_mib=954, tmpdir=<TBD>, partition=vision, gpu=1, runtime=2880

Submitted job 140 with external jobid '2279177'.
[Mon Nov 27 05:47:29 2023]
Finished job 70.
100 of 123 steps (81%) done
Select jobs to execute...

[Mon Nov 27 05:47:29 2023]
rule train_prior:
    input: train_scoring_model_outputs/proteinBERT_128_softmax.out
    output: train_prior_outputs/proteinBERT_128_softmax_100.out
    jobid: 142
    reason: Missing output files: train_prior_outputs/proteinBERT_128_softmax_100.out
    wildcards: lm=proteinBERT, dimension=128, activation=softmax, num_components=100
    threads: 4
    resources: mem_mb=100000, mem_mib=95368, disk_mb=1000, disk_mib=954, tmpdir=<TBD>, partition=vision, gpu=1, runtime=2880

Submitted job 142 with external jobid '2279178'.
[Mon Nov 27 05:53:06 2023]
Finished job 140.
101 of 123 steps (82%) done
Select jobs to execute...

[Mon Nov 27 05:53:06 2023]
rule test_scoring_model:
    input: train_scoring_model_outputs/proteinBERT_128_softmax.out
    output: results/rows/proteinBERT_128_softmax
    jobid: 24
    reason: Set of input files has changed since last execution
    wildcards: lm=proteinBERT, dimension=128, activation=softmax
    threads: 4
    resources: mem_mb=100000, mem_mib=95368, disk_mb=1000, disk_mib=954, tmpdir=<TBD>, partition=vision, gpu=1, runtime=1440

Submitted job 24 with external jobid '2279179'.
[Mon Nov 27 05:53:50 2023]
Finished job 24.
102 of 123 steps (83%) done
Select jobs to execute...

[Mon Nov 27 05:53:50 2023]
rule train_prior:
    input: train_scoring_model_outputs/proteinBERT_128_softmax.out
    output: train_prior_outputs/proteinBERT_128_softmax_1.out
    jobid: 139
    reason: Missing output files: train_prior_outputs/proteinBERT_128_softmax_1.out
    wildcards: lm=proteinBERT, dimension=128, activation=softmax, num_components=1
    threads: 4
    resources: mem_mb=100000, mem_mib=95368, disk_mb=1000, disk_mib=954, tmpdir=<TBD>, partition=vision, gpu=1, runtime=2880

Submitted job 139 with external jobid '2279180'.
[Mon Nov 27 05:58:43 2023]
Finished job 139.
103 of 123 steps (84%) done
Select jobs to execute...

[Mon Nov 27 05:58:43 2023]
rule train_prior:
    input: train_scoring_model_outputs/proteinBERT_128_softmax.out
    output: train_prior_outputs/proteinBERT_128_softmax_32.out
    jobid: 141
    reason: Missing output files: train_prior_outputs/proteinBERT_128_softmax_32.out
    wildcards: lm=proteinBERT, dimension=128, activation=softmax, num_components=32
    threads: 4
    resources: mem_mb=100000, mem_mib=95368, disk_mb=1000, disk_mib=954, tmpdir=<TBD>, partition=vision, gpu=1, runtime=2880

Submitted job 141 with external jobid '2279181'.
[Mon Nov 27 06:13:37 2023]
Finished job 134.
104 of 123 steps (85%) done
Select jobs to execute...

[Mon Nov 27 06:13:37 2023]
rule test_scoring_model:
    input: train_scoring_model_outputs/proteinBERT_16_softmax.out
    output: results/rows/proteinBERT_16_softmax
    jobid: 18
    reason: Set of input files has changed since last execution
    wildcards: lm=proteinBERT, dimension=16, activation=softmax
    threads: 4
    resources: mem_mb=100000, mem_mib=95368, disk_mb=1000, disk_mib=954, tmpdir=<TBD>, partition=vision, gpu=1, runtime=1440

Submitted job 18 with external jobid '2279183'.
[Mon Nov 27 06:13:45 2023]
Finished job 91.
105 of 123 steps (85%) done
Select jobs to execute...

[Mon Nov 27 06:13:45 2023]
rule train_prior:
    input: train_scoring_model_outputs/proteinBERT_16_softmax.out
    output: train_prior_outputs/proteinBERT_16_softmax_10.out
    jobid: 116
    reason: Missing output files: train_prior_outputs/proteinBERT_16_softmax_10.out
    wildcards: lm=proteinBERT, dimension=16, activation=softmax, num_components=10
    threads: 4
    resources: mem_mb=100000, mem_mib=95368, disk_mb=1000, disk_mib=954, tmpdir=<TBD>, partition=vision, gpu=1, runtime=2880

Submitted job 116 with external jobid '2279184'.
[Mon Nov 27 06:14:18 2023]
Finished job 18.
106 of 123 steps (86%) done
Select jobs to execute...

[Mon Nov 27 06:14:18 2023]
rule train_prior:
    input: train_scoring_model_outputs/proteinBERT_16_softmax.out
    output: train_prior_outputs/proteinBERT_16_softmax_100.out
    jobid: 118
    reason: Missing output files: train_prior_outputs/proteinBERT_16_softmax_100.out
    wildcards: lm=proteinBERT, dimension=16, activation=softmax, num_components=100
    threads: 4
    resources: mem_mb=100000, mem_mib=95368, disk_mb=1000, disk_mib=954, tmpdir=<TBD>, partition=vision, gpu=1, runtime=2880

Submitted job 118 with external jobid '2279185'.
[Mon Nov 27 06:15:30 2023]
Finished job 92.
107 of 123 steps (87%) done
Select jobs to execute...

[Mon Nov 27 06:15:30 2023]
rule train_prior:
    input: train_scoring_model_outputs/proteinBERT_16_softmax.out
    output: train_prior_outputs/proteinBERT_16_softmax_32.out
    jobid: 117
    reason: Missing output files: train_prior_outputs/proteinBERT_16_softmax_32.out
    wildcards: lm=proteinBERT, dimension=16, activation=softmax, num_components=32
    threads: 4
    resources: mem_mb=100000, mem_mib=95368, disk_mb=1000, disk_mib=954, tmpdir=<TBD>, partition=vision, gpu=1, runtime=2880

Submitted job 117 with external jobid '2279186'.
[Mon Nov 27 06:18:11 2023]
Finished job 116.
108 of 123 steps (88%) done
Select jobs to execute...

[Mon Nov 27 06:18:11 2023]
rule train_prior:
    input: train_scoring_model_outputs/proteinBERT_16_softmax.out
    output: train_prior_outputs/proteinBERT_16_softmax_1.out
    jobid: 115
    reason: Missing output files: train_prior_outputs/proteinBERT_16_softmax_1.out
    wildcards: lm=proteinBERT, dimension=16, activation=softmax, num_components=1
    threads: 4
    resources: mem_mb=100000, mem_mib=95368, disk_mb=1000, disk_mib=954, tmpdir=<TBD>, partition=vision, gpu=1, runtime=2880

Submitted job 115 with external jobid '2279187'.
[Mon Nov 27 06:18:32 2023]
Finished job 118.
109 of 123 steps (89%) done
Select jobs to execute...

[Mon Nov 27 06:18:32 2023]
rule concat_results_scores:
    input: results/rows/esm2_16_sigmoid, results/rows/esm2_32_sigmoid, results/rows/esm2_64_sigmoid, results/rows/esm2_128_sigmoid, results/rows/protT5_16_sigmoid, results/rows/protT5_32_sigmoid, results/rows/protT5_64_sigmoid, results/rows/protT5_128_sigmoid, results/rows/proteinBERT_16_sigmoid, results/rows/proteinBERT_32_sigmoid, results/rows/proteinBERT_64_sigmoid, results/rows/proteinBERT_128_sigmoid
    output: results/sigmoid.tbl
    jobid: 26
    reason: Input files updated by another job: results/rows/protT5_16_sigmoid, results/rows/esm2_128_sigmoid, results/rows/esm2_16_sigmoid, results/rows/proteinBERT_32_sigmoid, results/rows/protT5_128_sigmoid, results/rows/proteinBERT_128_sigmoid, results/rows/esm2_64_sigmoid, results/rows/protT5_32_sigmoid, results/rows/esm2_32_sigmoid, results/rows/protT5_64_sigmoid, results/rows/proteinBERT_64_sigmoid, results/rows/proteinBERT_16_sigmoid
    wildcards: activation=sigmoid
    resources: mem_mb=1000, mem_mib=954, disk_mb=1000, disk_mib=954, tmpdir=<TBD>, partition=batch,snowball,pinky, gpu=0

Submitted job 26 with external jobid '2279188'.
[Mon Nov 27 06:18:51 2023]
Finished job 26.
110 of 123 steps (89%) done
Select jobs to execute...

[Mon Nov 27 06:18:51 2023]
rule concat_results_scores:
    input: results/rows/esm2_16_softmax, results/rows/esm2_32_softmax, results/rows/esm2_64_softmax, results/rows/esm2_128_softmax, results/rows/protT5_16_softmax, results/rows/protT5_32_softmax, results/rows/protT5_64_softmax, results/rows/protT5_128_softmax, results/rows/proteinBERT_16_softmax, results/rows/proteinBERT_32_softmax, results/rows/proteinBERT_64_softmax, results/rows/proteinBERT_128_softmax
    output: results/softmax.tbl
    jobid: 1
    reason: Input files updated by another job: results/rows/proteinBERT_128_softmax, results/rows/protT5_128_softmax, results/rows/esm2_32_softmax, results/rows/esm2_64_softmax, results/rows/esm2_16_softmax, results/rows/protT5_64_softmax, results/rows/protT5_32_softmax, results/rows/proteinBERT_32_softmax, results/rows/protT5_16_softmax, results/rows/proteinBERT_16_softmax, results/rows/proteinBERT_64_softmax, results/rows/esm2_128_softmax
    wildcards: activation=softmax
    resources: mem_mb=1000, mem_mib=954, disk_mb=1000, disk_mib=954, tmpdir=<TBD>, partition=batch,snowball,pinky, gpu=0

Submitted job 1 with external jobid '2279189'.
[Mon Nov 27 06:19:12 2023]
Finished job 1.
111 of 123 steps (90%) done
[Mon Nov 27 06:20:14 2023]
Finished job 117.
112 of 123 steps (91%) done
[Mon Nov 27 06:25:00 2023]
Finished job 115.
113 of 123 steps (92%) done
[Mon Nov 27 06:28:09 2023]
Finished job 141.
114 of 123 steps (93%) done
[Mon Nov 27 06:30:24 2023]
Finished job 93.
115 of 123 steps (93%) done
[Mon Nov 27 06:41:22 2023]
Finished job 102.
116 of 123 steps (94%) done
[Mon Nov 27 06:57:08 2023]
Finished job 94.
117 of 123 steps (95%) done
[Mon Nov 27 07:01:06 2023]
Finished job 83.
118 of 123 steps (96%) done
[Mon Nov 27 07:02:37 2023]
Finished job 84.
119 of 123 steps (97%) done
[Mon Nov 27 07:12:48 2023]
Finished job 142.
120 of 123 steps (98%) done
[Mon Nov 27 07:24:34 2023]
Finished job 86.
121 of 123 steps (98%) done
[Mon Nov 27 07:35:15 2023]
Finished job 85.
122 of 123 steps (99%) done
Select jobs to execute...

[Mon Nov 27 07:35:15 2023]
localrule all:
    input: results/softmax.tbl, results/sigmoid.tbl, train_prior_outputs/esm2_16_softmax_1.out, train_prior_outputs/esm2_16_softmax_10.out, train_prior_outputs/esm2_16_softmax_32.out, train_prior_outputs/esm2_16_softmax_100.out, train_prior_outputs/esm2_16_sigmoid_1.out, train_prior_outputs/esm2_16_sigmoid_10.out, train_prior_outputs/esm2_16_sigmoid_32.out, train_prior_outputs/esm2_16_sigmoid_100.out, train_prior_outputs/esm2_32_softmax_1.out, train_prior_outputs/esm2_32_softmax_10.out, train_prior_outputs/esm2_32_softmax_32.out, train_prior_outputs/esm2_32_softmax_100.out, train_prior_outputs/esm2_32_sigmoid_1.out, train_prior_outputs/esm2_32_sigmoid_10.out, train_prior_outputs/esm2_32_sigmoid_32.out, train_prior_outputs/esm2_32_sigmoid_100.out, train_prior_outputs/esm2_64_softmax_1.out, train_prior_outputs/esm2_64_softmax_10.out, train_prior_outputs/esm2_64_softmax_32.out, train_prior_outputs/esm2_64_softmax_100.out, train_prior_outputs/esm2_64_sigmoid_1.out, train_prior_outputs/esm2_64_sigmoid_10.out, train_prior_outputs/esm2_64_sigmoid_32.out, train_prior_outputs/esm2_64_sigmoid_100.out, train_prior_outputs/esm2_128_softmax_1.out, train_prior_outputs/esm2_128_softmax_10.out, train_prior_outputs/esm2_128_softmax_32.out, train_prior_outputs/esm2_128_softmax_100.out, train_prior_outputs/esm2_128_sigmoid_1.out, train_prior_outputs/esm2_128_sigmoid_10.out, train_prior_outputs/esm2_128_sigmoid_32.out, train_prior_outputs/esm2_128_sigmoid_100.out, train_prior_outputs/protT5_16_softmax_1.out, train_prior_outputs/protT5_16_softmax_10.out, train_prior_outputs/protT5_16_softmax_32.out, train_prior_outputs/protT5_16_softmax_100.out, train_prior_outputs/protT5_16_sigmoid_1.out, train_prior_outputs/protT5_16_sigmoid_10.out, train_prior_outputs/protT5_16_sigmoid_32.out, train_prior_outputs/protT5_16_sigmoid_100.out, train_prior_outputs/protT5_32_softmax_1.out, train_prior_outputs/protT5_32_softmax_10.out, train_prior_outputs/protT5_32_softmax_32.out, train_prior_outputs/protT5_32_softmax_100.out, train_prior_outputs/protT5_32_sigmoid_1.out, train_prior_outputs/protT5_32_sigmoid_10.out, train_prior_outputs/protT5_32_sigmoid_32.out, train_prior_outputs/protT5_32_sigmoid_100.out, train_prior_outputs/protT5_64_softmax_1.out, train_prior_outputs/protT5_64_softmax_10.out, train_prior_outputs/protT5_64_softmax_32.out, train_prior_outputs/protT5_64_softmax_100.out, train_prior_outputs/protT5_64_sigmoid_1.out, train_prior_outputs/protT5_64_sigmoid_10.out, train_prior_outputs/protT5_64_sigmoid_32.out, train_prior_outputs/protT5_64_sigmoid_100.out, train_prior_outputs/protT5_128_softmax_1.out, train_prior_outputs/protT5_128_softmax_10.out, train_prior_outputs/protT5_128_softmax_32.out, train_prior_outputs/protT5_128_softmax_100.out, train_prior_outputs/protT5_128_sigmoid_1.out, train_prior_outputs/protT5_128_sigmoid_10.out, train_prior_outputs/protT5_128_sigmoid_32.out, train_prior_outputs/protT5_128_sigmoid_100.out, train_prior_outputs/proteinBERT_16_softmax_1.out, train_prior_outputs/proteinBERT_16_softmax_10.out, train_prior_outputs/proteinBERT_16_softmax_32.out, train_prior_outputs/proteinBERT_16_softmax_100.out, train_prior_outputs/proteinBERT_16_sigmoid_1.out, train_prior_outputs/proteinBERT_16_sigmoid_10.out, train_prior_outputs/proteinBERT_16_sigmoid_32.out, train_prior_outputs/proteinBERT_16_sigmoid_100.out, train_prior_outputs/proteinBERT_32_softmax_1.out, train_prior_outputs/proteinBERT_32_softmax_10.out, train_prior_outputs/proteinBERT_32_softmax_32.out, train_prior_outputs/proteinBERT_32_softmax_100.out, train_prior_outputs/proteinBERT_32_sigmoid_1.out, train_prior_outputs/proteinBERT_32_sigmoid_10.out, train_prior_outputs/proteinBERT_32_sigmoid_32.out, train_prior_outputs/proteinBERT_32_sigmoid_100.out, train_prior_outputs/proteinBERT_64_softmax_1.out, train_prior_outputs/proteinBERT_64_softmax_10.out, train_prior_outputs/proteinBERT_64_softmax_32.out, train_prior_outputs/proteinBERT_64_softmax_100.out, train_prior_outputs/proteinBERT_64_sigmoid_1.out, train_prior_outputs/proteinBERT_64_sigmoid_10.out, train_prior_outputs/proteinBERT_64_sigmoid_32.out, train_prior_outputs/proteinBERT_64_sigmoid_100.out, train_prior_outputs/proteinBERT_128_softmax_1.out, train_prior_outputs/proteinBERT_128_softmax_10.out, train_prior_outputs/proteinBERT_128_softmax_32.out, train_prior_outputs/proteinBERT_128_softmax_100.out, train_prior_outputs/proteinBERT_128_sigmoid_1.out, train_prior_outputs/proteinBERT_128_sigmoid_10.out, train_prior_outputs/proteinBERT_128_sigmoid_32.out, train_prior_outputs/proteinBERT_128_sigmoid_100.out
    jobid: 0
    reason: Input files updated by another job: train_prior_outputs/esm2_32_softmax_32.out, train_prior_outputs/proteinBERT_16_softmax_1.out, train_prior_outputs/protT5_128_sigmoid_100.out, train_prior_outputs/esm2_32_sigmoid_32.out, train_prior_outputs/esm2_32_sigmoid_10.out, train_prior_outputs/proteinBERT_32_sigmoid_100.out, train_prior_outputs/proteinBERT_32_softmax_100.out, train_prior_outputs/protT5_16_softmax_1.out, train_prior_outputs/esm2_16_sigmoid_100.out, train_prior_outputs/protT5_64_sigmoid_100.out, train_prior_outputs/proteinBERT_128_softmax_1.out, train_prior_outputs/proteinBERT_64_softmax_100.out, train_prior_outputs/protT5_16_sigmoid_100.out, train_prior_outputs/protT5_32_softmax_32.out, train_prior_outputs/protT5_16_softmax_10.out, train_prior_outputs/proteinBERT_64_softmax_1.out, train_prior_outputs/protT5_64_softmax_10.out, train_prior_outputs/proteinBERT_64_sigmoid_1.out, train_prior_outputs/esm2_64_softmax_32.out, train_prior_outputs/protT5_128_softmax_100.out, results/softmax.tbl, train_prior_outputs/esm2_32_softmax_10.out, train_prior_outputs/proteinBERT_16_sigmoid_10.out, train_prior_outputs/protT5_128_sigmoid_32.out, train_prior_outputs/proteinBERT_128_softmax_100.out, train_prior_outputs/protT5_64_sigmoid_1.out, train_prior_outputs/proteinBERT_128_sigmoid_10.out, train_prior_outputs/protT5_32_softmax_1.out, train_prior_outputs/esm2_16_softmax_32.out, train_prior_outputs/protT5_32_sigmoid_100.out, train_prior_outputs/esm2_16_softmax_1.out, train_prior_outputs/esm2_64_sigmoid_100.out, train_prior_outputs/protT5_16_softmax_100.out, train_prior_outputs/protT5_32_sigmoid_32.out, train_prior_outputs/proteinBERT_128_sigmoid_1.out, train_prior_outputs/esm2_128_softmax_100.out, train_prior_outputs/proteinBERT_16_softmax_32.out, train_prior_outputs/proteinBERT_64_sigmoid_100.out, train_prior_outputs/protT5_64_softmax_100.out, train_prior_outputs/proteinBERT_16_softmax_10.out, train_prior_outputs/protT5_64_sigmoid_32.out, train_prior_outputs/protT5_16_sigmoid_10.out, train_prior_outputs/proteinBERT_16_softmax_100.out, train_prior_outputs/esm2_128_sigmoid_100.out, train_prior_outputs/esm2_16_sigmoid_10.out, train_prior_outputs/esm2_128_softmax_32.out, train_prior_outputs/proteinBERT_32_softmax_32.out, train_prior_outputs/esm2_16_sigmoid_32.out, train_prior_outputs/esm2_16_sigmoid_1.out, train_prior_outputs/protT5_16_sigmoid_32.out, train_prior_outputs/protT5_32_softmax_10.out, train_prior_outputs/esm2_128_sigmoid_32.out, train_prior_outputs/proteinBERT_64_sigmoid_32.out, train_prior_outputs/esm2_64_sigmoid_10.out, train_prior_outputs/esm2_64_softmax_10.out, train_prior_outputs/esm2_128_softmax_10.out, train_prior_outputs/proteinBERT_32_sigmoid_10.out, train_prior_outputs/esm2_128_softmax_1.out, train_prior_outputs/proteinBERT_64_softmax_10.out, train_prior_outputs/proteinBERT_64_sigmoid_10.out, train_prior_outputs/protT5_64_softmax_1.out, train_prior_outputs/protT5_128_softmax_32.out, train_prior_outputs/proteinBERT_16_sigmoid_32.out, train_prior_outputs/proteinBERT_128_sigmoid_100.out, train_prior_outputs/protT5_16_sigmoid_1.out, train_prior_outputs/proteinBERT_32_sigmoid_32.out, train_prior_outputs/esm2_128_sigmoid_1.out, train_prior_outputs/protT5_64_softmax_32.out, train_prior_outputs/esm2_64_sigmoid_32.out, train_prior_outputs/protT5_128_softmax_10.out, train_prior_outputs/esm2_16_softmax_100.out, train_prior_outputs/protT5_32_sigmoid_10.out, train_prior_outputs/protT5_128_softmax_1.out, train_prior_outputs/proteinBERT_32_softmax_1.out, train_prior_outputs/proteinBERT_64_softmax_32.out, train_prior_outputs/protT5_128_sigmoid_10.out, train_prior_outputs/proteinBERT_128_softmax_10.out, train_prior_outputs/esm2_64_softmax_1.out, train_prior_outputs/esm2_32_softmax_100.out, train_prior_outputs/protT5_64_sigmoid_10.out, train_prior_outputs/esm2_64_sigmoid_1.out, train_prior_outputs/proteinBERT_16_sigmoid_1.out, train_prior_outputs/esm2_32_sigmoid_1.out, train_prior_outputs/protT5_128_sigmoid_1.out, train_prior_outputs/esm2_128_sigmoid_10.out, train_prior_outputs/protT5_16_softmax_32.out, train_prior_outputs/proteinBERT_128_sigmoid_32.out, train_prior_outputs/protT5_32_softmax_100.out, results/sigmoid.tbl, train_prior_outputs/esm2_32_softmax_1.out, train_prior_outputs/esm2_64_softmax_100.out, train_prior_outputs/proteinBERT_32_sigmoid_1.out, train_prior_outputs/esm2_16_softmax_10.out, train_prior_outputs/esm2_32_sigmoid_100.out, train_prior_outputs/proteinBERT_32_softmax_10.out, train_prior_outputs/proteinBERT_16_sigmoid_100.out, train_prior_outputs/proteinBERT_128_softmax_32.out, train_prior_outputs/protT5_32_sigmoid_1.out
    resources: mem_mb=10000, mem_mib=9537, disk_mb=1000, disk_mib=954, tmpdir=/tmp, partition=pinky, gpu=0

[Mon Nov 27 07:35:15 2023]
Finished job 0.
123 of 123 steps (100%) done
Complete log: .snakemake/log/2023-11-26T110912.716836.snakemake.log
