Building DAG of jobs...
Using shell: /usr/bin/bash
Provided cluster nodes: 12
Provided resources: msa_load=24, learnMSA_load=12
Job stats:
job                   count    min threads    max threads
------------------  -------  -------------  -------------
all                       1              1              1
concat_prior_tests        1              1              1
test_prior               96              4              4
total                    98              1              4

Select jobs to execute...

[Mon Nov 27 10:51:02 2023]
rule test_prior:
    input: train_prior_outputs/esm2_64_sigmoid_32.out
    output: results/test_prior_rows/esm2_64_sigmoid_32
    jobid: 96
    reason: Missing output files: results/test_prior_rows/esm2_64_sigmoid_32
    wildcards: lm=esm2, dimension=64, activation=sigmoid, num_components=32
    threads: 4
    resources: mem_mb=32000, mem_mib=30518, disk_mb=1000, disk_mib=954, tmpdir=<TBD>, partition=vision, gpu=1, runtime=60

Submitted job 96 with external jobid '2324393'.

[Mon Nov 27 10:51:03 2023]
rule test_prior:
    input: train_prior_outputs/esm2_64_sigmoid_100.out
    output: results/test_prior_rows/esm2_64_sigmoid_100
    jobid: 98
    reason: Missing output files: results/test_prior_rows/esm2_64_sigmoid_100
    wildcards: lm=esm2, dimension=64, activation=sigmoid, num_components=100
    threads: 4
    resources: mem_mb=32000, mem_mib=30518, disk_mb=1000, disk_mib=954, tmpdir=<TBD>, partition=vision, gpu=1, runtime=60

Submitted job 98 with external jobid '2324394'.

[Mon Nov 27 10:51:03 2023]
rule test_prior:
    input: train_prior_outputs/esm2_128_softmax_1.out
    output: results/test_prior_rows/esm2_128_softmax_1
    jobid: 100
    reason: Missing output files: results/test_prior_rows/esm2_128_softmax_1
    wildcards: lm=esm2, dimension=128, activation=softmax, num_components=1
    threads: 4
    resources: mem_mb=32000, mem_mib=30518, disk_mb=1000, disk_mib=954, tmpdir=<TBD>, partition=vision, gpu=1, runtime=60

Submitted job 100 with external jobid '2324395'.

[Mon Nov 27 10:51:03 2023]
rule test_prior:
    input: train_prior_outputs/esm2_128_softmax_10.out
    output: results/test_prior_rows/esm2_128_softmax_10
    jobid: 102
    reason: Missing output files: results/test_prior_rows/esm2_128_softmax_10
    wildcards: lm=esm2, dimension=128, activation=softmax, num_components=10
    threads: 4
    resources: mem_mb=32000, mem_mib=30518, disk_mb=1000, disk_mib=954, tmpdir=<TBD>, partition=vision, gpu=1, runtime=60

Submitted job 102 with external jobid '2324396'.

[Mon Nov 27 10:51:03 2023]
rule test_prior:
    input: train_prior_outputs/esm2_128_softmax_32.out
    output: results/test_prior_rows/esm2_128_softmax_32
    jobid: 104
    reason: Missing output files: results/test_prior_rows/esm2_128_softmax_32
    wildcards: lm=esm2, dimension=128, activation=softmax, num_components=32
    threads: 4
    resources: mem_mb=32000, mem_mib=30518, disk_mb=1000, disk_mib=954, tmpdir=<TBD>, partition=vision, gpu=1, runtime=60

Submitted job 104 with external jobid '2324397'.

[Mon Nov 27 10:51:03 2023]
rule test_prior:
    input: train_prior_outputs/esm2_128_softmax_100.out
    output: results/test_prior_rows/esm2_128_softmax_100
    jobid: 106
    reason: Missing output files: results/test_prior_rows/esm2_128_softmax_100
    wildcards: lm=esm2, dimension=128, activation=softmax, num_components=100
    threads: 4
    resources: mem_mb=32000, mem_mib=30518, disk_mb=1000, disk_mib=954, tmpdir=<TBD>, partition=vision, gpu=1, runtime=60

Submitted job 106 with external jobid '2324398'.

[Mon Nov 27 10:51:03 2023]
rule test_prior:
    input: train_prior_outputs/esm2_128_sigmoid_1.out
    output: results/test_prior_rows/esm2_128_sigmoid_1
    jobid: 108
    reason: Missing output files: results/test_prior_rows/esm2_128_sigmoid_1
    wildcards: lm=esm2, dimension=128, activation=sigmoid, num_components=1
    threads: 4
    resources: mem_mb=32000, mem_mib=30518, disk_mb=1000, disk_mib=954, tmpdir=<TBD>, partition=vision, gpu=1, runtime=60

Submitted job 108 with external jobid '2324399'.

[Mon Nov 27 10:51:03 2023]
rule test_prior:
    input: train_prior_outputs/esm2_128_sigmoid_10.out
    output: results/test_prior_rows/esm2_128_sigmoid_10
    jobid: 110
    reason: Missing output files: results/test_prior_rows/esm2_128_sigmoid_10
    wildcards: lm=esm2, dimension=128, activation=sigmoid, num_components=10
    threads: 4
    resources: mem_mb=32000, mem_mib=30518, disk_mb=1000, disk_mib=954, tmpdir=<TBD>, partition=vision, gpu=1, runtime=60

Submitted job 110 with external jobid '2324400'.

[Mon Nov 27 10:51:03 2023]
rule test_prior:
    input: train_prior_outputs/esm2_128_sigmoid_32.out
    output: results/test_prior_rows/esm2_128_sigmoid_32
    jobid: 112
    reason: Missing output files: results/test_prior_rows/esm2_128_sigmoid_32
    wildcards: lm=esm2, dimension=128, activation=sigmoid, num_components=32
    threads: 4
    resources: mem_mb=32000, mem_mib=30518, disk_mb=1000, disk_mib=954, tmpdir=<TBD>, partition=vision, gpu=1, runtime=60

Submitted job 112 with external jobid '2324401'.

[Mon Nov 27 10:51:04 2023]
rule test_prior:
    input: train_prior_outputs/esm2_128_sigmoid_100.out
    output: results/test_prior_rows/esm2_128_sigmoid_100
    jobid: 114
    reason: Missing output files: results/test_prior_rows/esm2_128_sigmoid_100
    wildcards: lm=esm2, dimension=128, activation=sigmoid, num_components=100
    threads: 4
    resources: mem_mb=32000, mem_mib=30518, disk_mb=1000, disk_mib=954, tmpdir=<TBD>, partition=vision, gpu=1, runtime=60

Submitted job 114 with external jobid '2324402'.

[Mon Nov 27 10:51:04 2023]
rule test_prior:
    input: train_prior_outputs/esm2_64_softmax_32.out
    output: results/test_prior_rows/esm2_64_softmax_32
    jobid: 88
    reason: Missing output files: results/test_prior_rows/esm2_64_softmax_32
    wildcards: lm=esm2, dimension=64, activation=softmax, num_components=32
    threads: 4
    resources: mem_mb=32000, mem_mib=30518, disk_mb=1000, disk_mib=954, tmpdir=<TBD>, partition=vision, gpu=1, runtime=60

Submitted job 88 with external jobid '2324403'.

[Mon Nov 27 10:51:04 2023]
rule test_prior:
    input: train_prior_outputs/esm2_64_softmax_100.out
    output: results/test_prior_rows/esm2_64_softmax_100
    jobid: 90
    reason: Missing output files: results/test_prior_rows/esm2_64_softmax_100
    wildcards: lm=esm2, dimension=64, activation=softmax, num_components=100
    threads: 4
    resources: mem_mb=32000, mem_mib=30518, disk_mb=1000, disk_mib=954, tmpdir=<TBD>, partition=vision, gpu=1, runtime=60

Submitted job 90 with external jobid '2324404'.
[Mon Nov 27 10:54:42 2023]
Finished job 96.
1 of 98 steps (1%) done
Select jobs to execute...

[Mon Nov 27 10:54:42 2023]
rule test_prior:
    input: train_prior_outputs/esm2_64_softmax_10.out
    output: results/test_prior_rows/esm2_64_softmax_10
    jobid: 86
    reason: Missing output files: results/test_prior_rows/esm2_64_softmax_10
    wildcards: lm=esm2, dimension=64, activation=softmax, num_components=10
    threads: 4
    resources: mem_mb=32000, mem_mib=30518, disk_mb=1000, disk_mib=954, tmpdir=<TBD>, partition=vision, gpu=1, runtime=60

Submitted job 86 with external jobid '2324407'.
[Mon Nov 27 10:54:48 2023]
Finished job 108.
2 of 98 steps (2%) done
Select jobs to execute...

[Mon Nov 27 10:54:48 2023]
rule test_prior:
    input: train_prior_outputs/esm2_64_softmax_1.out
    output: results/test_prior_rows/esm2_64_softmax_1
    jobid: 84
    reason: Missing output files: results/test_prior_rows/esm2_64_softmax_1
    wildcards: lm=esm2, dimension=64, activation=softmax, num_components=1
    threads: 4
    resources: mem_mb=32000, mem_mib=30518, disk_mb=1000, disk_mib=954, tmpdir=<TBD>, partition=vision, gpu=1, runtime=60

Submitted job 84 with external jobid '2324408'.
[Mon Nov 27 10:55:08 2023]
Finished job 104.
3 of 98 steps (3%) done
Select jobs to execute...

[Mon Nov 27 10:55:08 2023]
rule test_prior:
    input: train_prior_outputs/esm2_64_sigmoid_10.out
    output: results/test_prior_rows/esm2_64_sigmoid_10
    jobid: 94
    reason: Missing output files: results/test_prior_rows/esm2_64_sigmoid_10
    wildcards: lm=esm2, dimension=64, activation=sigmoid, num_components=10
    threads: 4
    resources: mem_mb=32000, mem_mib=30518, disk_mb=1000, disk_mib=954, tmpdir=<TBD>, partition=vision, gpu=1, runtime=60

Submitted job 94 with external jobid '2324409'.
[Mon Nov 27 10:55:13 2023]
Finished job 88.
4 of 98 steps (4%) done
Select jobs to execute...

[Mon Nov 27 10:55:13 2023]
rule test_prior:
    input: train_prior_outputs/esm2_64_sigmoid_1.out
    output: results/test_prior_rows/esm2_64_sigmoid_1
    jobid: 92
    reason: Missing output files: results/test_prior_rows/esm2_64_sigmoid_1
    wildcards: lm=esm2, dimension=64, activation=sigmoid, num_components=1
    threads: 4
    resources: mem_mb=32000, mem_mib=30518, disk_mb=1000, disk_mib=954, tmpdir=<TBD>, partition=vision, gpu=1, runtime=60

Submitted job 92 with external jobid '2324410'.
[Mon Nov 27 10:55:32 2023]
Finished job 110.
5 of 98 steps (5%) done
Select jobs to execute...

[Mon Nov 27 10:55:32 2023]
rule test_prior:
    input: train_prior_outputs/protT5_128_sigmoid_100.out
    output: results/test_prior_rows/protT5_128_sigmoid_100
    jobid: 178
    reason: Missing output files: results/test_prior_rows/protT5_128_sigmoid_100
    wildcards: lm=protT5, dimension=128, activation=sigmoid, num_components=100
    threads: 4
    resources: mem_mb=32000, mem_mib=30518, disk_mb=1000, disk_mib=954, tmpdir=<TBD>, partition=vision, gpu=1, runtime=60

Submitted job 178 with external jobid '2324411'.
[Mon Nov 27 10:55:54 2023]
Finished job 112.
6 of 98 steps (6%) done
Select jobs to execute...

[Mon Nov 27 10:55:54 2023]
rule test_prior:
    input: train_prior_outputs/protT5_128_softmax_100.out
    output: results/test_prior_rows/protT5_128_softmax_100
    jobid: 170
    reason: Missing output files: results/test_prior_rows/protT5_128_softmax_100
    wildcards: lm=protT5, dimension=128, activation=softmax, num_components=100
    threads: 4
    resources: mem_mb=32000, mem_mib=30518, disk_mb=1000, disk_mib=954, tmpdir=<TBD>, partition=vision, gpu=1, runtime=60

Submitted job 170 with external jobid '2324412'.
[Mon Nov 27 10:56:10 2023]
Finished job 86.
7 of 98 steps (7%) done
Select jobs to execute...

[Mon Nov 27 10:56:10 2023]
rule test_prior:
    input: train_prior_outputs/protT5_128_softmax_32.out
    output: results/test_prior_rows/protT5_128_softmax_32
    jobid: 168
    reason: Missing output files: results/test_prior_rows/protT5_128_softmax_32
    wildcards: lm=protT5, dimension=128, activation=softmax, num_components=32
    threads: 4
    resources: mem_mb=32000, mem_mib=30518, disk_mb=1000, disk_mib=954, tmpdir=<TBD>, partition=vision, gpu=1, runtime=60

Submitted job 168 with external jobid '2324413'.
[Mon Nov 27 10:56:17 2023]
Finished job 90.
8 of 98 steps (8%) done
Select jobs to execute...

[Mon Nov 27 10:56:17 2023]
rule test_prior:
    input: train_prior_outputs/protT5_128_sigmoid_32.out
    output: results/test_prior_rows/protT5_128_sigmoid_32
    jobid: 176
    reason: Missing output files: results/test_prior_rows/protT5_128_sigmoid_32
    wildcards: lm=protT5, dimension=128, activation=sigmoid, num_components=32
    threads: 4
    resources: mem_mb=32000, mem_mib=30518, disk_mb=1000, disk_mib=954, tmpdir=<TBD>, partition=vision, gpu=1, runtime=60

Submitted job 176 with external jobid '2324414'.
[Mon Nov 27 10:56:36 2023]
Finished job 106.
9 of 98 steps (9%) done
Select jobs to execute...

[Mon Nov 27 10:56:36 2023]
rule test_prior:
    input: train_prior_outputs/protT5_64_sigmoid_100.out
    output: results/test_prior_rows/protT5_64_sigmoid_100
    jobid: 162
    reason: Missing output files: results/test_prior_rows/protT5_64_sigmoid_100
    wildcards: lm=protT5, dimension=64, activation=sigmoid, num_components=100
    threads: 4
    resources: mem_mb=32000, mem_mib=30518, disk_mb=1000, disk_mib=954, tmpdir=<TBD>, partition=vision, gpu=1, runtime=60

Submitted job 162 with external jobid '2324415'.
[Mon Nov 27 10:56:52 2023]
Finished job 94.
10 of 98 steps (10%) done
Select jobs to execute...

[Mon Nov 27 10:56:52 2023]
rule test_prior:
    input: train_prior_outputs/protT5_64_softmax_100.out
    output: results/test_prior_rows/protT5_64_softmax_100
    jobid: 154
    reason: Missing output files: results/test_prior_rows/protT5_64_softmax_100
    wildcards: lm=protT5, dimension=64, activation=softmax, num_components=100
    threads: 4
    resources: mem_mb=32000, mem_mib=30518, disk_mb=1000, disk_mib=954, tmpdir=<TBD>, partition=vision, gpu=1, runtime=60

Submitted job 154 with external jobid '2324416'.
[Mon Nov 27 10:56:54 2023]
Finished job 84.
11 of 98 steps (11%) done
Select jobs to execute...

[Mon Nov 27 10:56:54 2023]
rule test_prior:
    input: train_prior_outputs/protT5_128_softmax_10.out
    output: results/test_prior_rows/protT5_128_softmax_10
    jobid: 166
    reason: Missing output files: results/test_prior_rows/protT5_128_softmax_10
    wildcards: lm=protT5, dimension=128, activation=softmax, num_components=10
    threads: 4
    resources: mem_mb=32000, mem_mib=30518, disk_mb=1000, disk_mib=954, tmpdir=<TBD>, partition=vision, gpu=1, runtime=60

Submitted job 166 with external jobid '2324417'.
[Mon Nov 27 10:56:58 2023]
Finished job 114.
12 of 98 steps (12%) done
Select jobs to execute...

[Mon Nov 27 10:56:58 2023]
rule test_prior:
    input: train_prior_outputs/protT5_128_sigmoid_10.out
    output: results/test_prior_rows/protT5_128_sigmoid_10
    jobid: 174
    reason: Missing output files: results/test_prior_rows/protT5_128_sigmoid_10
    wildcards: lm=protT5, dimension=128, activation=sigmoid, num_components=10
    threads: 4
    resources: mem_mb=32000, mem_mib=30518, disk_mb=1000, disk_mib=954, tmpdir=<TBD>, partition=vision, gpu=1, runtime=60

Submitted job 174 with external jobid '2324418'.
[Mon Nov 27 10:57:58 2023]
Finished job 92.
13 of 98 steps (13%) done
Select jobs to execute...

[Mon Nov 27 10:57:58 2023]
rule test_prior:
    input: train_prior_outputs/protT5_64_softmax_32.out
    output: results/test_prior_rows/protT5_64_softmax_32
    jobid: 152
    reason: Missing output files: results/test_prior_rows/protT5_64_softmax_32
    wildcards: lm=protT5, dimension=64, activation=softmax, num_components=32
    threads: 4
    resources: mem_mb=32000, mem_mib=30518, disk_mb=1000, disk_mib=954, tmpdir=<TBD>, partition=vision, gpu=1, runtime=60

Submitted job 152 with external jobid '2324419'.
[Mon Nov 27 10:58:17 2023]
Finished job 168.
14 of 98 steps (14%) done
Select jobs to execute...

[Mon Nov 27 10:58:17 2023]
rule test_prior:
    input: train_prior_outputs/protT5_64_sigmoid_32.out
    output: results/test_prior_rows/protT5_64_sigmoid_32
    jobid: 160
    reason: Missing output files: results/test_prior_rows/protT5_64_sigmoid_32
    wildcards: lm=protT5, dimension=64, activation=sigmoid, num_components=32
    threads: 4
    resources: mem_mb=32000, mem_mib=30518, disk_mb=1000, disk_mib=954, tmpdir=<TBD>, partition=vision, gpu=1, runtime=60

Submitted job 160 with external jobid '2324420'.
[Mon Nov 27 10:58:37 2023]
Finished job 174.
15 of 98 steps (15%) done
Select jobs to execute...

[Mon Nov 27 10:58:37 2023]
rule test_prior:
    input: train_prior_outputs/protT5_128_softmax_1.out
    output: results/test_prior_rows/protT5_128_softmax_1
    jobid: 164
    reason: Missing output files: results/test_prior_rows/protT5_128_softmax_1
    wildcards: lm=protT5, dimension=128, activation=softmax, num_components=1
    threads: 4
    resources: mem_mb=32000, mem_mib=30518, disk_mb=1000, disk_mib=954, tmpdir=<TBD>, partition=vision, gpu=1, runtime=60

Submitted job 164 with external jobid '2324421'.
[Mon Nov 27 10:59:17 2023]
Finished job 152.
16 of 98 steps (16%) done
Select jobs to execute...

[Mon Nov 27 10:59:17 2023]
rule test_prior:
    input: train_prior_outputs/protT5_128_sigmoid_1.out
    output: results/test_prior_rows/protT5_128_sigmoid_1
    jobid: 172
    reason: Missing output files: results/test_prior_rows/protT5_128_sigmoid_1
    wildcards: lm=protT5, dimension=128, activation=sigmoid, num_components=1
    threads: 4
    resources: mem_mb=32000, mem_mib=30518, disk_mb=1000, disk_mib=954, tmpdir=<TBD>, partition=vision, gpu=1, runtime=60

Submitted job 172 with external jobid '2324422'.
[Mon Nov 27 10:59:19 2023]
Finished job 166.
17 of 98 steps (17%) done
Select jobs to execute...

[Mon Nov 27 10:59:19 2023]
rule test_prior:
    input: train_prior_outputs/protT5_64_softmax_10.out
    output: results/test_prior_rows/protT5_64_softmax_10
    jobid: 150
    reason: Missing output files: results/test_prior_rows/protT5_64_softmax_10
    wildcards: lm=protT5, dimension=64, activation=softmax, num_components=10
    threads: 4
    resources: mem_mb=32000, mem_mib=30518, disk_mb=1000, disk_mib=954, tmpdir=<TBD>, partition=vision, gpu=1, runtime=60

Submitted job 150 with external jobid '2324423'.
[Mon Nov 27 10:59:40 2023]
Finished job 154.
18 of 98 steps (18%) done
Select jobs to execute...

[Mon Nov 27 10:59:40 2023]
rule test_prior:
    input: train_prior_outputs/protT5_64_sigmoid_10.out
    output: results/test_prior_rows/protT5_64_sigmoid_10
    jobid: 158
    reason: Missing output files: results/test_prior_rows/protT5_64_sigmoid_10
    wildcards: lm=protT5, dimension=64, activation=sigmoid, num_components=10
    threads: 4
    resources: mem_mb=32000, mem_mib=30518, disk_mb=1000, disk_mib=954, tmpdir=<TBD>, partition=vision, gpu=1, runtime=60

Submitted job 158 with external jobid '2324424'.
[Mon Nov 27 10:59:41 2023]
Finished job 162.
19 of 98 steps (19%) done
Select jobs to execute...

[Mon Nov 27 10:59:41 2023]
rule test_prior:
    input: train_prior_outputs/protT5_64_softmax_1.out
    output: results/test_prior_rows/protT5_64_softmax_1
    jobid: 148
    reason: Missing output files: results/test_prior_rows/protT5_64_softmax_1
    wildcards: lm=protT5, dimension=64, activation=softmax, num_components=1
    threads: 4
    resources: mem_mb=32000, mem_mib=30518, disk_mb=1000, disk_mib=954, tmpdir=<TBD>, partition=vision, gpu=1, runtime=60

Submitted job 148 with external jobid '2324425'.
[Mon Nov 27 10:59:43 2023]
Finished job 178.
20 of 98 steps (20%) done
Select jobs to execute...

[Mon Nov 27 10:59:43 2023]
rule test_prior:
    input: train_prior_outputs/protT5_64_sigmoid_1.out
    output: results/test_prior_rows/protT5_64_sigmoid_1
    jobid: 156
    reason: Missing output files: results/test_prior_rows/protT5_64_sigmoid_1
    wildcards: lm=protT5, dimension=64, activation=sigmoid, num_components=1
    threads: 4
    resources: mem_mb=32000, mem_mib=30518, disk_mb=1000, disk_mib=954, tmpdir=<TBD>, partition=vision, gpu=1, runtime=60

Submitted job 156 with external jobid '2324426'.
[Mon Nov 27 11:00:02 2023]
Finished job 164.
21 of 98 steps (21%) done
Select jobs to execute...

[Mon Nov 27 11:00:02 2023]
rule test_prior:
    input: train_prior_outputs/proteinBERT_128_softmax_100.out
    output: results/test_prior_rows/proteinBERT_128_softmax_100
    jobid: 234
    reason: Missing output files: results/test_prior_rows/proteinBERT_128_softmax_100
    wildcards: lm=proteinBERT, dimension=128, activation=softmax, num_components=100
    threads: 4
    resources: mem_mb=32000, mem_mib=30518, disk_mb=1000, disk_mib=954, tmpdir=<TBD>, partition=vision, gpu=1, runtime=60

Submitted job 234 with external jobid '2324427'.
[Mon Nov 27 11:00:08 2023]
Finished job 176.
22 of 98 steps (22%) done
Select jobs to execute...

[Mon Nov 27 11:00:08 2023]
rule test_prior:
    input: train_prior_outputs/proteinBERT_128_sigmoid_100.out
    output: results/test_prior_rows/proteinBERT_128_sigmoid_100
    jobid: 242
    reason: Missing output files: results/test_prior_rows/proteinBERT_128_sigmoid_100
    wildcards: lm=proteinBERT, dimension=128, activation=sigmoid, num_components=100
    threads: 4
    resources: mem_mb=32000, mem_mib=30518, disk_mb=1000, disk_mib=954, tmpdir=<TBD>, partition=vision, gpu=1, runtime=60

Submitted job 242 with external jobid '2324428'.
[Mon Nov 27 11:00:24 2023]
Finished job 172.
23 of 98 steps (23%) done
Select jobs to execute...

[Mon Nov 27 11:00:24 2023]
rule test_prior:
    input: train_prior_outputs/esm2_32_softmax_1.out
    output: results/test_prior_rows/esm2_32_softmax_1
    jobid: 68
    reason: Missing output files: results/test_prior_rows/esm2_32_softmax_1
    wildcards: lm=esm2, dimension=32, activation=softmax, num_components=1
    threads: 4
    resources: mem_mb=32000, mem_mib=30518, disk_mb=1000, disk_mib=954, tmpdir=<TBD>, partition=vision, gpu=1, runtime=60

Submitted job 68 with external jobid '2324429'.
[Mon Nov 27 11:01:07 2023]
Finished job 170.
24 of 98 steps (24%) done
Select jobs to execute...

[Mon Nov 27 11:01:07 2023]
rule test_prior:
    input: train_prior_outputs/esm2_32_sigmoid_1.out
    output: results/test_prior_rows/esm2_32_sigmoid_1
    jobid: 76
    reason: Missing output files: results/test_prior_rows/esm2_32_sigmoid_1
    wildcards: lm=esm2, dimension=32, activation=sigmoid, num_components=1
    threads: 4
    resources: mem_mb=32000, mem_mib=30518, disk_mb=1000, disk_mib=954, tmpdir=<TBD>, partition=vision, gpu=1, runtime=60

Submitted job 76 with external jobid '2324430'.
[Mon Nov 27 11:01:22 2023]
Finished job 68.
25 of 98 steps (26%) done
Select jobs to execute...

[Mon Nov 27 11:01:22 2023]
rule test_prior:
    input: train_prior_outputs/esm2_32_softmax_10.out
    output: results/test_prior_rows/esm2_32_softmax_10
    jobid: 70
    reason: Missing output files: results/test_prior_rows/esm2_32_softmax_10
    wildcards: lm=esm2, dimension=32, activation=softmax, num_components=10
    threads: 4
    resources: mem_mb=32000, mem_mib=30518, disk_mb=1000, disk_mib=954, tmpdir=<TBD>, partition=vision, gpu=1, runtime=60

Submitted job 70 with external jobid '2324431'.
[Mon Nov 27 11:01:24 2023]
Finished job 158.
26 of 98 steps (27%) done
Select jobs to execute...

[Mon Nov 27 11:01:24 2023]
rule test_prior:
    input: train_prior_outputs/esm2_32_softmax_32.out
    output: results/test_prior_rows/esm2_32_softmax_32
    jobid: 72
    reason: Missing output files: results/test_prior_rows/esm2_32_softmax_32
    wildcards: lm=esm2, dimension=32, activation=softmax, num_components=32
    threads: 4
    resources: mem_mb=32000, mem_mib=30518, disk_mb=1000, disk_mib=954, tmpdir=<TBD>, partition=vision, gpu=1, runtime=60

Submitted job 72 with external jobid '2324432'.
[Mon Nov 27 11:01:27 2023]
Finished job 150.
27 of 98 steps (28%) done
Select jobs to execute...

[Mon Nov 27 11:01:27 2023]
rule test_prior:
    input: train_prior_outputs/esm2_32_softmax_100.out
    output: results/test_prior_rows/esm2_32_softmax_100
    jobid: 74
    reason: Missing output files: results/test_prior_rows/esm2_32_softmax_100
    wildcards: lm=esm2, dimension=32, activation=softmax, num_components=100
    threads: 4
    resources: mem_mb=32000, mem_mib=30518, disk_mb=1000, disk_mib=954, tmpdir=<TBD>, partition=vision, gpu=1, runtime=60

Submitted job 74 with external jobid '2324433'.
[Mon Nov 27 11:01:28 2023]
Finished job 160.
28 of 98 steps (29%) done
Select jobs to execute...

[Mon Nov 27 11:01:28 2023]
rule test_prior:
    input: train_prior_outputs/esm2_32_sigmoid_10.out
    output: results/test_prior_rows/esm2_32_sigmoid_10
    jobid: 78
    reason: Missing output files: results/test_prior_rows/esm2_32_sigmoid_10
    wildcards: lm=esm2, dimension=32, activation=sigmoid, num_components=10
    threads: 4
    resources: mem_mb=32000, mem_mib=30518, disk_mb=1000, disk_mib=954, tmpdir=<TBD>, partition=vision, gpu=1, runtime=60

Submitted job 78 with external jobid '2324434'.
[Mon Nov 27 11:01:49 2023]
Finished job 156.
29 of 98 steps (30%) done
Select jobs to execute...

[Mon Nov 27 11:01:49 2023]
rule test_prior:
    input: train_prior_outputs/esm2_32_sigmoid_32.out
    output: results/test_prior_rows/esm2_32_sigmoid_32
    jobid: 80
    reason: Missing output files: results/test_prior_rows/esm2_32_sigmoid_32
    wildcards: lm=esm2, dimension=32, activation=sigmoid, num_components=32
    threads: 4
    resources: mem_mb=32000, mem_mib=30518, disk_mb=1000, disk_mib=954, tmpdir=<TBD>, partition=vision, gpu=1, runtime=60

Submitted job 80 with external jobid '2324436'.
[Mon Nov 27 11:02:10 2023]
Finished job 148.
30 of 98 steps (31%) done
Select jobs to execute...

[Mon Nov 27 11:02:10 2023]
rule test_prior:
    input: train_prior_outputs/protT5_32_softmax_1.out
    output: results/test_prior_rows/protT5_32_softmax_1
    jobid: 132
    reason: Missing output files: results/test_prior_rows/protT5_32_softmax_1
    wildcards: lm=protT5, dimension=32, activation=softmax, num_components=1
    threads: 4
    resources: mem_mb=32000, mem_mib=30518, disk_mb=1000, disk_mib=954, tmpdir=<TBD>, partition=vision, gpu=1, runtime=60

Submitted job 132 with external jobid '2324437'.
[Mon Nov 27 11:02:27 2023]
Finished job 70.
31 of 98 steps (32%) done
Select jobs to execute...

[Mon Nov 27 11:02:27 2023]
rule test_prior:
    input: train_prior_outputs/esm2_32_sigmoid_100.out
    output: results/test_prior_rows/esm2_32_sigmoid_100
    jobid: 82
    reason: Missing output files: results/test_prior_rows/esm2_32_sigmoid_100
    wildcards: lm=esm2, dimension=32, activation=sigmoid, num_components=100
    threads: 4
    resources: mem_mb=32000, mem_mib=30518, disk_mb=1000, disk_mib=954, tmpdir=<TBD>, partition=vision, gpu=1, runtime=60

Submitted job 82 with external jobid '2324438'.
[Mon Nov 27 11:03:09 2023]
Finished job 72.
32 of 98 steps (33%) done
Select jobs to execute...

[Mon Nov 27 11:03:09 2023]
rule test_prior:
    input: train_prior_outputs/protT5_32_sigmoid_1.out
    output: results/test_prior_rows/protT5_32_sigmoid_1
    jobid: 140
    reason: Missing output files: results/test_prior_rows/protT5_32_sigmoid_1
    wildcards: lm=protT5, dimension=32, activation=sigmoid, num_components=1
    threads: 4
    resources: mem_mb=32000, mem_mib=30518, disk_mb=1000, disk_mib=954, tmpdir=<TBD>, partition=vision, gpu=1, runtime=60

Submitted job 140 with external jobid '2324439'.
[Mon Nov 27 11:03:10 2023]
Finished job 74.
33 of 98 steps (34%) done
Select jobs to execute...

[Mon Nov 27 11:03:10 2023]
rule test_prior:
    input: train_prior_outputs/esm2_16_softmax_1.out
    output: results/test_prior_rows/esm2_16_softmax_1
    jobid: 52
    reason: Missing output files: results/test_prior_rows/esm2_16_softmax_1
    wildcards: lm=esm2, dimension=16, activation=softmax, num_components=1
    threads: 4
    resources: mem_mb=32000, mem_mib=30518, disk_mb=1000, disk_mib=954, tmpdir=<TBD>, partition=vision, gpu=1, runtime=60

Submitted job 52 with external jobid '2324440'.
[Mon Nov 27 11:03:11 2023]
Finished job 78.
34 of 98 steps (35%) done
Select jobs to execute...

[Mon Nov 27 11:03:11 2023]
rule test_prior:
    input: train_prior_outputs/proteinBERT_64_softmax_100.out
    output: results/test_prior_rows/proteinBERT_64_softmax_100
    jobid: 218
    reason: Missing output files: results/test_prior_rows/proteinBERT_64_softmax_100
    wildcards: lm=proteinBERT, dimension=64, activation=softmax, num_components=100
    threads: 4
    resources: mem_mb=32000, mem_mib=30518, disk_mb=1000, disk_mib=954, tmpdir=<TBD>, partition=vision, gpu=1, runtime=60

Submitted job 218 with external jobid '2324441'.
[Mon Nov 27 11:03:12 2023]
Finished job 76.
35 of 98 steps (36%) done
Select jobs to execute...

[Mon Nov 27 11:03:12 2023]
rule test_prior:
    input: train_prior_outputs/esm2_16_sigmoid_1.out
    output: results/test_prior_rows/esm2_16_sigmoid_1
    jobid: 60
    reason: Missing output files: results/test_prior_rows/esm2_16_sigmoid_1
    wildcards: lm=esm2, dimension=16, activation=sigmoid, num_components=1
    threads: 4
    resources: mem_mb=32000, mem_mib=30518, disk_mb=1000, disk_mib=954, tmpdir=<TBD>, partition=vision, gpu=1, runtime=60

Submitted job 60 with external jobid '2324442'.
[Mon Nov 27 11:03:13 2023]
Finished job 234.
36 of 98 steps (37%) done
Select jobs to execute...

[Mon Nov 27 11:03:13 2023]
rule test_prior:
    input: train_prior_outputs/esm2_16_softmax_10.out
    output: results/test_prior_rows/esm2_16_softmax_10
    jobid: 54
    reason: Missing output files: results/test_prior_rows/esm2_16_softmax_10
    wildcards: lm=esm2, dimension=16, activation=softmax, num_components=10
    threads: 4
    resources: mem_mb=32000, mem_mib=30518, disk_mb=1000, disk_mib=954, tmpdir=<TBD>, partition=vision, gpu=1, runtime=60

Submitted job 54 with external jobid '2324443'.
[Mon Nov 27 11:03:35 2023]
Finished job 82.
37 of 98 steps (38%) done
Select jobs to execute...

[Mon Nov 27 11:03:35 2023]
rule test_prior:
    input: train_prior_outputs/esm2_16_softmax_32.out
    output: results/test_prior_rows/esm2_16_softmax_32
    jobid: 56
    reason: Missing output files: results/test_prior_rows/esm2_16_softmax_32
    wildcards: lm=esm2, dimension=16, activation=softmax, num_components=32
    threads: 4
    resources: mem_mb=32000, mem_mib=30518, disk_mb=1000, disk_mib=954, tmpdir=<TBD>, partition=vision, gpu=1, runtime=60

Submitted job 56 with external jobid '2324444'.
[Mon Nov 27 11:03:35 2023]
Finished job 80.
38 of 98 steps (39%) done
Select jobs to execute...

[Mon Nov 27 11:03:35 2023]
rule test_prior:
    input: train_prior_outputs/proteinBERT_128_softmax_32.out
    output: results/test_prior_rows/proteinBERT_128_softmax_32
    jobid: 232
    reason: Missing output files: results/test_prior_rows/proteinBERT_128_softmax_32
    wildcards: lm=proteinBERT, dimension=128, activation=softmax, num_components=32
    threads: 4
    resources: mem_mb=32000, mem_mib=30518, disk_mb=1000, disk_mib=954, tmpdir=<TBD>, partition=vision, gpu=1, runtime=60

Submitted job 232 with external jobid '2324445'.
[Mon Nov 27 11:04:38 2023]
Finished job 132.
39 of 98 steps (40%) done
Select jobs to execute...

[Mon Nov 27 11:04:38 2023]
rule test_prior:
    input: train_prior_outputs/esm2_16_softmax_100.out
    output: results/test_prior_rows/esm2_16_softmax_100
    jobid: 58
    reason: Missing output files: results/test_prior_rows/esm2_16_softmax_100
    wildcards: lm=esm2, dimension=16, activation=softmax, num_components=100
    threads: 4
    resources: mem_mb=32000, mem_mib=30518, disk_mb=1000, disk_mib=954, tmpdir=<TBD>, partition=vision, gpu=1, runtime=60

Submitted job 58 with external jobid '2324447'.
[Mon Nov 27 11:04:53 2023]
Finished job 56.
40 of 98 steps (41%) done
Select jobs to execute...

[Mon Nov 27 11:04:53 2023]
rule test_prior:
    input: train_prior_outputs/esm2_16_sigmoid_10.out
    output: results/test_prior_rows/esm2_16_sigmoid_10
    jobid: 62
    reason: Missing output files: results/test_prior_rows/esm2_16_sigmoid_10
    wildcards: lm=esm2, dimension=16, activation=sigmoid, num_components=10
    threads: 4
    resources: mem_mb=32000, mem_mib=30518, disk_mb=1000, disk_mib=954, tmpdir=<TBD>, partition=vision, gpu=1, runtime=60

Submitted job 62 with external jobid '2324448'.
[Mon Nov 27 11:05:15 2023]
Finished job 232.
41 of 98 steps (42%) done
Select jobs to execute...

[Mon Nov 27 11:05:15 2023]
rule test_prior:
    input: train_prior_outputs/esm2_16_sigmoid_32.out
    output: results/test_prior_rows/esm2_16_sigmoid_32
    jobid: 64
    reason: Missing output files: results/test_prior_rows/esm2_16_sigmoid_32
    wildcards: lm=esm2, dimension=16, activation=sigmoid, num_components=32
    threads: 4
    resources: mem_mb=32000, mem_mib=30518, disk_mb=1000, disk_mib=954, tmpdir=<TBD>, partition=vision, gpu=1, runtime=60

Submitted job 64 with external jobid '2324449'.
[Mon Nov 27 11:05:16 2023]
Finished job 140.
42 of 98 steps (43%) done
Select jobs to execute...

[Mon Nov 27 11:05:16 2023]
rule test_prior:
    input: train_prior_outputs/proteinBERT_128_sigmoid_32.out
    output: results/test_prior_rows/proteinBERT_128_sigmoid_32
    jobid: 240
    reason: Missing output files: results/test_prior_rows/proteinBERT_128_sigmoid_32
    wildcards: lm=proteinBERT, dimension=128, activation=sigmoid, num_components=32
    threads: 4
    resources: mem_mb=32000, mem_mib=30518, disk_mb=1000, disk_mib=954, tmpdir=<TBD>, partition=vision, gpu=1, runtime=60

Submitted job 240 with external jobid '2324450'.
[Mon Nov 27 11:05:17 2023]
Finished job 52.
43 of 98 steps (44%) done
Select jobs to execute...

[Mon Nov 27 11:05:17 2023]
rule test_prior:
    input: train_prior_outputs/esm2_16_sigmoid_100.out
    output: results/test_prior_rows/esm2_16_sigmoid_100
    jobid: 66
    reason: Missing output files: results/test_prior_rows/esm2_16_sigmoid_100
    wildcards: lm=esm2, dimension=16, activation=sigmoid, num_components=100
    threads: 4
    resources: mem_mb=32000, mem_mib=30518, disk_mb=1000, disk_mib=954, tmpdir=<TBD>, partition=vision, gpu=1, runtime=60

Submitted job 66 with external jobid '2324451'.
[Mon Nov 27 11:05:18 2023]
Finished job 218.
44 of 98 steps (45%) done
Select jobs to execute...

[Mon Nov 27 11:05:18 2023]
rule test_prior:
    input: train_prior_outputs/protT5_32_softmax_10.out
    output: results/test_prior_rows/protT5_32_softmax_10
    jobid: 134
    reason: Missing output files: results/test_prior_rows/protT5_32_softmax_10
    wildcards: lm=protT5, dimension=32, activation=softmax, num_components=10
    threads: 4
    resources: mem_mb=32000, mem_mib=30518, disk_mb=1000, disk_mib=954, tmpdir=<TBD>, partition=vision, gpu=1, runtime=60

Submitted job 134 with external jobid '2324452'.
[Mon Nov 27 11:05:40 2023]
Finished job 58.
45 of 98 steps (46%) done
Select jobs to execute...

[Mon Nov 27 11:05:40 2023]
rule test_prior:
    input: train_prior_outputs/protT5_32_softmax_32.out
    output: results/test_prior_rows/protT5_32_softmax_32
    jobid: 136
    reason: Missing output files: results/test_prior_rows/protT5_32_softmax_32
    wildcards: lm=protT5, dimension=32, activation=softmax, num_components=32
    threads: 4
    resources: mem_mb=32000, mem_mib=30518, disk_mb=1000, disk_mib=954, tmpdir=<TBD>, partition=vision, gpu=1, runtime=60

Submitted job 136 with external jobid '2324453'.
[Mon Nov 27 11:05:45 2023]
Finished job 242.
46 of 98 steps (47%) done
Select jobs to execute...

[Mon Nov 27 11:05:45 2023]
rule test_prior:
    input: train_prior_outputs/protT5_32_sigmoid_10.out
    output: results/test_prior_rows/protT5_32_sigmoid_10
    jobid: 142
    reason: Missing output files: results/test_prior_rows/protT5_32_sigmoid_10
    wildcards: lm=protT5, dimension=32, activation=sigmoid, num_components=10
    threads: 4
    resources: mem_mb=32000, mem_mib=30518, disk_mb=1000, disk_mib=954, tmpdir=<TBD>, partition=vision, gpu=1, runtime=60

Submitted job 142 with external jobid '2324454'.
[Mon Nov 27 11:06:22 2023]
Finished job 60.
47 of 98 steps (48%) done
Select jobs to execute...

[Mon Nov 27 11:06:22 2023]
rule test_prior:
    input: train_prior_outputs/protT5_32_softmax_100.out
    output: results/test_prior_rows/protT5_32_softmax_100
    jobid: 138
    reason: Missing output files: results/test_prior_rows/protT5_32_softmax_100
    wildcards: lm=protT5, dimension=32, activation=softmax, num_components=100
    threads: 4
    resources: mem_mb=32000, mem_mib=30518, disk_mb=1000, disk_mib=954, tmpdir=<TBD>, partition=vision, gpu=1, runtime=60

Submitted job 138 with external jobid '2324455'.
[Mon Nov 27 11:06:23 2023]
Finished job 54.
48 of 98 steps (49%) done
Select jobs to execute...

[Mon Nov 27 11:06:23 2023]
rule test_prior:
    input: train_prior_outputs/protT5_32_sigmoid_32.out
    output: results/test_prior_rows/protT5_32_sigmoid_32
    jobid: 144
    reason: Missing output files: results/test_prior_rows/protT5_32_sigmoid_32
    wildcards: lm=protT5, dimension=32, activation=sigmoid, num_components=32
    threads: 4
    resources: mem_mb=32000, mem_mib=30518, disk_mb=1000, disk_mib=954, tmpdir=<TBD>, partition=vision, gpu=1, runtime=60

Submitted job 144 with external jobid '2324456'.
[Mon Nov 27 11:06:39 2023]
Finished job 136.
49 of 98 steps (50%) done
Select jobs to execute...

[Mon Nov 27 11:06:39 2023]
rule test_prior:
    input: train_prior_outputs/protT5_32_sigmoid_100.out
    output: results/test_prior_rows/protT5_32_sigmoid_100
    jobid: 146
    reason: Missing output files: results/test_prior_rows/protT5_32_sigmoid_100
    wildcards: lm=protT5, dimension=32, activation=sigmoid, num_components=100
    threads: 4
    resources: mem_mb=32000, mem_mib=30518, disk_mb=1000, disk_mib=954, tmpdir=<TBD>, partition=vision, gpu=1, runtime=60

Submitted job 146 with external jobid '2324457'.
[Mon Nov 27 11:07:01 2023]
Finished job 64.
50 of 98 steps (51%) done
Select jobs to execute...

[Mon Nov 27 11:07:01 2023]
rule test_prior:
    input: train_prior_outputs/protT5_16_softmax_1.out
    output: results/test_prior_rows/protT5_16_softmax_1
    jobid: 116
    reason: Missing output files: results/test_prior_rows/protT5_16_softmax_1
    wildcards: lm=protT5, dimension=16, activation=softmax, num_components=1
    threads: 4
    resources: mem_mb=32000, mem_mib=30518, disk_mb=1000, disk_mib=954, tmpdir=<TBD>, partition=vision, gpu=1, runtime=60

Submitted job 116 with external jobid '2324458'.
[Mon Nov 27 11:07:23 2023]
Finished job 240.
51 of 98 steps (52%) done
Select jobs to execute...

[Mon Nov 27 11:07:23 2023]
rule test_prior:
    input: train_prior_outputs/protT5_16_sigmoid_1.out
    output: results/test_prior_rows/protT5_16_sigmoid_1
    jobid: 124
    reason: Missing output files: results/test_prior_rows/protT5_16_sigmoid_1
    wildcards: lm=protT5, dimension=16, activation=sigmoid, num_components=1
    threads: 4
    resources: mem_mb=32000, mem_mib=30518, disk_mb=1000, disk_mib=954, tmpdir=<TBD>, partition=vision, gpu=1, runtime=60

Submitted job 124 with external jobid '2324459'.
[Mon Nov 27 11:07:24 2023]
Finished job 66.
52 of 98 steps (53%) done
Select jobs to execute...

[Mon Nov 27 11:07:24 2023]
rule test_prior:
    input: train_prior_outputs/protT5_16_softmax_10.out
    output: results/test_prior_rows/protT5_16_softmax_10
    jobid: 118
    reason: Missing output files: results/test_prior_rows/protT5_16_softmax_10
    wildcards: lm=protT5, dimension=16, activation=softmax, num_components=10
    threads: 4
    resources: mem_mb=32000, mem_mib=30518, disk_mb=1000, disk_mib=954, tmpdir=<TBD>, partition=vision, gpu=1, runtime=60

Submitted job 118 with external jobid '2324460'.
[Mon Nov 27 11:07:25 2023]
Finished job 134.
53 of 98 steps (54%) done
Select jobs to execute...

[Mon Nov 27 11:07:25 2023]
rule test_prior:
    input: train_prior_outputs/protT5_16_softmax_32.out
    output: results/test_prior_rows/protT5_16_softmax_32
    jobid: 120
    reason: Missing output files: results/test_prior_rows/protT5_16_softmax_32
    wildcards: lm=protT5, dimension=16, activation=softmax, num_components=32
    threads: 4
    resources: mem_mb=32000, mem_mib=30518, disk_mb=1000, disk_mib=954, tmpdir=<TBD>, partition=vision, gpu=1, runtime=60

Submitted job 120 with external jobid '2324461'.
[Mon Nov 27 11:07:30 2023]
Finished job 142.
54 of 98 steps (55%) done
Select jobs to execute...

[Mon Nov 27 11:07:30 2023]
rule test_prior:
    input: train_prior_outputs/protT5_16_sigmoid_10.out
    output: results/test_prior_rows/protT5_16_sigmoid_10
    jobid: 126
    reason: Missing output files: results/test_prior_rows/protT5_16_sigmoid_10
    wildcards: lm=protT5, dimension=16, activation=sigmoid, num_components=10
    threads: 4
    resources: mem_mb=32000, mem_mib=30518, disk_mb=1000, disk_mib=954, tmpdir=<TBD>, partition=vision, gpu=1, runtime=60

Submitted job 126 with external jobid '2324462'.
[Mon Nov 27 11:07:45 2023]
Finished job 146.
55 of 98 steps (56%) done
Select jobs to execute...

[Mon Nov 27 11:07:45 2023]
rule test_prior:
    input: train_prior_outputs/protT5_16_softmax_100.out
    output: results/test_prior_rows/protT5_16_softmax_100
    jobid: 122
    reason: Missing output files: results/test_prior_rows/protT5_16_softmax_100
    wildcards: lm=protT5, dimension=16, activation=softmax, num_components=100
    threads: 4
    resources: mem_mb=32000, mem_mib=30518, disk_mb=1000, disk_mib=954, tmpdir=<TBD>, partition=vision, gpu=1, runtime=60

Submitted job 122 with external jobid '2324463'.
[Mon Nov 27 11:08:08 2023]
Finished job 62.
56 of 98 steps (57%) done
Select jobs to execute...

[Mon Nov 27 11:08:08 2023]
rule test_prior:
    input: train_prior_outputs/protT5_16_sigmoid_32.out
    output: results/test_prior_rows/protT5_16_sigmoid_32
    jobid: 128
    reason: Missing output files: results/test_prior_rows/protT5_16_sigmoid_32
    wildcards: lm=protT5, dimension=16, activation=sigmoid, num_components=32
    threads: 4
    resources: mem_mb=32000, mem_mib=30518, disk_mb=1000, disk_mib=954, tmpdir=<TBD>, partition=vision, gpu=1, runtime=60

Submitted job 128 with external jobid '2324464'.
[Mon Nov 27 11:08:10 2023]
Finished job 100.
57 of 98 steps (58%) done
Select jobs to execute...

[Mon Nov 27 11:08:10 2023]
rule test_prior:
    input: train_prior_outputs/protT5_16_sigmoid_100.out
    output: results/test_prior_rows/protT5_16_sigmoid_100
    jobid: 130
    reason: Missing output files: results/test_prior_rows/protT5_16_sigmoid_100
    wildcards: lm=protT5, dimension=16, activation=sigmoid, num_components=100
    threads: 4
    resources: mem_mb=32000, mem_mib=30518, disk_mb=1000, disk_mib=954, tmpdir=<TBD>, partition=vision, gpu=1, runtime=60

Submitted job 130 with external jobid '2324465'.
[Mon Nov 27 11:08:11 2023]
Finished job 102.
58 of 98 steps (59%) done
Select jobs to execute...

[Mon Nov 27 11:08:11 2023]
rule test_prior:
    input: train_prior_outputs/proteinBERT_64_softmax_32.out
    output: results/test_prior_rows/proteinBERT_64_softmax_32
    jobid: 216
    reason: Missing output files: results/test_prior_rows/proteinBERT_64_softmax_32
    wildcards: lm=proteinBERT, dimension=64, activation=softmax, num_components=32
    threads: 4
    resources: mem_mb=32000, mem_mib=30518, disk_mb=1000, disk_mib=954, tmpdir=<TBD>, partition=vision, gpu=1, runtime=60

Submitted job 216 with external jobid '2324466'.
[Mon Nov 27 11:08:30 2023]
Finished job 138.
59 of 98 steps (60%) done
Select jobs to execute...

[Mon Nov 27 11:08:30 2023]
rule test_prior:
    input: train_prior_outputs/proteinBERT_128_softmax_10.out
    output: results/test_prior_rows/proteinBERT_128_softmax_10
    jobid: 230
    reason: Missing output files: results/test_prior_rows/proteinBERT_128_softmax_10
    wildcards: lm=proteinBERT, dimension=128, activation=softmax, num_components=10
    threads: 4
    resources: mem_mb=32000, mem_mib=30518, disk_mb=1000, disk_mib=954, tmpdir=<TBD>, partition=vision, gpu=1, runtime=60

Submitted job 230 with external jobid '2324467'.
[Mon Nov 27 11:08:31 2023]
Finished job 144.
60 of 98 steps (61%) done
Select jobs to execute...

[Mon Nov 27 11:08:31 2023]
rule test_prior:
    input: train_prior_outputs/proteinBERT_128_sigmoid_10.out
    output: results/test_prior_rows/proteinBERT_128_sigmoid_10
    jobid: 238
    reason: Missing output files: results/test_prior_rows/proteinBERT_128_sigmoid_10
    wildcards: lm=proteinBERT, dimension=128, activation=sigmoid, num_components=10
    threads: 4
    resources: mem_mb=32000, mem_mib=30518, disk_mb=1000, disk_mib=954, tmpdir=<TBD>, partition=vision, gpu=1, runtime=60

Submitted job 238 with external jobid '2324468'.
[Mon Nov 27 11:08:48 2023]
Finished job 122.
61 of 98 steps (62%) done
Select jobs to execute...

[Mon Nov 27 11:08:48 2023]
rule test_prior:
    input: train_prior_outputs/proteinBERT_64_sigmoid_10.out
    output: results/test_prior_rows/proteinBERT_64_sigmoid_10
    jobid: 222
    reason: Missing output files: results/test_prior_rows/proteinBERT_64_sigmoid_10
    wildcards: lm=proteinBERT, dimension=64, activation=sigmoid, num_components=10
    threads: 4
    resources: mem_mb=32000, mem_mib=30518, disk_mb=1000, disk_mib=954, tmpdir=<TBD>, partition=vision, gpu=1, runtime=60

Submitted job 222 with external jobid '2324469'.
[Mon Nov 27 11:09:10 2023]
Finished job 124.
62 of 98 steps (63%) done
Select jobs to execute...

[Mon Nov 27 11:09:10 2023]
rule test_prior:
    input: train_prior_outputs/proteinBERT_64_sigmoid_32.out
    output: results/test_prior_rows/proteinBERT_64_sigmoid_32
    jobid: 224
    reason: Missing output files: results/test_prior_rows/proteinBERT_64_sigmoid_32
    wildcards: lm=proteinBERT, dimension=64, activation=sigmoid, num_components=32
    threads: 4
    resources: mem_mb=32000, mem_mib=30518, disk_mb=1000, disk_mib=954, tmpdir=<TBD>, partition=vision, gpu=1, runtime=60

Submitted job 224 with external jobid '2324472'.
[Mon Nov 27 11:09:12 2023]
Finished job 120.
63 of 98 steps (64%) done
Select jobs to execute...

[Mon Nov 27 11:09:12 2023]
rule test_prior:
    input: train_prior_outputs/proteinBERT_64_sigmoid_100.out
    output: results/test_prior_rows/proteinBERT_64_sigmoid_100
    jobid: 226
    reason: Missing output files: results/test_prior_rows/proteinBERT_64_sigmoid_100
    wildcards: lm=proteinBERT, dimension=64, activation=sigmoid, num_components=100
    threads: 4
    resources: mem_mb=32000, mem_mib=30518, disk_mb=1000, disk_mib=954, tmpdir=<TBD>, partition=vision, gpu=1, runtime=60

Submitted job 226 with external jobid '2324473'.
[Mon Nov 27 11:09:13 2023]
Finished job 116.
64 of 98 steps (65%) done
Select jobs to execute...

[Mon Nov 27 11:09:13 2023]
rule test_prior:
    input: train_prior_outputs/proteinBERT_64_softmax_10.out
    output: results/test_prior_rows/proteinBERT_64_softmax_10
    jobid: 214
    reason: Missing output files: results/test_prior_rows/proteinBERT_64_softmax_10
    wildcards: lm=proteinBERT, dimension=64, activation=softmax, num_components=10
    threads: 4
    resources: mem_mb=32000, mem_mib=30518, disk_mb=1000, disk_mib=954, tmpdir=<TBD>, partition=vision, gpu=1, runtime=60

Submitted job 214 with external jobid '2324474'.
[Mon Nov 27 11:09:14 2023]
Finished job 98.
65 of 98 steps (66%) done
Select jobs to execute...

[Mon Nov 27 11:09:14 2023]
rule test_prior:
    input: train_prior_outputs/proteinBERT_128_softmax_1.out
    output: results/test_prior_rows/proteinBERT_128_softmax_1
    jobid: 228
    reason: Missing output files: results/test_prior_rows/proteinBERT_128_softmax_1
    wildcards: lm=proteinBERT, dimension=128, activation=softmax, num_components=1
    threads: 4
    resources: mem_mb=32000, mem_mib=30518, disk_mb=1000, disk_mib=954, tmpdir=<TBD>, partition=vision, gpu=1, runtime=60

Submitted job 228 with external jobid '2324475'.
[Mon Nov 27 11:09:15 2023]
Finished job 126.
66 of 98 steps (67%) done
Select jobs to execute...

[Mon Nov 27 11:09:15 2023]
rule test_prior:
    input: train_prior_outputs/proteinBERT_128_sigmoid_1.out
    output: results/test_prior_rows/proteinBERT_128_sigmoid_1
    jobid: 236
    reason: Missing output files: results/test_prior_rows/proteinBERT_128_sigmoid_1
    wildcards: lm=proteinBERT, dimension=128, activation=sigmoid, num_components=1
    threads: 4
    resources: mem_mb=32000, mem_mib=30518, disk_mb=1000, disk_mib=954, tmpdir=<TBD>, partition=vision, gpu=1, runtime=60

Submitted job 236 with external jobid '2324476'.
[Mon Nov 27 11:09:29 2023]
Finished job 222.
67 of 98 steps (68%) done
Select jobs to execute...

[Mon Nov 27 11:09:29 2023]
rule test_prior:
    input: train_prior_outputs/proteinBERT_64_softmax_1.out
    output: results/test_prior_rows/proteinBERT_64_softmax_1
    jobid: 212
    reason: Missing output files: results/test_prior_rows/proteinBERT_64_softmax_1
    wildcards: lm=proteinBERT, dimension=64, activation=softmax, num_components=1
    threads: 4
    resources: mem_mb=32000, mem_mib=30518, disk_mb=1000, disk_mib=954, tmpdir=<TBD>, partition=vision, gpu=1, runtime=60

Submitted job 212 with external jobid '2324478'.
[Mon Nov 27 11:09:35 2023]
Finished job 118.
68 of 98 steps (69%) done
Select jobs to execute...

[Mon Nov 27 11:09:35 2023]
rule test_prior:
    input: train_prior_outputs/proteinBERT_64_sigmoid_1.out
    output: results/test_prior_rows/proteinBERT_64_sigmoid_1
    jobid: 220
    reason: Missing output files: results/test_prior_rows/proteinBERT_64_sigmoid_1
    wildcards: lm=proteinBERT, dimension=64, activation=sigmoid, num_components=1
    threads: 4
    resources: mem_mb=32000, mem_mib=30518, disk_mb=1000, disk_mib=954, tmpdir=<TBD>, partition=vision, gpu=1, runtime=60

Submitted job 220 with external jobid '2324479'.
[Mon Nov 27 11:10:28 2023]
Finished job 212.
69 of 98 steps (70%) done
Select jobs to execute...

[Mon Nov 27 11:10:28 2023]
rule test_prior:
    input: train_prior_outputs/proteinBERT_32_softmax_1.out
    output: results/test_prior_rows/proteinBERT_32_softmax_1
    jobid: 196
    reason: Missing output files: results/test_prior_rows/proteinBERT_32_softmax_1
    wildcards: lm=proteinBERT, dimension=32, activation=softmax, num_components=1
    threads: 4
    resources: mem_mb=32000, mem_mib=30518, disk_mb=1000, disk_mib=954, tmpdir=<TBD>, partition=vision, gpu=1, runtime=60

Submitted job 196 with external jobid '2324481'.
[Mon Nov 27 11:10:29 2023]
Finished job 220.
70 of 98 steps (71%) done
Select jobs to execute...

[Mon Nov 27 11:10:29 2023]
rule test_prior:
    input: train_prior_outputs/proteinBERT_32_sigmoid_1.out
    output: results/test_prior_rows/proteinBERT_32_sigmoid_1
    jobid: 204
    reason: Missing output files: results/test_prior_rows/proteinBERT_32_sigmoid_1
    wildcards: lm=proteinBERT, dimension=32, activation=sigmoid, num_components=1
    threads: 4
    resources: mem_mb=32000, mem_mib=30518, disk_mb=1000, disk_mib=954, tmpdir=<TBD>, partition=vision, gpu=1, runtime=60

Submitted job 204 with external jobid '2324482'.
[Mon Nov 27 11:10:31 2023]
Finished job 226.
71 of 98 steps (72%) done
Select jobs to execute...

[Mon Nov 27 11:10:31 2023]
rule test_prior:
    input: train_prior_outputs/proteinBERT_32_softmax_100.out
    output: results/test_prior_rows/proteinBERT_32_softmax_100
    jobid: 202
    reason: Missing output files: results/test_prior_rows/proteinBERT_32_softmax_100
    wildcards: lm=proteinBERT, dimension=32, activation=softmax, num_components=100
    threads: 4
    resources: mem_mb=32000, mem_mib=30518, disk_mb=1000, disk_mib=954, tmpdir=<TBD>, partition=vision, gpu=1, runtime=60

Submitted job 202 with external jobid '2324483'.
[Mon Nov 27 11:10:32 2023]
Finished job 214.
72 of 98 steps (73%) done
Select jobs to execute...

[Mon Nov 27 11:10:32 2023]
rule test_prior:
    input: train_prior_outputs/proteinBERT_32_sigmoid_100.out
    output: results/test_prior_rows/proteinBERT_32_sigmoid_100
    jobid: 210
    reason: Missing output files: results/test_prior_rows/proteinBERT_32_sigmoid_100
    wildcards: lm=proteinBERT, dimension=32, activation=sigmoid, num_components=100
    threads: 4
    resources: mem_mb=32000, mem_mib=30518, disk_mb=1000, disk_mib=954, tmpdir=<TBD>, partition=vision, gpu=1, runtime=60

Submitted job 210 with external jobid '2324484'.
[Mon Nov 27 11:10:33 2023]
Finished job 228.
73 of 98 steps (74%) done
Select jobs to execute...

[Mon Nov 27 11:10:33 2023]
rule test_prior:
    input: train_prior_outputs/proteinBERT_32_softmax_32.out
    output: results/test_prior_rows/proteinBERT_32_softmax_32
    jobid: 200
    reason: Missing output files: results/test_prior_rows/proteinBERT_32_softmax_32
    wildcards: lm=proteinBERT, dimension=32, activation=softmax, num_components=32
    threads: 4
    resources: mem_mb=32000, mem_mib=30518, disk_mb=1000, disk_mib=954, tmpdir=<TBD>, partition=vision, gpu=1, runtime=60

Submitted job 200 with external jobid '2324485'.
[Mon Nov 27 11:10:34 2023]
Finished job 230.
74 of 98 steps (76%) done
Select jobs to execute...

[Mon Nov 27 11:10:34 2023]
rule test_prior:
    input: train_prior_outputs/proteinBERT_32_sigmoid_32.out
    output: results/test_prior_rows/proteinBERT_32_sigmoid_32
    jobid: 208
    reason: Missing output files: results/test_prior_rows/proteinBERT_32_sigmoid_32
    wildcards: lm=proteinBERT, dimension=32, activation=sigmoid, num_components=32
    threads: 4
    resources: mem_mb=32000, mem_mib=30518, disk_mb=1000, disk_mib=954, tmpdir=<TBD>, partition=vision, gpu=1, runtime=60

Submitted job 208 with external jobid '2324486'.
[Mon Nov 27 11:10:35 2023]
Finished job 238.
75 of 98 steps (77%) done
Select jobs to execute...

[Mon Nov 27 11:10:35 2023]
rule test_prior:
    input: train_prior_outputs/proteinBERT_16_sigmoid_32.out
    output: results/test_prior_rows/proteinBERT_16_sigmoid_32
    jobid: 192
    reason: Missing output files: results/test_prior_rows/proteinBERT_16_sigmoid_32
    wildcards: lm=proteinBERT, dimension=16, activation=sigmoid, num_components=32
    threads: 4
    resources: mem_mb=32000, mem_mib=30518, disk_mb=1000, disk_mib=954, tmpdir=<TBD>, partition=vision, gpu=1, runtime=60

Submitted job 192 with external jobid '2324487'.
[Mon Nov 27 11:10:38 2023]
Finished job 216.
76 of 98 steps (78%) done
Select jobs to execute...

[Mon Nov 27 11:10:38 2023]
rule test_prior:
    input: train_prior_outputs/proteinBERT_16_softmax_100.out
    output: results/test_prior_rows/proteinBERT_16_softmax_100
    jobid: 186
    reason: Missing output files: results/test_prior_rows/proteinBERT_16_softmax_100
    wildcards: lm=proteinBERT, dimension=16, activation=softmax, num_components=100
    threads: 4
    resources: mem_mb=32000, mem_mib=30518, disk_mb=1000, disk_mib=954, tmpdir=<TBD>, partition=vision, gpu=1, runtime=60

Submitted job 186 with external jobid '2324488'.
[Mon Nov 27 11:10:50 2023]
Finished job 196.
77 of 98 steps (79%) done
Select jobs to execute...

[Mon Nov 27 11:10:50 2023]
rule test_prior:
    input: train_prior_outputs/proteinBERT_16_sigmoid_100.out
    output: results/test_prior_rows/proteinBERT_16_sigmoid_100
    jobid: 194
    reason: Missing output files: results/test_prior_rows/proteinBERT_16_sigmoid_100
    wildcards: lm=proteinBERT, dimension=16, activation=sigmoid, num_components=100
    threads: 4
    resources: mem_mb=32000, mem_mib=30518, disk_mb=1000, disk_mib=954, tmpdir=<TBD>, partition=vision, gpu=1, runtime=60

Submitted job 194 with external jobid '2324489'.
[Mon Nov 27 11:11:00 2023]
Finished job 236.
78 of 98 steps (80%) done
Select jobs to execute...

[Mon Nov 27 11:11:00 2023]
rule test_prior:
    input: train_prior_outputs/proteinBERT_16_softmax_32.out
    output: results/test_prior_rows/proteinBERT_16_softmax_32
    jobid: 184
    reason: Missing output files: results/test_prior_rows/proteinBERT_16_softmax_32
    wildcards: lm=proteinBERT, dimension=16, activation=softmax, num_components=32
    threads: 4
    resources: mem_mb=32000, mem_mib=30518, disk_mb=1000, disk_mib=954, tmpdir=<TBD>, partition=vision, gpu=1, runtime=60

Submitted job 184 with external jobid '2324490'.
[Mon Nov 27 11:11:13 2023]
Finished job 194.
79 of 98 steps (81%) done
Select jobs to execute...

[Mon Nov 27 11:11:13 2023]
rule test_prior:
    input: train_prior_outputs/proteinBERT_32_softmax_10.out
    output: results/test_prior_rows/proteinBERT_32_softmax_10
    jobid: 198
    reason: Missing output files: results/test_prior_rows/proteinBERT_32_softmax_10
    wildcards: lm=proteinBERT, dimension=32, activation=softmax, num_components=10
    threads: 4
    resources: mem_mb=32000, mem_mib=30518, disk_mb=1000, disk_mib=954, tmpdir=<TBD>, partition=vision, gpu=1, runtime=60

Submitted job 198 with external jobid '2324491'.
[Mon Nov 27 11:11:31 2023]
Finished job 198.
80 of 98 steps (82%) done
Select jobs to execute...

[Mon Nov 27 11:11:31 2023]
rule test_prior:
    input: train_prior_outputs/proteinBERT_32_sigmoid_10.out
    output: results/test_prior_rows/proteinBERT_32_sigmoid_10
    jobid: 206
    reason: Missing output files: results/test_prior_rows/proteinBERT_32_sigmoid_10
    wildcards: lm=proteinBERT, dimension=32, activation=sigmoid, num_components=10
    threads: 4
    resources: mem_mb=32000, mem_mib=30518, disk_mb=1000, disk_mib=954, tmpdir=<TBD>, partition=vision, gpu=1, runtime=60

Submitted job 206 with external jobid '2324492'.
[Mon Nov 27 11:11:52 2023]
Finished job 206.
81 of 98 steps (83%) done
Select jobs to execute...

[Mon Nov 27 11:11:52 2023]
rule test_prior:
    input: train_prior_outputs/proteinBERT_16_sigmoid_10.out
    output: results/test_prior_rows/proteinBERT_16_sigmoid_10
    jobid: 190
    reason: Missing output files: results/test_prior_rows/proteinBERT_16_sigmoid_10
    wildcards: lm=proteinBERT, dimension=16, activation=sigmoid, num_components=10
    threads: 4
    resources: mem_mb=32000, mem_mib=30518, disk_mb=1000, disk_mib=954, tmpdir=<TBD>, partition=vision, gpu=1, runtime=60

Submitted job 190 with external jobid '2324493'.
[Mon Nov 27 11:11:53 2023]
Finished job 204.
82 of 98 steps (84%) done
Select jobs to execute...

[Mon Nov 27 11:11:53 2023]
rule test_prior:
    input: train_prior_outputs/proteinBERT_16_softmax_10.out
    output: results/test_prior_rows/proteinBERT_16_softmax_10
    jobid: 182
    reason: Missing output files: results/test_prior_rows/proteinBERT_16_softmax_10
    wildcards: lm=proteinBERT, dimension=16, activation=softmax, num_components=10
    threads: 4
    resources: mem_mb=32000, mem_mib=30518, disk_mb=1000, disk_mib=954, tmpdir=<TBD>, partition=vision, gpu=1, runtime=60

Submitted job 182 with external jobid '2324494'.
[Mon Nov 27 11:11:54 2023]
Finished job 202.
83 of 98 steps (85%) done
Select jobs to execute...

[Mon Nov 27 11:11:54 2023]
rule test_prior:
    input: train_prior_outputs/proteinBERT_16_sigmoid_1.out
    output: results/test_prior_rows/proteinBERT_16_sigmoid_1
    jobid: 188
    reason: Missing output files: results/test_prior_rows/proteinBERT_16_sigmoid_1
    wildcards: lm=proteinBERT, dimension=16, activation=sigmoid, num_components=1
    threads: 4
    resources: mem_mb=32000, mem_mib=30518, disk_mb=1000, disk_mib=954, tmpdir=<TBD>, partition=vision, gpu=1, runtime=60

Submitted job 188 with external jobid '2324495'.
[Mon Nov 27 11:11:55 2023]
Finished job 210.
84 of 98 steps (86%) done
Select jobs to execute...

[Mon Nov 27 11:11:55 2023]
rule test_prior:
    input: train_prior_outputs/proteinBERT_16_softmax_1.out
    output: results/test_prior_rows/proteinBERT_16_softmax_1
    jobid: 180
    reason: Missing output files: results/test_prior_rows/proteinBERT_16_softmax_1
    wildcards: lm=proteinBERT, dimension=16, activation=softmax, num_components=1
    threads: 4
    resources: mem_mb=32000, mem_mib=30518, disk_mb=1000, disk_mib=954, tmpdir=<TBD>, partition=vision, gpu=1, runtime=60

Submitted job 180 with external jobid '2324496'.
[Mon Nov 27 11:11:56 2023]
Finished job 200.
85 of 98 steps (87%) done
[Mon Nov 27 11:11:57 2023]
Finished job 208.
86 of 98 steps (88%) done
[Mon Nov 27 11:11:58 2023]
Finished job 192.
87 of 98 steps (89%) done
[Mon Nov 27 11:11:59 2023]
Finished job 186.
88 of 98 steps (90%) done
[Mon Nov 27 11:12:03 2023]
Finished job 184.
89 of 98 steps (91%) done
[Mon Nov 27 11:12:13 2023]
Finished job 190.
90 of 98 steps (92%) done
[Mon Nov 27 11:13:14 2023]
Finished job 182.
91 of 98 steps (93%) done
[Mon Nov 27 11:13:15 2023]
Finished job 188.
92 of 98 steps (94%) done
[Mon Nov 27 11:13:16 2023]
Finished job 180.
93 of 98 steps (95%) done
[Mon Nov 27 11:21:43 2023]
Finished job 128.
94 of 98 steps (96%) done
[Mon Nov 27 11:21:44 2023]
Finished job 130.
95 of 98 steps (97%) done
[Mon Nov 27 11:31:04 2023]
Finished job 224.
96 of 98 steps (98%) done
Select jobs to execute...

[Mon Nov 27 11:31:04 2023]
rule concat_prior_tests:
    input: results/test_prior_rows/esm2_16_softmax_1, results/test_prior_rows/esm2_16_softmax_10, results/test_prior_rows/esm2_16_softmax_32, results/test_prior_rows/esm2_16_softmax_100, results/test_prior_rows/esm2_16_sigmoid_1, results/test_prior_rows/esm2_16_sigmoid_10, results/test_prior_rows/esm2_16_sigmoid_32, results/test_prior_rows/esm2_16_sigmoid_100, results/test_prior_rows/esm2_32_softmax_1, results/test_prior_rows/esm2_32_softmax_10, results/test_prior_rows/esm2_32_softmax_32, results/test_prior_rows/esm2_32_softmax_100, results/test_prior_rows/esm2_32_sigmoid_1, results/test_prior_rows/esm2_32_sigmoid_10, results/test_prior_rows/esm2_32_sigmoid_32, results/test_prior_rows/esm2_32_sigmoid_100, results/test_prior_rows/esm2_64_softmax_1, results/test_prior_rows/esm2_64_softmax_10, results/test_prior_rows/esm2_64_softmax_32, results/test_prior_rows/esm2_64_softmax_100, results/test_prior_rows/esm2_64_sigmoid_1, results/test_prior_rows/esm2_64_sigmoid_10, results/test_prior_rows/esm2_64_sigmoid_32, results/test_prior_rows/esm2_64_sigmoid_100, results/test_prior_rows/esm2_128_softmax_1, results/test_prior_rows/esm2_128_softmax_10, results/test_prior_rows/esm2_128_softmax_32, results/test_prior_rows/esm2_128_softmax_100, results/test_prior_rows/esm2_128_sigmoid_1, results/test_prior_rows/esm2_128_sigmoid_10, results/test_prior_rows/esm2_128_sigmoid_32, results/test_prior_rows/esm2_128_sigmoid_100, results/test_prior_rows/protT5_16_softmax_1, results/test_prior_rows/protT5_16_softmax_10, results/test_prior_rows/protT5_16_softmax_32, results/test_prior_rows/protT5_16_softmax_100, results/test_prior_rows/protT5_16_sigmoid_1, results/test_prior_rows/protT5_16_sigmoid_10, results/test_prior_rows/protT5_16_sigmoid_32, results/test_prior_rows/protT5_16_sigmoid_100, results/test_prior_rows/protT5_32_softmax_1, results/test_prior_rows/protT5_32_softmax_10, results/test_prior_rows/protT5_32_softmax_32, results/test_prior_rows/protT5_32_softmax_100, results/test_prior_rows/protT5_32_sigmoid_1, results/test_prior_rows/protT5_32_sigmoid_10, results/test_prior_rows/protT5_32_sigmoid_32, results/test_prior_rows/protT5_32_sigmoid_100, results/test_prior_rows/protT5_64_softmax_1, results/test_prior_rows/protT5_64_softmax_10, results/test_prior_rows/protT5_64_softmax_32, results/test_prior_rows/protT5_64_softmax_100, results/test_prior_rows/protT5_64_sigmoid_1, results/test_prior_rows/protT5_64_sigmoid_10, results/test_prior_rows/protT5_64_sigmoid_32, results/test_prior_rows/protT5_64_sigmoid_100, results/test_prior_rows/protT5_128_softmax_1, results/test_prior_rows/protT5_128_softmax_10, results/test_prior_rows/protT5_128_softmax_32, results/test_prior_rows/protT5_128_softmax_100, results/test_prior_rows/protT5_128_sigmoid_1, results/test_prior_rows/protT5_128_sigmoid_10, results/test_prior_rows/protT5_128_sigmoid_32, results/test_prior_rows/protT5_128_sigmoid_100, results/test_prior_rows/proteinBERT_16_softmax_1, results/test_prior_rows/proteinBERT_16_softmax_10, results/test_prior_rows/proteinBERT_16_softmax_32, results/test_prior_rows/proteinBERT_16_softmax_100, results/test_prior_rows/proteinBERT_16_sigmoid_1, results/test_prior_rows/proteinBERT_16_sigmoid_10, results/test_prior_rows/proteinBERT_16_sigmoid_32, results/test_prior_rows/proteinBERT_16_sigmoid_100, results/test_prior_rows/proteinBERT_32_softmax_1, results/test_prior_rows/proteinBERT_32_softmax_10, results/test_prior_rows/proteinBERT_32_softmax_32, results/test_prior_rows/proteinBERT_32_softmax_100, results/test_prior_rows/proteinBERT_32_sigmoid_1, results/test_prior_rows/proteinBERT_32_sigmoid_10, results/test_prior_rows/proteinBERT_32_sigmoid_32, results/test_prior_rows/proteinBERT_32_sigmoid_100, results/test_prior_rows/proteinBERT_64_softmax_1, results/test_prior_rows/proteinBERT_64_softmax_10, results/test_prior_rows/proteinBERT_64_softmax_32, results/test_prior_rows/proteinBERT_64_softmax_100, results/test_prior_rows/proteinBERT_64_sigmoid_1, results/test_prior_rows/proteinBERT_64_sigmoid_10, results/test_prior_rows/proteinBERT_64_sigmoid_32, results/test_prior_rows/proteinBERT_64_sigmoid_100, results/test_prior_rows/proteinBERT_128_softmax_1, results/test_prior_rows/proteinBERT_128_softmax_10, results/test_prior_rows/proteinBERT_128_softmax_32, results/test_prior_rows/proteinBERT_128_softmax_100, results/test_prior_rows/proteinBERT_128_sigmoid_1, results/test_prior_rows/proteinBERT_128_sigmoid_10, results/test_prior_rows/proteinBERT_128_sigmoid_32, results/test_prior_rows/proteinBERT_128_sigmoid_100
    output: results/test_prior.tbl
    jobid: 51
    reason: Missing output files: results/test_prior.tbl; Input files updated by another job: results/test_prior_rows/proteinBERT_128_softmax_32, results/test_prior_rows/proteinBERT_32_sigmoid_32, results/test_prior_rows/proteinBERT_128_sigmoid_100, results/test_prior_rows/protT5_16_softmax_10, results/test_prior_rows/esm2_64_sigmoid_10, results/test_prior_rows/protT5_128_sigmoid_100, results/test_prior_rows/esm2_64_softmax_10, results/test_prior_rows/esm2_64_sigmoid_1, results/test_prior_rows/esm2_64_softmax_100, results/test_prior_rows/protT5_32_sigmoid_1, results/test_prior_rows/protT5_16_softmax_1, results/test_prior_rows/proteinBERT_64_sigmoid_10, results/test_prior_rows/protT5_64_sigmoid_1, results/test_prior_rows/protT5_32_softmax_1, results/test_prior_rows/proteinBERT_16_sigmoid_100, results/test_prior_rows/proteinBERT_128_sigmoid_1, results/test_prior_rows/esm2_128_softmax_1, results/test_prior_rows/esm2_16_softmax_10, results/test_prior_rows/esm2_32_softmax_10, results/test_prior_rows/proteinBERT_64_softmax_10, results/test_prior_rows/proteinBERT_32_sigmoid_1, results/test_prior_rows/protT5_32_sigmoid_10, results/test_prior_rows/esm2_16_sigmoid_32, results/test_prior_rows/proteinBERT_128_sigmoid_10, results/test_prior_rows/protT5_64_softmax_100, results/test_prior_rows/proteinBERT_128_softmax_10, results/test_prior_rows/protT5_64_softmax_32, results/test_prior_rows/proteinBERT_32_sigmoid_100, results/test_prior_rows/proteinBERT_64_softmax_32, results/test_prior_rows/esm2_128_sigmoid_1, results/test_prior_rows/proteinBERT_16_sigmoid_10, results/test_prior_rows/protT5_16_sigmoid_32, results/test_prior_rows/protT5_16_softmax_32, results/test_prior_rows/protT5_128_softmax_32, results/test_prior_rows/protT5_64_sigmoid_100, results/test_prior_rows/protT5_32_sigmoid_100, results/test_prior_rows/proteinBERT_16_softmax_32, results/test_prior_rows/protT5_64_sigmoid_10, results/test_prior_rows/esm2_32_softmax_100, results/test_prior_rows/esm2_16_sigmoid_1, results/test_prior_rows/esm2_64_sigmoid_32, results/test_prior_rows/proteinBERT_16_softmax_1, results/test_prior_rows/esm2_128_sigmoid_10, results/test_prior_rows/protT5_128_sigmoid_10, results/test_prior_rows/esm2_128_softmax_32, results/test_prior_rows/esm2_32_sigmoid_100, results/test_prior_rows/proteinBERT_16_softmax_100, results/test_prior_rows/protT5_16_softmax_100, results/test_prior_rows/proteinBERT_64_sigmoid_1, results/test_prior_rows/protT5_64_softmax_10, results/test_prior_rows/esm2_128_softmax_10, results/test_prior_rows/protT5_64_sigmoid_32, results/test_prior_rows/esm2_64_softmax_32, results/test_prior_rows/proteinBERT_16_sigmoid_32, results/test_prior_rows/protT5_128_sigmoid_32, results/test_prior_rows/proteinBERT_16_sigmoid_1, results/test_prior_rows/esm2_128_softmax_100, results/test_prior_rows/protT5_32_softmax_10, results/test_prior_rows/proteinBERT_128_softmax_1, results/test_prior_rows/protT5_64_softmax_1, results/test_prior_rows/protT5_32_softmax_32, results/test_prior_rows/esm2_32_sigmoid_10, results/test_prior_rows/esm2_64_softmax_1, results/test_prior_rows/esm2_32_sigmoid_1, results/test_prior_rows/proteinBERT_32_sigmoid_10, results/test_prior_rows/esm2_32_softmax_1, results/test_prior_rows/esm2_16_softmax_32, results/test_prior_rows/protT5_16_sigmoid_10, results/test_prior_rows/esm2_16_sigmoid_10, results/test_prior_rows/proteinBERT_64_sigmoid_32, results/test_prior_rows/proteinBERT_32_softmax_10, results/test_prior_rows/protT5_128_softmax_10, results/test_prior_rows/proteinBERT_32_softmax_32, results/test_prior_rows/protT5_16_sigmoid_100, results/test_prior_rows/protT5_32_softmax_100, results/test_prior_rows/proteinBERT_64_softmax_100, results/test_prior_rows/protT5_128_softmax_1, results/test_prior_rows/esm2_16_sigmoid_100, results/test_prior_rows/proteinBERT_64_sigmoid_100, results/test_prior_rows/protT5_32_sigmoid_32, results/test_prior_rows/proteinBERT_64_softmax_1, results/test_prior_rows/esm2_16_softmax_100, results/test_prior_rows/proteinBERT_128_softmax_100, results/test_prior_rows/proteinBERT_128_sigmoid_32, results/test_prior_rows/esm2_128_sigmoid_100, results/test_prior_rows/esm2_64_sigmoid_100, results/test_prior_rows/esm2_16_softmax_1, results/test_prior_rows/proteinBERT_32_softmax_1, results/test_prior_rows/esm2_32_softmax_32, results/test_prior_rows/protT5_128_sigmoid_1, results/test_prior_rows/esm2_32_sigmoid_32, results/test_prior_rows/protT5_128_softmax_100, results/test_prior_rows/proteinBERT_32_softmax_100, results/test_prior_rows/esm2_128_sigmoid_32, results/test_prior_rows/proteinBERT_16_softmax_10, results/test_prior_rows/protT5_16_sigmoid_1
    resources: mem_mb=1000, mem_mib=954, disk_mb=1000, disk_mib=954, tmpdir=<TBD>, partition=batch,snowball,pinky, gpu=0

Submitted job 51 with external jobid '2324497'.
[Mon Nov 27 11:31:25 2023]
Finished job 51.
97 of 98 steps (99%) done
Select jobs to execute...

[Mon Nov 27 11:31:25 2023]
localrule all:
    input: results/softmax.tbl, results/sigmoid.tbl, results/test_prior.tbl
    jobid: 0
    reason: Input files updated by another job: results/test_prior.tbl
    resources: mem_mb=10000, mem_mib=9537, disk_mb=1000, disk_mib=954, tmpdir=/tmp, partition=pinky, gpu=0

[Mon Nov 27 11:31:25 2023]
Finished job 0.
98 of 98 steps (100%) done
Complete log: .snakemake/log/2023-11-27T105100.480668.snakemake.log
