Building DAG of jobs...
Using shell: /usr/bin/bash
Provided cluster nodes: 12
Provided resources: msa_load=24, learnMSA_load=12
Job stats:
job            count    min threads    max threads
-----------  -------  -------------  -------------
all                1              1              1
train_prior       24              4              4
total             25              1              4

Select jobs to execute...

[Tue Nov 21 15:20:53 2023]
rule train_prior:
    output: outputs/proteinBERT_32_sigmoid.out
    jobid: 20
    reason: Missing output files: outputs/proteinBERT_32_sigmoid.out
    wildcards: lm=proteinBERT, dimension=32, activation=sigmoid
    threads: 4
    resources: mem_mb=100000, mem_mib=95368, disk_mb=1000, disk_mib=954, tmpdir=<TBD>, partition=vision, gpu=1, runtime=4320

Submitted job 20 with external jobid '2253443'.

[Tue Nov 21 15:21:05 2023]
rule train_prior:
    output: outputs/esm2_64_softmax.out
    jobid: 5
    reason: Missing output files: outputs/esm2_64_softmax.out
    wildcards: lm=esm2, dimension=64, activation=softmax
    threads: 4
    resources: mem_mb=100000, mem_mib=95368, disk_mb=1000, disk_mib=954, tmpdir=<TBD>, partition=vision, gpu=1, runtime=4320

Submitted job 5 with external jobid '2253444'.

[Tue Nov 21 15:21:05 2023]
rule train_prior:
    output: outputs/proteinBERT_64_sigmoid.out
    jobid: 22
    reason: Missing output files: outputs/proteinBERT_64_sigmoid.out
    wildcards: lm=proteinBERT, dimension=64, activation=sigmoid
    threads: 4
    resources: mem_mb=100000, mem_mib=95368, disk_mb=1000, disk_mib=954, tmpdir=<TBD>, partition=vision, gpu=1, runtime=4320

Submitted job 22 with external jobid '2253445'.

[Tue Nov 21 15:21:05 2023]
rule train_prior:
    output: outputs/esm2_128_softmax.out
    jobid: 7
    reason: Missing output files: outputs/esm2_128_softmax.out
    wildcards: lm=esm2, dimension=128, activation=softmax
    threads: 4
    resources: mem_mb=100000, mem_mib=95368, disk_mb=1000, disk_mib=954, tmpdir=<TBD>, partition=vision, gpu=1, runtime=4320

Submitted job 7 with external jobid '2253446'.

[Tue Nov 21 15:21:05 2023]
rule train_prior:
    output: outputs/protT5_64_softmax.out
    jobid: 13
    reason: Missing output files: outputs/protT5_64_softmax.out
    wildcards: lm=protT5, dimension=64, activation=softmax
    threads: 4
    resources: mem_mb=100000, mem_mib=95368, disk_mb=1000, disk_mib=954, tmpdir=<TBD>, partition=vision, gpu=1, runtime=4320

Submitted job 13 with external jobid '2253447'.

[Tue Nov 21 15:21:05 2023]
rule train_prior:
    output: outputs/protT5_128_softmax.out
    jobid: 15
    reason: Missing output files: outputs/protT5_128_softmax.out
    wildcards: lm=protT5, dimension=128, activation=softmax
    threads: 4
    resources: mem_mb=100000, mem_mib=95368, disk_mb=1000, disk_mib=954, tmpdir=<TBD>, partition=vision, gpu=1, runtime=4320

Submitted job 15 with external jobid '2253448'.

[Tue Nov 21 15:21:05 2023]
rule train_prior:
    output: outputs/proteinBERT_64_softmax.out
    jobid: 21
    reason: Missing output files: outputs/proteinBERT_64_softmax.out
    wildcards: lm=proteinBERT, dimension=64, activation=softmax
    threads: 4
    resources: mem_mb=100000, mem_mib=95368, disk_mb=1000, disk_mib=954, tmpdir=<TBD>, partition=vision, gpu=1, runtime=4320

Submitted job 21 with external jobid '2253449'.

[Tue Nov 21 15:21:06 2023]
rule train_prior:
    output: outputs/esm2_64_sigmoid.out
    jobid: 6
    reason: Missing output files: outputs/esm2_64_sigmoid.out
    wildcards: lm=esm2, dimension=64, activation=sigmoid
    threads: 4
    resources: mem_mb=100000, mem_mib=95368, disk_mb=1000, disk_mib=954, tmpdir=<TBD>, partition=vision, gpu=1, runtime=4320

Submitted job 6 with external jobid '2253450'.

[Tue Nov 21 15:21:06 2023]
rule train_prior:
    output: outputs/proteinBERT_128_softmax.out
    jobid: 23
    reason: Missing output files: outputs/proteinBERT_128_softmax.out
    wildcards: lm=proteinBERT, dimension=128, activation=softmax
    threads: 4
    resources: mem_mb=100000, mem_mib=95368, disk_mb=1000, disk_mib=954, tmpdir=<TBD>, partition=vision, gpu=1, runtime=4320

Submitted job 23 with external jobid '2253451'.

[Tue Nov 21 15:21:06 2023]
rule train_prior:
    output: outputs/esm2_128_sigmoid.out
    jobid: 8
    reason: Missing output files: outputs/esm2_128_sigmoid.out
    wildcards: lm=esm2, dimension=128, activation=sigmoid
    threads: 4
    resources: mem_mb=100000, mem_mib=95368, disk_mb=1000, disk_mib=954, tmpdir=<TBD>, partition=vision, gpu=1, runtime=4320

Submitted job 8 with external jobid '2253452'.

[Tue Nov 21 15:21:06 2023]
rule train_prior:
    output: outputs/esm2_16_softmax.out
    jobid: 1
    reason: Missing output files: outputs/esm2_16_softmax.out
    wildcards: lm=esm2, dimension=16, activation=softmax
    threads: 4
    resources: mem_mb=100000, mem_mib=95368, disk_mb=1000, disk_mib=954, tmpdir=<TBD>, partition=vision, gpu=1, runtime=4320

Submitted job 1 with external jobid '2253453'.

[Tue Nov 21 15:21:06 2023]
rule train_prior:
    output: outputs/protT5_64_sigmoid.out
    jobid: 14
    reason: Missing output files: outputs/protT5_64_sigmoid.out
    wildcards: lm=protT5, dimension=64, activation=sigmoid
    threads: 4
    resources: mem_mb=100000, mem_mib=95368, disk_mb=1000, disk_mib=954, tmpdir=<TBD>, partition=vision, gpu=1, runtime=4320

Submitted job 14 with external jobid '2253454'.
[Tue Nov 21 15:21:37 2023]
Error in rule train_prior:
    jobid: 7
    output: outputs/esm2_128_softmax.out
    cluster_jobid: 2253446

Error executing rule train_prior on cluster (jobid: 7, external: 2253446, jobscript: /home/beckerf/tmp_work/learnMSA/learnMSA/protein_language_models/train_scoring_models/.snakemake/tmp.ibjtv61j/snakejob.train_prior.7.sh). For error details see the cluster log and the log files of the involved rule(s).
Trying to restart job 7.
Select jobs to execute...

[Tue Nov 21 15:21:37 2023]
rule train_prior:
    output: outputs/proteinBERT_16_sigmoid.out
    jobid: 18
    reason: Missing output files: outputs/proteinBERT_16_sigmoid.out
    wildcards: lm=proteinBERT, dimension=16, activation=sigmoid
    threads: 4
    resources: mem_mb=100000, mem_mib=95368, disk_mb=1000, disk_mib=954, tmpdir=<TBD>, partition=vision, gpu=1, runtime=4320

Submitted job 18 with external jobid '2253456'.
[Tue Nov 21 15:21:38 2023]
Error in rule train_prior:
    jobid: 13
    output: outputs/protT5_64_softmax.out
    cluster_jobid: 2253447

Error executing rule train_prior on cluster (jobid: 13, external: 2253447, jobscript: /home/beckerf/tmp_work/learnMSA/learnMSA/protein_language_models/train_scoring_models/.snakemake/tmp.ibjtv61j/snakejob.train_prior.13.sh). For error details see the cluster log and the log files of the involved rule(s).
Trying to restart job 13.
Select jobs to execute...

[Tue Nov 21 15:21:38 2023]
rule train_prior:
    output: outputs/esm2_128_softmax.out
    jobid: 7
    reason: Missing output files: outputs/esm2_128_softmax.out
    wildcards: lm=esm2, dimension=128, activation=softmax
    threads: 4
    resources: mem_mb=100000, mem_mib=95368, disk_mb=1000, disk_mib=954, tmpdir=<TBD>, partition=vision, gpu=1, runtime=4320

Submitted job 7 with external jobid '2253458'.
[Tue Nov 21 15:21:39 2023]
Error in rule train_prior:
    jobid: 15
    output: outputs/protT5_128_softmax.out
    cluster_jobid: 2253448

Error executing rule train_prior on cluster (jobid: 15, external: 2253448, jobscript: /home/beckerf/tmp_work/learnMSA/learnMSA/protein_language_models/train_scoring_models/.snakemake/tmp.ibjtv61j/snakejob.train_prior.15.sh). For error details see the cluster log and the log files of the involved rule(s).
Trying to restart job 15.
Select jobs to execute...

[Tue Nov 21 15:21:39 2023]
rule train_prior:
    output: outputs/proteinBERT_128_sigmoid.out
    jobid: 24
    reason: Missing output files: outputs/proteinBERT_128_sigmoid.out
    wildcards: lm=proteinBERT, dimension=128, activation=sigmoid
    threads: 4
    resources: mem_mb=100000, mem_mib=95368, disk_mb=1000, disk_mib=954, tmpdir=<TBD>, partition=vision, gpu=1, runtime=4320

Submitted job 24 with external jobid '2253459'.
[Tue Nov 21 15:21:40 2023]
Error in rule train_prior:
    jobid: 21
    output: outputs/proteinBERT_64_softmax.out
    cluster_jobid: 2253449

Error executing rule train_prior on cluster (jobid: 21, external: 2253449, jobscript: /home/beckerf/tmp_work/learnMSA/learnMSA/protein_language_models/train_scoring_models/.snakemake/tmp.ibjtv61j/snakejob.train_prior.21.sh). For error details see the cluster log and the log files of the involved rule(s).
Trying to restart job 21.
Select jobs to execute...

[Tue Nov 21 15:21:40 2023]
rule train_prior:
    output: outputs/protT5_16_softmax.out
    jobid: 9
    reason: Missing output files: outputs/protT5_16_softmax.out
    wildcards: lm=protT5, dimension=16, activation=softmax
    threads: 4
    resources: mem_mb=100000, mem_mib=95368, disk_mb=1000, disk_mib=954, tmpdir=<TBD>, partition=vision, gpu=1, runtime=4320

Submitted job 9 with external jobid '2253460'.
[Tue Nov 21 15:21:41 2023]
Error in rule train_prior:
    jobid: 6
    output: outputs/esm2_64_sigmoid.out
    cluster_jobid: 2253450

Error executing rule train_prior on cluster (jobid: 6, external: 2253450, jobscript: /home/beckerf/tmp_work/learnMSA/learnMSA/protein_language_models/train_scoring_models/.snakemake/tmp.ibjtv61j/snakejob.train_prior.6.sh). For error details see the cluster log and the log files of the involved rule(s).
Trying to restart job 6.
Select jobs to execute...

[Tue Nov 21 15:21:41 2023]
rule train_prior:
    output: outputs/protT5_32_softmax.out
    jobid: 11
    reason: Missing output files: outputs/protT5_32_softmax.out
    wildcards: lm=protT5, dimension=32, activation=softmax
    threads: 4
    resources: mem_mb=100000, mem_mib=95368, disk_mb=1000, disk_mib=954, tmpdir=<TBD>, partition=vision, gpu=1, runtime=4320

Submitted job 11 with external jobid '2253461'.
[Tue Nov 21 15:21:42 2023]
Error in rule train_prior:
    jobid: 23
    output: outputs/proteinBERT_128_softmax.out
    cluster_jobid: 2253451

Error executing rule train_prior on cluster (jobid: 23, external: 2253451, jobscript: /home/beckerf/tmp_work/learnMSA/learnMSA/protein_language_models/train_scoring_models/.snakemake/tmp.ibjtv61j/snakejob.train_prior.23.sh). For error details see the cluster log and the log files of the involved rule(s).
Trying to restart job 23.
Select jobs to execute...

[Tue Nov 21 15:21:43 2023]
rule train_prior:
    output: outputs/protT5_64_softmax.out
    jobid: 13
    reason: Missing output files: outputs/protT5_64_softmax.out
    wildcards: lm=protT5, dimension=64, activation=softmax
    threads: 4
    resources: mem_mb=100000, mem_mib=95368, disk_mb=1000, disk_mib=954, tmpdir=<TBD>, partition=vision, gpu=1, runtime=4320

Submitted job 13 with external jobid '2253462'.
[Tue Nov 21 15:21:43 2023]
Error in rule train_prior:
    jobid: 8
    output: outputs/esm2_128_sigmoid.out
    cluster_jobid: 2253452

Error executing rule train_prior on cluster (jobid: 8, external: 2253452, jobscript: /home/beckerf/tmp_work/learnMSA/learnMSA/protein_language_models/train_scoring_models/.snakemake/tmp.ibjtv61j/snakejob.train_prior.8.sh). For error details see the cluster log and the log files of the involved rule(s).
Trying to restart job 8.
Select jobs to execute...

[Tue Nov 21 15:21:43 2023]
rule train_prior:
    output: outputs/esm2_16_sigmoid.out
    jobid: 2
    reason: Missing output files: outputs/esm2_16_sigmoid.out
    wildcards: lm=esm2, dimension=16, activation=sigmoid
    threads: 4
    resources: mem_mb=100000, mem_mib=95368, disk_mb=1000, disk_mib=954, tmpdir=<TBD>, partition=vision, gpu=1, runtime=4320

Submitted job 2 with external jobid '2253463'.
[Tue Nov 21 15:21:44 2023]
Error in rule train_prior:
    jobid: 1
    output: outputs/esm2_16_softmax.out
    cluster_jobid: 2253453

Error executing rule train_prior on cluster (jobid: 1, external: 2253453, jobscript: /home/beckerf/tmp_work/learnMSA/learnMSA/protein_language_models/train_scoring_models/.snakemake/tmp.ibjtv61j/snakejob.train_prior.1.sh). For error details see the cluster log and the log files of the involved rule(s).
Trying to restart job 1.
Select jobs to execute...

[Tue Nov 21 15:21:44 2023]
rule train_prior:
    output: outputs/protT5_128_softmax.out
    jobid: 15
    reason: Missing output files: outputs/protT5_128_softmax.out
    wildcards: lm=protT5, dimension=128, activation=softmax
    threads: 4
    resources: mem_mb=100000, mem_mib=95368, disk_mb=1000, disk_mib=954, tmpdir=<TBD>, partition=vision, gpu=1, runtime=4320

Submitted job 15 with external jobid '2253464'.
[Tue Nov 21 15:21:45 2023]
Error in rule train_prior:
    jobid: 14
    output: outputs/protT5_64_sigmoid.out
    cluster_jobid: 2253454

Error executing rule train_prior on cluster (jobid: 14, external: 2253454, jobscript: /home/beckerf/tmp_work/learnMSA/learnMSA/protein_language_models/train_scoring_models/.snakemake/tmp.ibjtv61j/snakejob.train_prior.14.sh). For error details see the cluster log and the log files of the involved rule(s).
Trying to restart job 14.
Select jobs to execute...

[Tue Nov 21 15:21:45 2023]
rule train_prior:
    output: outputs/esm2_32_sigmoid.out
    jobid: 4
    reason: Missing output files: outputs/esm2_32_sigmoid.out
    wildcards: lm=esm2, dimension=32, activation=sigmoid
    threads: 4
    resources: mem_mb=100000, mem_mib=95368, disk_mb=1000, disk_mib=954, tmpdir=<TBD>, partition=vision, gpu=1, runtime=4320

Submitted job 4 with external jobid '2253465'.
[Tue Nov 21 15:22:00 2023]
Error in rule train_prior:
    jobid: 13
    output: outputs/protT5_64_softmax.out
    cluster_jobid: 2253462

Error executing rule train_prior on cluster (jobid: 13, external: 2253462, jobscript: /home/beckerf/tmp_work/learnMSA/learnMSA/protein_language_models/train_scoring_models/.snakemake/tmp.ibjtv61j/snakejob.train_prior.13.sh). For error details see the cluster log and the log files of the involved rule(s).
Trying to restart job 13.
Select jobs to execute...

[Tue Nov 21 15:22:00 2023]
rule train_prior:
    output: outputs/protT5_64_softmax.out
    jobid: 13
    reason: Missing output files: outputs/protT5_64_softmax.out
    wildcards: lm=protT5, dimension=64, activation=softmax
    threads: 4
    resources: mem_mb=100000, mem_mib=95368, disk_mb=1000, disk_mib=954, tmpdir=<TBD>, partition=vision, gpu=1, runtime=4320

Submitted job 13 with external jobid '2253466'.
[Tue Nov 21 15:22:01 2023]
Error in rule train_prior:
    jobid: 2
    output: outputs/esm2_16_sigmoid.out
    cluster_jobid: 2253463

Error executing rule train_prior on cluster (jobid: 2, external: 2253463, jobscript: /home/beckerf/tmp_work/learnMSA/learnMSA/protein_language_models/train_scoring_models/.snakemake/tmp.ibjtv61j/snakejob.train_prior.2.sh). For error details see the cluster log and the log files of the involved rule(s).
Trying to restart job 2.
Select jobs to execute...

[Tue Nov 21 15:22:01 2023]
rule train_prior:
    output: outputs/esm2_16_sigmoid.out
    jobid: 2
    reason: Missing output files: outputs/esm2_16_sigmoid.out
    wildcards: lm=esm2, dimension=16, activation=sigmoid
    threads: 4
    resources: mem_mb=100000, mem_mib=95368, disk_mb=1000, disk_mib=954, tmpdir=<TBD>, partition=vision, gpu=1, runtime=4320

Submitted job 2 with external jobid '2253467'.
[Tue Nov 21 15:22:02 2023]
Error in rule train_prior:
    jobid: 15
    output: outputs/protT5_128_softmax.out
    cluster_jobid: 2253464

Error executing rule train_prior on cluster (jobid: 15, external: 2253464, jobscript: /home/beckerf/tmp_work/learnMSA/learnMSA/protein_language_models/train_scoring_models/.snakemake/tmp.ibjtv61j/snakejob.train_prior.15.sh). For error details see the cluster log and the log files of the involved rule(s).
Trying to restart job 15.
Select jobs to execute...

[Tue Nov 21 15:22:02 2023]
rule train_prior:
    output: outputs/protT5_128_softmax.out
    jobid: 15
    reason: Missing output files: outputs/protT5_128_softmax.out
    wildcards: lm=protT5, dimension=128, activation=softmax
    threads: 4
    resources: mem_mb=100000, mem_mib=95368, disk_mb=1000, disk_mib=954, tmpdir=<TBD>, partition=vision, gpu=1, runtime=4320

Submitted job 15 with external jobid '2253468'.
[Tue Nov 21 15:22:03 2023]
Error in rule train_prior:
    jobid: 20
    output: outputs/proteinBERT_32_sigmoid.out
    cluster_jobid: 2253443

Error executing rule train_prior on cluster (jobid: 20, external: 2253443, jobscript: /home/beckerf/tmp_work/learnMSA/learnMSA/protein_language_models/train_scoring_models/.snakemake/tmp.ibjtv61j/snakejob.train_prior.20.sh). For error details see the cluster log and the log files of the involved rule(s).
Trying to restart job 20.
Select jobs to execute...

[Tue Nov 21 15:22:03 2023]
rule train_prior:
    output: outputs/proteinBERT_32_sigmoid.out
    jobid: 20
    reason: Missing output files: outputs/proteinBERT_32_sigmoid.out
    wildcards: lm=proteinBERT, dimension=32, activation=sigmoid
    threads: 4
    resources: mem_mb=100000, mem_mib=95368, disk_mb=1000, disk_mib=954, tmpdir=<TBD>, partition=vision, gpu=1, runtime=4320

Submitted job 20 with external jobid '2253469'.
[Tue Nov 21 15:22:04 2023]
Error in rule train_prior:
    jobid: 5
    output: outputs/esm2_64_softmax.out
    cluster_jobid: 2253444

Error executing rule train_prior on cluster (jobid: 5, external: 2253444, jobscript: /home/beckerf/tmp_work/learnMSA/learnMSA/protein_language_models/train_scoring_models/.snakemake/tmp.ibjtv61j/snakejob.train_prior.5.sh). For error details see the cluster log and the log files of the involved rule(s).
Trying to restart job 5.
Select jobs to execute...

[Tue Nov 21 15:22:04 2023]
rule train_prior:
    output: outputs/esm2_64_softmax.out
    jobid: 5
    reason: Missing output files: outputs/esm2_64_softmax.out
    wildcards: lm=esm2, dimension=64, activation=softmax
    threads: 4
    resources: mem_mb=100000, mem_mib=95368, disk_mb=1000, disk_mib=954, tmpdir=<TBD>, partition=vision, gpu=1, runtime=4320

Submitted job 5 with external jobid '2253470'.
[Tue Nov 21 15:22:05 2023]
Error in rule train_prior:
    jobid: 22
    output: outputs/proteinBERT_64_sigmoid.out
    cluster_jobid: 2253445

Error executing rule train_prior on cluster (jobid: 22, external: 2253445, jobscript: /home/beckerf/tmp_work/learnMSA/learnMSA/protein_language_models/train_scoring_models/.snakemake/tmp.ibjtv61j/snakejob.train_prior.22.sh). For error details see the cluster log and the log files of the involved rule(s).
Trying to restart job 22.
Select jobs to execute...

[Tue Nov 21 15:22:05 2023]
rule train_prior:
    output: outputs/proteinBERT_64_sigmoid.out
    jobid: 22
    reason: Missing output files: outputs/proteinBERT_64_sigmoid.out
    wildcards: lm=proteinBERT, dimension=64, activation=sigmoid
    threads: 4
    resources: mem_mb=100000, mem_mib=95368, disk_mb=1000, disk_mib=954, tmpdir=<TBD>, partition=vision, gpu=1, runtime=4320

Submitted job 22 with external jobid '2253471'.
[Tue Nov 21 15:22:07 2023]
Error in rule train_prior:
    jobid: 4
    output: outputs/esm2_32_sigmoid.out
    cluster_jobid: 2253465

Error executing rule train_prior on cluster (jobid: 4, external: 2253465, jobscript: /home/beckerf/tmp_work/learnMSA/learnMSA/protein_language_models/train_scoring_models/.snakemake/tmp.ibjtv61j/snakejob.train_prior.4.sh). For error details see the cluster log and the log files of the involved rule(s).
Trying to restart job 4.
Select jobs to execute...

[Tue Nov 21 15:22:07 2023]
rule train_prior:
    output: outputs/esm2_32_sigmoid.out
    jobid: 4
    reason: Missing output files: outputs/esm2_32_sigmoid.out
    wildcards: lm=esm2, dimension=32, activation=sigmoid
    threads: 4
    resources: mem_mb=100000, mem_mib=95368, disk_mb=1000, disk_mib=954, tmpdir=<TBD>, partition=vision, gpu=1, runtime=4320

Submitted job 4 with external jobid '2253472'.
[Tue Nov 21 15:22:17 2023]
Error in rule train_prior:
    jobid: 13
    output: outputs/protT5_64_softmax.out
    cluster_jobid: 2253466

Error executing rule train_prior on cluster (jobid: 13, external: 2253466, jobscript: /home/beckerf/tmp_work/learnMSA/learnMSA/protein_language_models/train_scoring_models/.snakemake/tmp.ibjtv61j/snakejob.train_prior.13.sh). For error details see the cluster log and the log files of the involved rule(s).
Trying to restart job 13.
Select jobs to execute...

[Tue Nov 21 15:22:17 2023]
rule train_prior:
    output: outputs/protT5_64_softmax.out
    jobid: 13
    reason: Missing output files: outputs/protT5_64_softmax.out
    wildcards: lm=protT5, dimension=64, activation=softmax
    threads: 4
    resources: mem_mb=100000, mem_mib=95368, disk_mb=1000, disk_mib=954, tmpdir=<TBD>, partition=vision, gpu=1, runtime=4320

Submitted job 13 with external jobid '2253473'.
[Tue Nov 21 15:22:18 2023]
Error in rule train_prior:
    jobid: 2
    output: outputs/esm2_16_sigmoid.out
    cluster_jobid: 2253467

Error executing rule train_prior on cluster (jobid: 2, external: 2253467, jobscript: /home/beckerf/tmp_work/learnMSA/learnMSA/protein_language_models/train_scoring_models/.snakemake/tmp.ibjtv61j/snakejob.train_prior.2.sh). For error details see the cluster log and the log files of the involved rule(s).
Trying to restart job 2.
Select jobs to execute...

[Tue Nov 21 15:22:18 2023]
rule train_prior:
    output: outputs/esm2_16_sigmoid.out
    jobid: 2
    reason: Missing output files: outputs/esm2_16_sigmoid.out
    wildcards: lm=esm2, dimension=16, activation=sigmoid
    threads: 4
    resources: mem_mb=100000, mem_mib=95368, disk_mb=1000, disk_mib=954, tmpdir=<TBD>, partition=vision, gpu=1, runtime=4320

Submitted job 2 with external jobid '2253474'.
[Tue Nov 21 15:22:19 2023]
Error in rule train_prior:
    jobid: 15
    output: outputs/protT5_128_softmax.out
    cluster_jobid: 2253468

Error executing rule train_prior on cluster (jobid: 15, external: 2253468, jobscript: /home/beckerf/tmp_work/learnMSA/learnMSA/protein_language_models/train_scoring_models/.snakemake/tmp.ibjtv61j/snakejob.train_prior.15.sh). For error details see the cluster log and the log files of the involved rule(s).
Trying to restart job 15.
Select jobs to execute...

[Tue Nov 21 15:22:19 2023]
rule train_prior:
    output: outputs/protT5_128_softmax.out
    jobid: 15
    reason: Missing output files: outputs/protT5_128_softmax.out
    wildcards: lm=protT5, dimension=128, activation=softmax
    threads: 4
    resources: mem_mb=100000, mem_mib=95368, disk_mb=1000, disk_mib=954, tmpdir=<TBD>, partition=vision, gpu=1, runtime=4320

Submitted job 15 with external jobid '2253475'.
[Tue Nov 21 15:22:20 2023]
Error in rule train_prior:
    jobid: 20
    output: outputs/proteinBERT_32_sigmoid.out
    cluster_jobid: 2253469

Error executing rule train_prior on cluster (jobid: 20, external: 2253469, jobscript: /home/beckerf/tmp_work/learnMSA/learnMSA/protein_language_models/train_scoring_models/.snakemake/tmp.ibjtv61j/snakejob.train_prior.20.sh). For error details see the cluster log and the log files of the involved rule(s).
Trying to restart job 20.
Select jobs to execute...

[Tue Nov 21 15:22:20 2023]
rule train_prior:
    output: outputs/proteinBERT_32_sigmoid.out
    jobid: 20
    reason: Missing output files: outputs/proteinBERT_32_sigmoid.out
    wildcards: lm=proteinBERT, dimension=32, activation=sigmoid
    threads: 4
    resources: mem_mb=100000, mem_mib=95368, disk_mb=1000, disk_mib=954, tmpdir=<TBD>, partition=vision, gpu=1, runtime=4320

Submitted job 20 with external jobid '2253476'.
[Tue Nov 21 15:22:21 2023]
Error in rule train_prior:
    jobid: 5
    output: outputs/esm2_64_softmax.out
    cluster_jobid: 2253470

Error executing rule train_prior on cluster (jobid: 5, external: 2253470, jobscript: /home/beckerf/tmp_work/learnMSA/learnMSA/protein_language_models/train_scoring_models/.snakemake/tmp.ibjtv61j/snakejob.train_prior.5.sh). For error details see the cluster log and the log files of the involved rule(s).
Trying to restart job 5.
Select jobs to execute...

[Tue Nov 21 15:22:21 2023]
rule train_prior:
    output: outputs/esm2_64_softmax.out
    jobid: 5
    reason: Missing output files: outputs/esm2_64_softmax.out
    wildcards: lm=esm2, dimension=64, activation=softmax
    threads: 4
    resources: mem_mb=100000, mem_mib=95368, disk_mb=1000, disk_mib=954, tmpdir=<TBD>, partition=vision, gpu=1, runtime=4320

Submitted job 5 with external jobid '2253477'.
[Tue Nov 21 15:22:22 2023]
Error in rule train_prior:
    jobid: 22
    output: outputs/proteinBERT_64_sigmoid.out
    cluster_jobid: 2253471

Error executing rule train_prior on cluster (jobid: 22, external: 2253471, jobscript: /home/beckerf/tmp_work/learnMSA/learnMSA/protein_language_models/train_scoring_models/.snakemake/tmp.ibjtv61j/snakejob.train_prior.22.sh). For error details see the cluster log and the log files of the involved rule(s).
Trying to restart job 22.
Select jobs to execute...

[Tue Nov 21 15:22:22 2023]
rule train_prior:
    output: outputs/proteinBERT_64_sigmoid.out
    jobid: 22
    reason: Missing output files: outputs/proteinBERT_64_sigmoid.out
    wildcards: lm=proteinBERT, dimension=64, activation=sigmoid
    threads: 4
    resources: mem_mb=100000, mem_mib=95368, disk_mb=1000, disk_mib=954, tmpdir=<TBD>, partition=vision, gpu=1, runtime=4320

Submitted job 22 with external jobid '2253478'.
[Tue Nov 21 15:22:23 2023]
Error in rule train_prior:
    jobid: 18
    output: outputs/proteinBERT_16_sigmoid.out
    cluster_jobid: 2253456

Error executing rule train_prior on cluster (jobid: 18, external: 2253456, jobscript: /home/beckerf/tmp_work/learnMSA/learnMSA/protein_language_models/train_scoring_models/.snakemake/tmp.ibjtv61j/snakejob.train_prior.18.sh). For error details see the cluster log and the log files of the involved rule(s).
Trying to restart job 18.
Select jobs to execute...

[Tue Nov 21 15:22:23 2023]
rule train_prior:
    output: outputs/proteinBERT_16_sigmoid.out
    jobid: 18
    reason: Missing output files: outputs/proteinBERT_16_sigmoid.out
    wildcards: lm=proteinBERT, dimension=16, activation=sigmoid
    threads: 4
    resources: mem_mb=100000, mem_mib=95368, disk_mb=1000, disk_mib=954, tmpdir=<TBD>, partition=vision, gpu=1, runtime=4320

Submitted job 18 with external jobid '2253479'.
[Tue Nov 21 15:22:24 2023]
Error in rule train_prior:
    jobid: 7
    output: outputs/esm2_128_softmax.out
    cluster_jobid: 2253458

Error executing rule train_prior on cluster (jobid: 7, external: 2253458, jobscript: /home/beckerf/tmp_work/learnMSA/learnMSA/protein_language_models/train_scoring_models/.snakemake/tmp.ibjtv61j/snakejob.train_prior.7.sh). For error details see the cluster log and the log files of the involved rule(s).
Trying to restart job 7.
Select jobs to execute...

[Tue Nov 21 15:22:24 2023]
rule train_prior:
    output: outputs/esm2_128_softmax.out
    jobid: 7
    reason: Missing output files: outputs/esm2_128_softmax.out
    wildcards: lm=esm2, dimension=128, activation=softmax
    threads: 4
    resources: mem_mb=100000, mem_mib=95368, disk_mb=1000, disk_mib=954, tmpdir=<TBD>, partition=vision, gpu=1, runtime=4320

Submitted job 7 with external jobid '2253480'.
[Tue Nov 21 15:22:25 2023]
Error in rule train_prior:
    jobid: 24
    output: outputs/proteinBERT_128_sigmoid.out
    cluster_jobid: 2253459

Error executing rule train_prior on cluster (jobid: 24, external: 2253459, jobscript: /home/beckerf/tmp_work/learnMSA/learnMSA/protein_language_models/train_scoring_models/.snakemake/tmp.ibjtv61j/snakejob.train_prior.24.sh). For error details see the cluster log and the log files of the involved rule(s).
Trying to restart job 24.
Select jobs to execute...

[Tue Nov 21 15:22:25 2023]
rule train_prior:
    output: outputs/proteinBERT_128_sigmoid.out
    jobid: 24
    reason: Missing output files: outputs/proteinBERT_128_sigmoid.out
    wildcards: lm=proteinBERT, dimension=128, activation=sigmoid
    threads: 4
    resources: mem_mb=100000, mem_mib=95368, disk_mb=1000, disk_mib=954, tmpdir=<TBD>, partition=vision, gpu=1, runtime=4320

Submitted job 24 with external jobid '2253481'.
[Tue Nov 21 15:22:26 2023]
Error in rule train_prior:
    jobid: 9
    output: outputs/protT5_16_softmax.out
    cluster_jobid: 2253460

Error executing rule train_prior on cluster (jobid: 9, external: 2253460, jobscript: /home/beckerf/tmp_work/learnMSA/learnMSA/protein_language_models/train_scoring_models/.snakemake/tmp.ibjtv61j/snakejob.train_prior.9.sh). For error details see the cluster log and the log files of the involved rule(s).
Trying to restart job 9.
Select jobs to execute...

[Tue Nov 21 15:22:26 2023]
rule train_prior:
    output: outputs/protT5_16_softmax.out
    jobid: 9
    reason: Missing output files: outputs/protT5_16_softmax.out
    wildcards: lm=protT5, dimension=16, activation=softmax
    threads: 4
    resources: mem_mb=100000, mem_mib=95368, disk_mb=1000, disk_mib=954, tmpdir=<TBD>, partition=vision, gpu=1, runtime=4320

Submitted job 9 with external jobid '2253482'.
[Tue Nov 21 15:22:27 2023]
Error in rule train_prior:
    jobid: 11
    output: outputs/protT5_32_softmax.out
    cluster_jobid: 2253461

Error executing rule train_prior on cluster (jobid: 11, external: 2253461, jobscript: /home/beckerf/tmp_work/learnMSA/learnMSA/protein_language_models/train_scoring_models/.snakemake/tmp.ibjtv61j/snakejob.train_prior.11.sh). For error details see the cluster log and the log files of the involved rule(s).
Trying to restart job 11.
Select jobs to execute...

[Tue Nov 21 15:22:27 2023]
rule train_prior:
    output: outputs/protT5_32_softmax.out
    jobid: 11
    reason: Missing output files: outputs/protT5_32_softmax.out
    wildcards: lm=protT5, dimension=32, activation=softmax
    threads: 4
    resources: mem_mb=100000, mem_mib=95368, disk_mb=1000, disk_mib=954, tmpdir=<TBD>, partition=vision, gpu=1, runtime=4320

Submitted job 11 with external jobid '2253483'.
[Tue Nov 21 15:22:28 2023]
Error in rule train_prior:
    jobid: 4
    output: outputs/esm2_32_sigmoid.out
    cluster_jobid: 2253472

Error executing rule train_prior on cluster (jobid: 4, external: 2253472, jobscript: /home/beckerf/tmp_work/learnMSA/learnMSA/protein_language_models/train_scoring_models/.snakemake/tmp.ibjtv61j/snakejob.train_prior.4.sh). For error details see the cluster log and the log files of the involved rule(s).
Trying to restart job 4.
Select jobs to execute...

[Tue Nov 21 15:22:28 2023]
rule train_prior:
    output: outputs/esm2_32_sigmoid.out
    jobid: 4
    reason: Missing output files: outputs/esm2_32_sigmoid.out
    wildcards: lm=esm2, dimension=32, activation=sigmoid
    threads: 4
    resources: mem_mb=100000, mem_mib=95368, disk_mb=1000, disk_mib=954, tmpdir=<TBD>, partition=vision, gpu=1, runtime=4320

Submitted job 4 with external jobid '2253484'.
[Tue Nov 21 15:22:38 2023]
Error in rule train_prior:
    jobid: 13
    output: outputs/protT5_64_softmax.out
    cluster_jobid: 2253473

Error executing rule train_prior on cluster (jobid: 13, external: 2253473, jobscript: /home/beckerf/tmp_work/learnMSA/learnMSA/protein_language_models/train_scoring_models/.snakemake/tmp.ibjtv61j/snakejob.train_prior.13.sh). For error details see the cluster log and the log files of the involved rule(s).
Select jobs to execute...

[Tue Nov 21 15:22:38 2023]
rule train_prior:
    output: outputs/proteinBERT_16_softmax.out
    jobid: 17
    reason: Missing output files: outputs/proteinBERT_16_softmax.out
    wildcards: lm=proteinBERT, dimension=16, activation=softmax
    threads: 4
    resources: mem_mb=100000, mem_mib=95368, disk_mb=1000, disk_mib=954, tmpdir=<TBD>, partition=vision, gpu=1, runtime=4320

Submitted job 17 with external jobid '2253485'.
[Tue Nov 21 15:22:39 2023]
Error in rule train_prior:
    jobid: 2
    output: outputs/esm2_16_sigmoid.out
    cluster_jobid: 2253474

Error executing rule train_prior on cluster (jobid: 2, external: 2253474, jobscript: /home/beckerf/tmp_work/learnMSA/learnMSA/protein_language_models/train_scoring_models/.snakemake/tmp.ibjtv61j/snakejob.train_prior.2.sh). For error details see the cluster log and the log files of the involved rule(s).
Trying to restart job 2.
Select jobs to execute...

[Tue Nov 21 15:22:39 2023]
rule train_prior:
    output: outputs/esm2_16_sigmoid.out
    jobid: 2
    reason: Missing output files: outputs/esm2_16_sigmoid.out
    wildcards: lm=esm2, dimension=16, activation=sigmoid
    threads: 4
    resources: mem_mb=100000, mem_mib=95368, disk_mb=1000, disk_mib=954, tmpdir=<TBD>, partition=vision, gpu=1, runtime=4320

Submitted job 2 with external jobid '2253486'.
[Tue Nov 21 15:22:40 2023]
Error in rule train_prior:
    jobid: 15
    output: outputs/protT5_128_softmax.out
    cluster_jobid: 2253475

Error executing rule train_prior on cluster (jobid: 15, external: 2253475, jobscript: /home/beckerf/tmp_work/learnMSA/learnMSA/protein_language_models/train_scoring_models/.snakemake/tmp.ibjtv61j/snakejob.train_prior.15.sh). For error details see the cluster log and the log files of the involved rule(s).
Select jobs to execute...

[Tue Nov 21 15:22:40 2023]
rule train_prior:
    output: outputs/proteinBERT_32_softmax.out
    jobid: 19
    reason: Missing output files: outputs/proteinBERT_32_softmax.out
    wildcards: lm=proteinBERT, dimension=32, activation=softmax
    threads: 4
    resources: mem_mb=100000, mem_mib=95368, disk_mb=1000, disk_mib=954, tmpdir=<TBD>, partition=vision, gpu=1, runtime=4320

Submitted job 19 with external jobid '2253487'.
[Tue Nov 21 15:22:41 2023]
Error in rule train_prior:
    jobid: 20
    output: outputs/proteinBERT_32_sigmoid.out
    cluster_jobid: 2253476

Error executing rule train_prior on cluster (jobid: 20, external: 2253476, jobscript: /home/beckerf/tmp_work/learnMSA/learnMSA/protein_language_models/train_scoring_models/.snakemake/tmp.ibjtv61j/snakejob.train_prior.20.sh). For error details see the cluster log and the log files of the involved rule(s).
Trying to restart job 20.
Select jobs to execute...

[Tue Nov 21 15:22:41 2023]
rule train_prior:
    output: outputs/proteinBERT_32_sigmoid.out
    jobid: 20
    reason: Missing output files: outputs/proteinBERT_32_sigmoid.out
    wildcards: lm=proteinBERT, dimension=32, activation=sigmoid
    threads: 4
    resources: mem_mb=100000, mem_mib=95368, disk_mb=1000, disk_mib=954, tmpdir=<TBD>, partition=vision, gpu=1, runtime=4320

Submitted job 20 with external jobid '2253488'.
[Tue Nov 21 15:22:42 2023]
Error in rule train_prior:
    jobid: 5
    output: outputs/esm2_64_softmax.out
    cluster_jobid: 2253477

Error executing rule train_prior on cluster (jobid: 5, external: 2253477, jobscript: /home/beckerf/tmp_work/learnMSA/learnMSA/protein_language_models/train_scoring_models/.snakemake/tmp.ibjtv61j/snakejob.train_prior.5.sh). For error details see the cluster log and the log files of the involved rule(s).
Trying to restart job 5.
Select jobs to execute...

[Tue Nov 21 15:22:42 2023]
rule train_prior:
    output: outputs/esm2_64_softmax.out
    jobid: 5
    reason: Missing output files: outputs/esm2_64_softmax.out
    wildcards: lm=esm2, dimension=64, activation=softmax
    threads: 4
    resources: mem_mb=100000, mem_mib=95368, disk_mb=1000, disk_mib=954, tmpdir=<TBD>, partition=vision, gpu=1, runtime=4320

Submitted job 5 with external jobid '2253489'.
[Tue Nov 21 15:22:43 2023]
Error in rule train_prior:
    jobid: 22
    output: outputs/proteinBERT_64_sigmoid.out
    cluster_jobid: 2253478

Error executing rule train_prior on cluster (jobid: 22, external: 2253478, jobscript: /home/beckerf/tmp_work/learnMSA/learnMSA/protein_language_models/train_scoring_models/.snakemake/tmp.ibjtv61j/snakejob.train_prior.22.sh). For error details see the cluster log and the log files of the involved rule(s).
Trying to restart job 22.
Select jobs to execute...

[Tue Nov 21 15:22:43 2023]
rule train_prior:
    output: outputs/proteinBERT_64_sigmoid.out
    jobid: 22
    reason: Missing output files: outputs/proteinBERT_64_sigmoid.out
    wildcards: lm=proteinBERT, dimension=64, activation=sigmoid
    threads: 4
    resources: mem_mb=100000, mem_mib=95368, disk_mb=1000, disk_mib=954, tmpdir=<TBD>, partition=vision, gpu=1, runtime=4320

Submitted job 22 with external jobid '2253490'.
[Tue Nov 21 15:22:44 2023]
Error in rule train_prior:
    jobid: 18
    output: outputs/proteinBERT_16_sigmoid.out
    cluster_jobid: 2253479

Error executing rule train_prior on cluster (jobid: 18, external: 2253479, jobscript: /home/beckerf/tmp_work/learnMSA/learnMSA/protein_language_models/train_scoring_models/.snakemake/tmp.ibjtv61j/snakejob.train_prior.18.sh). For error details see the cluster log and the log files of the involved rule(s).
Trying to restart job 18.
Select jobs to execute...

[Tue Nov 21 15:22:44 2023]
rule train_prior:
    output: outputs/proteinBERT_16_sigmoid.out
    jobid: 18
    reason: Missing output files: outputs/proteinBERT_16_sigmoid.out
    wildcards: lm=proteinBERT, dimension=16, activation=sigmoid
    threads: 4
    resources: mem_mb=100000, mem_mib=95368, disk_mb=1000, disk_mib=954, tmpdir=<TBD>, partition=vision, gpu=1, runtime=4320

Submitted job 18 with external jobid '2253491'.
[Tue Nov 21 15:22:45 2023]
Error in rule train_prior:
    jobid: 7
    output: outputs/esm2_128_softmax.out
    cluster_jobid: 2253480

Error executing rule train_prior on cluster (jobid: 7, external: 2253480, jobscript: /home/beckerf/tmp_work/learnMSA/learnMSA/protein_language_models/train_scoring_models/.snakemake/tmp.ibjtv61j/snakejob.train_prior.7.sh). For error details see the cluster log and the log files of the involved rule(s).
Trying to restart job 7.
Select jobs to execute...

[Tue Nov 21 15:22:45 2023]
rule train_prior:
    output: outputs/esm2_128_softmax.out
    jobid: 7
    reason: Missing output files: outputs/esm2_128_softmax.out
    wildcards: lm=esm2, dimension=128, activation=softmax
    threads: 4
    resources: mem_mb=100000, mem_mib=95368, disk_mb=1000, disk_mib=954, tmpdir=<TBD>, partition=vision, gpu=1, runtime=4320

Submitted job 7 with external jobid '2253492'.
[Tue Nov 21 15:22:46 2023]
Error in rule train_prior:
    jobid: 24
    output: outputs/proteinBERT_128_sigmoid.out
    cluster_jobid: 2253481

Error executing rule train_prior on cluster (jobid: 24, external: 2253481, jobscript: /home/beckerf/tmp_work/learnMSA/learnMSA/protein_language_models/train_scoring_models/.snakemake/tmp.ibjtv61j/snakejob.train_prior.24.sh). For error details see the cluster log and the log files of the involved rule(s).
Trying to restart job 24.
Select jobs to execute...

[Tue Nov 21 15:22:46 2023]
rule train_prior:
    output: outputs/proteinBERT_128_sigmoid.out
    jobid: 24
    reason: Missing output files: outputs/proteinBERT_128_sigmoid.out
    wildcards: lm=proteinBERT, dimension=128, activation=sigmoid
    threads: 4
    resources: mem_mb=100000, mem_mib=95368, disk_mb=1000, disk_mib=954, tmpdir=<TBD>, partition=vision, gpu=1, runtime=4320

Submitted job 24 with external jobid '2253493'.
[Tue Nov 21 15:22:47 2023]
Error in rule train_prior:
    jobid: 9
    output: outputs/protT5_16_softmax.out
    cluster_jobid: 2253482

Error executing rule train_prior on cluster (jobid: 9, external: 2253482, jobscript: /home/beckerf/tmp_work/learnMSA/learnMSA/protein_language_models/train_scoring_models/.snakemake/tmp.ibjtv61j/snakejob.train_prior.9.sh). For error details see the cluster log and the log files of the involved rule(s).
Trying to restart job 9.
Select jobs to execute...

[Tue Nov 21 15:22:47 2023]
rule train_prior:
    output: outputs/protT5_16_softmax.out
    jobid: 9
    reason: Missing output files: outputs/protT5_16_softmax.out
    wildcards: lm=protT5, dimension=16, activation=softmax
    threads: 4
    resources: mem_mb=100000, mem_mib=95368, disk_mb=1000, disk_mib=954, tmpdir=<TBD>, partition=vision, gpu=1, runtime=4320

Submitted job 9 with external jobid '2253494'.
[Tue Nov 21 15:22:48 2023]
Error in rule train_prior:
    jobid: 11
    output: outputs/protT5_32_softmax.out
    cluster_jobid: 2253483

Error executing rule train_prior on cluster (jobid: 11, external: 2253483, jobscript: /home/beckerf/tmp_work/learnMSA/learnMSA/protein_language_models/train_scoring_models/.snakemake/tmp.ibjtv61j/snakejob.train_prior.11.sh). For error details see the cluster log and the log files of the involved rule(s).
Trying to restart job 11.
Select jobs to execute...

[Tue Nov 21 15:22:48 2023]
rule train_prior:
    output: outputs/protT5_32_softmax.out
    jobid: 11
    reason: Missing output files: outputs/protT5_32_softmax.out
    wildcards: lm=protT5, dimension=32, activation=softmax
    threads: 4
    resources: mem_mb=100000, mem_mib=95368, disk_mb=1000, disk_mib=954, tmpdir=<TBD>, partition=vision, gpu=1, runtime=4320

Submitted job 11 with external jobid '2253495'.
[Tue Nov 21 15:22:49 2023]
Error in rule train_prior:
    jobid: 4
    output: outputs/esm2_32_sigmoid.out
    cluster_jobid: 2253484

Error executing rule train_prior on cluster (jobid: 4, external: 2253484, jobscript: /home/beckerf/tmp_work/learnMSA/learnMSA/protein_language_models/train_scoring_models/.snakemake/tmp.ibjtv61j/snakejob.train_prior.4.sh). For error details see the cluster log and the log files of the involved rule(s).
Trying to restart job 4.
Select jobs to execute...

[Tue Nov 21 15:22:49 2023]
rule train_prior:
    output: outputs/esm2_32_sigmoid.out
    jobid: 4
    reason: Missing output files: outputs/esm2_32_sigmoid.out
    wildcards: lm=esm2, dimension=32, activation=sigmoid
    threads: 4
    resources: mem_mb=100000, mem_mib=95368, disk_mb=1000, disk_mib=954, tmpdir=<TBD>, partition=vision, gpu=1, runtime=4320

Submitted job 4 with external jobid '2253496'.
[Tue Nov 21 15:22:59 2023]
Error in rule train_prior:
    jobid: 17
    output: outputs/proteinBERT_16_softmax.out
    cluster_jobid: 2253485

Error executing rule train_prior on cluster (jobid: 17, external: 2253485, jobscript: /home/beckerf/tmp_work/learnMSA/learnMSA/protein_language_models/train_scoring_models/.snakemake/tmp.ibjtv61j/snakejob.train_prior.17.sh). For error details see the cluster log and the log files of the involved rule(s).
Trying to restart job 17.
Select jobs to execute...

[Tue Nov 21 15:22:59 2023]
rule train_prior:
    output: outputs/proteinBERT_16_softmax.out
    jobid: 17
    reason: Missing output files: outputs/proteinBERT_16_softmax.out
    wildcards: lm=proteinBERT, dimension=16, activation=softmax
    threads: 4
    resources: mem_mb=100000, mem_mib=95368, disk_mb=1000, disk_mib=954, tmpdir=<TBD>, partition=vision, gpu=1, runtime=4320

Submitted job 17 with external jobid '2253497'.
[Tue Nov 21 15:23:00 2023]
Error in rule train_prior:
    jobid: 2
    output: outputs/esm2_16_sigmoid.out
    cluster_jobid: 2253486

Error executing rule train_prior on cluster (jobid: 2, external: 2253486, jobscript: /home/beckerf/tmp_work/learnMSA/learnMSA/protein_language_models/train_scoring_models/.snakemake/tmp.ibjtv61j/snakejob.train_prior.2.sh). For error details see the cluster log and the log files of the involved rule(s).
Select jobs to execute...

[Tue Nov 21 15:23:00 2023]
rule train_prior:
    output: outputs/proteinBERT_64_softmax.out
    jobid: 21
    reason: Missing output files: outputs/proteinBERT_64_softmax.out
    wildcards: lm=proteinBERT, dimension=64, activation=softmax
    threads: 4
    resources: mem_mb=100000, mem_mib=95368, disk_mb=1000, disk_mib=954, tmpdir=<TBD>, partition=vision, gpu=1, runtime=4320

Submitted job 21 with external jobid '2253498'.
[Tue Nov 21 15:23:01 2023]
Error in rule train_prior:
    jobid: 19
    output: outputs/proteinBERT_32_softmax.out
    cluster_jobid: 2253487

Error executing rule train_prior on cluster (jobid: 19, external: 2253487, jobscript: /home/beckerf/tmp_work/learnMSA/learnMSA/protein_language_models/train_scoring_models/.snakemake/tmp.ibjtv61j/snakejob.train_prior.19.sh). For error details see the cluster log and the log files of the involved rule(s).
Trying to restart job 19.
Select jobs to execute...

[Tue Nov 21 15:23:01 2023]
rule train_prior:
    output: outputs/proteinBERT_32_softmax.out
    jobid: 19
    reason: Missing output files: outputs/proteinBERT_32_softmax.out
    wildcards: lm=proteinBERT, dimension=32, activation=softmax
    threads: 4
    resources: mem_mb=100000, mem_mib=95368, disk_mb=1000, disk_mib=954, tmpdir=<TBD>, partition=vision, gpu=1, runtime=4320

Submitted job 19 with external jobid '2253499'.
[Tue Nov 21 15:23:02 2023]
Error in rule train_prior:
    jobid: 20
    output: outputs/proteinBERT_32_sigmoid.out
    cluster_jobid: 2253488

Error executing rule train_prior on cluster (jobid: 20, external: 2253488, jobscript: /home/beckerf/tmp_work/learnMSA/learnMSA/protein_language_models/train_scoring_models/.snakemake/tmp.ibjtv61j/snakejob.train_prior.20.sh). For error details see the cluster log and the log files of the involved rule(s).
Select jobs to execute...

[Tue Nov 21 15:23:02 2023]
rule train_prior:
    output: outputs/esm2_64_sigmoid.out
    jobid: 6
    reason: Missing output files: outputs/esm2_64_sigmoid.out
    wildcards: lm=esm2, dimension=64, activation=sigmoid
    threads: 4
    resources: mem_mb=100000, mem_mib=95368, disk_mb=1000, disk_mib=954, tmpdir=<TBD>, partition=vision, gpu=1, runtime=4320

Submitted job 6 with external jobid '2253500'.
[Tue Nov 21 15:23:03 2023]
Error in rule train_prior:
    jobid: 5
    output: outputs/esm2_64_softmax.out
    cluster_jobid: 2253489

Error executing rule train_prior on cluster (jobid: 5, external: 2253489, jobscript: /home/beckerf/tmp_work/learnMSA/learnMSA/protein_language_models/train_scoring_models/.snakemake/tmp.ibjtv61j/snakejob.train_prior.5.sh). For error details see the cluster log and the log files of the involved rule(s).
Select jobs to execute...

[Tue Nov 21 15:23:03 2023]
rule train_prior:
    output: outputs/proteinBERT_128_softmax.out
    jobid: 23
    reason: Missing output files: outputs/proteinBERT_128_softmax.out
    wildcards: lm=proteinBERT, dimension=128, activation=softmax
    threads: 4
    resources: mem_mb=100000, mem_mib=95368, disk_mb=1000, disk_mib=954, tmpdir=<TBD>, partition=vision, gpu=1, runtime=4320

Submitted job 23 with external jobid '2253501'.
[Tue Nov 21 15:23:04 2023]
Error in rule train_prior:
    jobid: 22
    output: outputs/proteinBERT_64_sigmoid.out
    cluster_jobid: 2253490

Error executing rule train_prior on cluster (jobid: 22, external: 2253490, jobscript: /home/beckerf/tmp_work/learnMSA/learnMSA/protein_language_models/train_scoring_models/.snakemake/tmp.ibjtv61j/snakejob.train_prior.22.sh). For error details see the cluster log and the log files of the involved rule(s).
Select jobs to execute...

[Tue Nov 21 15:23:04 2023]
rule train_prior:
    output: outputs/esm2_128_sigmoid.out
    jobid: 8
    reason: Missing output files: outputs/esm2_128_sigmoid.out
    wildcards: lm=esm2, dimension=128, activation=sigmoid
    threads: 4
    resources: mem_mb=100000, mem_mib=95368, disk_mb=1000, disk_mib=954, tmpdir=<TBD>, partition=vision, gpu=1, runtime=4320

Submitted job 8 with external jobid '2253502'.
[Tue Nov 21 15:23:05 2023]
Error in rule train_prior:
    jobid: 18
    output: outputs/proteinBERT_16_sigmoid.out
    cluster_jobid: 2253491

Error executing rule train_prior on cluster (jobid: 18, external: 2253491, jobscript: /home/beckerf/tmp_work/learnMSA/learnMSA/protein_language_models/train_scoring_models/.snakemake/tmp.ibjtv61j/snakejob.train_prior.18.sh). For error details see the cluster log and the log files of the involved rule(s).
Trying to restart job 18.
Select jobs to execute...

[Tue Nov 21 15:23:05 2023]
rule train_prior:
    output: outputs/proteinBERT_16_sigmoid.out
    jobid: 18
    reason: Missing output files: outputs/proteinBERT_16_sigmoid.out
    wildcards: lm=proteinBERT, dimension=16, activation=sigmoid
    threads: 4
    resources: mem_mb=100000, mem_mib=95368, disk_mb=1000, disk_mib=954, tmpdir=<TBD>, partition=vision, gpu=1, runtime=4320

Submitted job 18 with external jobid '2253503'.
[Tue Nov 21 15:23:06 2023]
Error in rule train_prior:
    jobid: 7
    output: outputs/esm2_128_softmax.out
    cluster_jobid: 2253492

Error executing rule train_prior on cluster (jobid: 7, external: 2253492, jobscript: /home/beckerf/tmp_work/learnMSA/learnMSA/protein_language_models/train_scoring_models/.snakemake/tmp.ibjtv61j/snakejob.train_prior.7.sh). For error details see the cluster log and the log files of the involved rule(s).
Select jobs to execute...

[Tue Nov 21 15:23:06 2023]
rule train_prior:
    output: outputs/protT5_16_sigmoid.out
    jobid: 10
    reason: Missing output files: outputs/protT5_16_sigmoid.out
    wildcards: lm=protT5, dimension=16, activation=sigmoid
    threads: 4
    resources: mem_mb=100000, mem_mib=95368, disk_mb=1000, disk_mib=954, tmpdir=<TBD>, partition=vision, gpu=1, runtime=4320

Submitted job 10 with external jobid '2253504'.
[Tue Nov 21 15:23:07 2023]
Error in rule train_prior:
    jobid: 24
    output: outputs/proteinBERT_128_sigmoid.out
    cluster_jobid: 2253493

Error executing rule train_prior on cluster (jobid: 24, external: 2253493, jobscript: /home/beckerf/tmp_work/learnMSA/learnMSA/protein_language_models/train_scoring_models/.snakemake/tmp.ibjtv61j/snakejob.train_prior.24.sh). For error details see the cluster log and the log files of the involved rule(s).
Trying to restart job 24.
Select jobs to execute...

[Tue Nov 21 15:23:07 2023]
rule train_prior:
    output: outputs/proteinBERT_128_sigmoid.out
    jobid: 24
    reason: Missing output files: outputs/proteinBERT_128_sigmoid.out
    wildcards: lm=proteinBERT, dimension=128, activation=sigmoid
    threads: 4
    resources: mem_mb=100000, mem_mib=95368, disk_mb=1000, disk_mib=954, tmpdir=<TBD>, partition=vision, gpu=1, runtime=4320

Submitted job 24 with external jobid '2253505'.
[Tue Nov 21 15:23:08 2023]
Error in rule train_prior:
    jobid: 9
    output: outputs/protT5_16_softmax.out
    cluster_jobid: 2253494

Error executing rule train_prior on cluster (jobid: 9, external: 2253494, jobscript: /home/beckerf/tmp_work/learnMSA/learnMSA/protein_language_models/train_scoring_models/.snakemake/tmp.ibjtv61j/snakejob.train_prior.9.sh). For error details see the cluster log and the log files of the involved rule(s).
Trying to restart job 9.
Select jobs to execute...

[Tue Nov 21 15:23:08 2023]
rule train_prior:
    output: outputs/protT5_16_softmax.out
    jobid: 9
    reason: Missing output files: outputs/protT5_16_softmax.out
    wildcards: lm=protT5, dimension=16, activation=softmax
    threads: 4
    resources: mem_mb=100000, mem_mib=95368, disk_mb=1000, disk_mib=954, tmpdir=<TBD>, partition=vision, gpu=1, runtime=4320

Submitted job 9 with external jobid '2253506'.
[Tue Nov 21 15:23:09 2023]
Error in rule train_prior:
    jobid: 11
    output: outputs/protT5_32_softmax.out
    cluster_jobid: 2253495

Error executing rule train_prior on cluster (jobid: 11, external: 2253495, jobscript: /home/beckerf/tmp_work/learnMSA/learnMSA/protein_language_models/train_scoring_models/.snakemake/tmp.ibjtv61j/snakejob.train_prior.11.sh). For error details see the cluster log and the log files of the involved rule(s).
Trying to restart job 11.
Select jobs to execute...

[Tue Nov 21 15:23:09 2023]
rule train_prior:
    output: outputs/protT5_32_softmax.out
    jobid: 11
    reason: Missing output files: outputs/protT5_32_softmax.out
    wildcards: lm=protT5, dimension=32, activation=softmax
    threads: 4
    resources: mem_mb=100000, mem_mib=95368, disk_mb=1000, disk_mib=954, tmpdir=<TBD>, partition=vision, gpu=1, runtime=4320

Submitted job 11 with external jobid '2253507'.
[Tue Nov 21 15:23:10 2023]
Error in rule train_prior:
    jobid: 4
    output: outputs/esm2_32_sigmoid.out
    cluster_jobid: 2253496

Error executing rule train_prior on cluster (jobid: 4, external: 2253496, jobscript: /home/beckerf/tmp_work/learnMSA/learnMSA/protein_language_models/train_scoring_models/.snakemake/tmp.ibjtv61j/snakejob.train_prior.4.sh). For error details see the cluster log and the log files of the involved rule(s).
Select jobs to execute...

[Tue Nov 21 15:23:10 2023]
rule train_prior:
    output: outputs/esm2_16_softmax.out
    jobid: 1
    reason: Missing output files: outputs/esm2_16_softmax.out
    wildcards: lm=esm2, dimension=16, activation=softmax
    threads: 4
    resources: mem_mb=100000, mem_mib=95368, disk_mb=1000, disk_mib=954, tmpdir=<TBD>, partition=vision, gpu=1, runtime=4320

Submitted job 1 with external jobid '2253508'.
[Tue Nov 21 15:23:20 2023]
Error in rule train_prior:
    jobid: 17
    output: outputs/proteinBERT_16_softmax.out
    cluster_jobid: 2253497

Error executing rule train_prior on cluster (jobid: 17, external: 2253497, jobscript: /home/beckerf/tmp_work/learnMSA/learnMSA/protein_language_models/train_scoring_models/.snakemake/tmp.ibjtv61j/snakejob.train_prior.17.sh). For error details see the cluster log and the log files of the involved rule(s).
Trying to restart job 17.
Select jobs to execute...

[Tue Nov 21 15:23:20 2023]
rule train_prior:
    output: outputs/proteinBERT_16_softmax.out
    jobid: 17
    reason: Missing output files: outputs/proteinBERT_16_softmax.out
    wildcards: lm=proteinBERT, dimension=16, activation=softmax
    threads: 4
    resources: mem_mb=100000, mem_mib=95368, disk_mb=1000, disk_mib=954, tmpdir=<TBD>, partition=vision, gpu=1, runtime=4320

Submitted job 17 with external jobid '2253509'.
[Tue Nov 21 15:23:21 2023]
Error in rule train_prior:
    jobid: 21
    output: outputs/proteinBERT_64_softmax.out
    cluster_jobid: 2253498

Error executing rule train_prior on cluster (jobid: 21, external: 2253498, jobscript: /home/beckerf/tmp_work/learnMSA/learnMSA/protein_language_models/train_scoring_models/.snakemake/tmp.ibjtv61j/snakejob.train_prior.21.sh). For error details see the cluster log and the log files of the involved rule(s).
Trying to restart job 21.
Select jobs to execute...

[Tue Nov 21 15:23:21 2023]
rule train_prior:
    output: outputs/proteinBERT_64_softmax.out
    jobid: 21
    reason: Missing output files: outputs/proteinBERT_64_softmax.out
    wildcards: lm=proteinBERT, dimension=64, activation=softmax
    threads: 4
    resources: mem_mb=100000, mem_mib=95368, disk_mb=1000, disk_mib=954, tmpdir=<TBD>, partition=vision, gpu=1, runtime=4320

Submitted job 21 with external jobid '2253510'.
[Tue Nov 21 15:23:22 2023]
Error in rule train_prior:
    jobid: 19
    output: outputs/proteinBERT_32_softmax.out
    cluster_jobid: 2253499

Error executing rule train_prior on cluster (jobid: 19, external: 2253499, jobscript: /home/beckerf/tmp_work/learnMSA/learnMSA/protein_language_models/train_scoring_models/.snakemake/tmp.ibjtv61j/snakejob.train_prior.19.sh). For error details see the cluster log and the log files of the involved rule(s).
Trying to restart job 19.
Select jobs to execute...

[Tue Nov 21 15:23:22 2023]
rule train_prior:
    output: outputs/proteinBERT_32_softmax.out
    jobid: 19
    reason: Missing output files: outputs/proteinBERT_32_softmax.out
    wildcards: lm=proteinBERT, dimension=32, activation=softmax
    threads: 4
    resources: mem_mb=100000, mem_mib=95368, disk_mb=1000, disk_mib=954, tmpdir=<TBD>, partition=vision, gpu=1, runtime=4320

Submitted job 19 with external jobid '2253511'.
[Tue Nov 21 15:23:23 2023]
Error in rule train_prior:
    jobid: 6
    output: outputs/esm2_64_sigmoid.out
    cluster_jobid: 2253500

Error executing rule train_prior on cluster (jobid: 6, external: 2253500, jobscript: /home/beckerf/tmp_work/learnMSA/learnMSA/protein_language_models/train_scoring_models/.snakemake/tmp.ibjtv61j/snakejob.train_prior.6.sh). For error details see the cluster log and the log files of the involved rule(s).
Trying to restart job 6.
Select jobs to execute...

[Tue Nov 21 15:23:23 2023]
rule train_prior:
    output: outputs/esm2_64_sigmoid.out
    jobid: 6
    reason: Missing output files: outputs/esm2_64_sigmoid.out
    wildcards: lm=esm2, dimension=64, activation=sigmoid
    threads: 4
    resources: mem_mb=100000, mem_mib=95368, disk_mb=1000, disk_mib=954, tmpdir=<TBD>, partition=vision, gpu=1, runtime=4320

Submitted job 6 with external jobid '2253512'.
[Tue Nov 21 15:23:24 2023]
Error in rule train_prior:
    jobid: 23
    output: outputs/proteinBERT_128_softmax.out
    cluster_jobid: 2253501

Error executing rule train_prior on cluster (jobid: 23, external: 2253501, jobscript: /home/beckerf/tmp_work/learnMSA/learnMSA/protein_language_models/train_scoring_models/.snakemake/tmp.ibjtv61j/snakejob.train_prior.23.sh). For error details see the cluster log and the log files of the involved rule(s).
Trying to restart job 23.
Select jobs to execute...

[Tue Nov 21 15:23:24 2023]
rule train_prior:
    output: outputs/proteinBERT_128_softmax.out
    jobid: 23
    reason: Missing output files: outputs/proteinBERT_128_softmax.out
    wildcards: lm=proteinBERT, dimension=128, activation=softmax
    threads: 4
    resources: mem_mb=100000, mem_mib=95368, disk_mb=1000, disk_mib=954, tmpdir=<TBD>, partition=vision, gpu=1, runtime=4320

Submitted job 23 with external jobid '2253513'.
[Tue Nov 21 15:23:25 2023]
Error in rule train_prior:
    jobid: 8
    output: outputs/esm2_128_sigmoid.out
    cluster_jobid: 2253502

Error executing rule train_prior on cluster (jobid: 8, external: 2253502, jobscript: /home/beckerf/tmp_work/learnMSA/learnMSA/protein_language_models/train_scoring_models/.snakemake/tmp.ibjtv61j/snakejob.train_prior.8.sh). For error details see the cluster log and the log files of the involved rule(s).
Trying to restart job 8.
Select jobs to execute...

[Tue Nov 21 15:23:25 2023]
rule train_prior:
    output: outputs/esm2_128_sigmoid.out
    jobid: 8
    reason: Missing output files: outputs/esm2_128_sigmoid.out
    wildcards: lm=esm2, dimension=128, activation=sigmoid
    threads: 4
    resources: mem_mb=100000, mem_mib=95368, disk_mb=1000, disk_mib=954, tmpdir=<TBD>, partition=vision, gpu=1, runtime=4320

Submitted job 8 with external jobid '2253514'.
[Tue Nov 21 15:23:26 2023]
Error in rule train_prior:
    jobid: 18
    output: outputs/proteinBERT_16_sigmoid.out
    cluster_jobid: 2253503

Error executing rule train_prior on cluster (jobid: 18, external: 2253503, jobscript: /home/beckerf/tmp_work/learnMSA/learnMSA/protein_language_models/train_scoring_models/.snakemake/tmp.ibjtv61j/snakejob.train_prior.18.sh). For error details see the cluster log and the log files of the involved rule(s).
Select jobs to execute...

[Tue Nov 21 15:23:26 2023]
rule train_prior:
    output: outputs/protT5_32_sigmoid.out
    jobid: 12
    reason: Missing output files: outputs/protT5_32_sigmoid.out
    wildcards: lm=protT5, dimension=32, activation=sigmoid
    threads: 4
    resources: mem_mb=100000, mem_mib=95368, disk_mb=1000, disk_mib=954, tmpdir=<TBD>, partition=vision, gpu=1, runtime=4320

Submitted job 12 with external jobid '2253515'.
[Tue Nov 21 15:23:27 2023]
Error in rule train_prior:
    jobid: 10
    output: outputs/protT5_16_sigmoid.out
    cluster_jobid: 2253504

Error executing rule train_prior on cluster (jobid: 10, external: 2253504, jobscript: /home/beckerf/tmp_work/learnMSA/learnMSA/protein_language_models/train_scoring_models/.snakemake/tmp.ibjtv61j/snakejob.train_prior.10.sh). For error details see the cluster log and the log files of the involved rule(s).
Trying to restart job 10.
Select jobs to execute...

[Tue Nov 21 15:23:27 2023]
rule train_prior:
    output: outputs/protT5_16_sigmoid.out
    jobid: 10
    reason: Missing output files: outputs/protT5_16_sigmoid.out
    wildcards: lm=protT5, dimension=16, activation=sigmoid
    threads: 4
    resources: mem_mb=100000, mem_mib=95368, disk_mb=1000, disk_mib=954, tmpdir=<TBD>, partition=vision, gpu=1, runtime=4320

Submitted job 10 with external jobid '2253516'.
[Tue Nov 21 15:23:28 2023]
Error in rule train_prior:
    jobid: 24
    output: outputs/proteinBERT_128_sigmoid.out
    cluster_jobid: 2253505

Error executing rule train_prior on cluster (jobid: 24, external: 2253505, jobscript: /home/beckerf/tmp_work/learnMSA/learnMSA/protein_language_models/train_scoring_models/.snakemake/tmp.ibjtv61j/snakejob.train_prior.24.sh). For error details see the cluster log and the log files of the involved rule(s).
Select jobs to execute...

[Tue Nov 21 15:23:28 2023]
rule train_prior:
    output: outputs/protT5_64_sigmoid.out
    jobid: 14
    reason: Missing output files: outputs/protT5_64_sigmoid.out
    wildcards: lm=protT5, dimension=64, activation=sigmoid
    threads: 4
    resources: mem_mb=100000, mem_mib=95368, disk_mb=1000, disk_mib=954, tmpdir=<TBD>, partition=vision, gpu=1, runtime=4320

Submitted job 14 with external jobid '2253517'.
[Tue Nov 21 15:23:29 2023]
Error in rule train_prior:
    jobid: 9
    output: outputs/protT5_16_softmax.out
    cluster_jobid: 2253506

Error executing rule train_prior on cluster (jobid: 9, external: 2253506, jobscript: /home/beckerf/tmp_work/learnMSA/learnMSA/protein_language_models/train_scoring_models/.snakemake/tmp.ibjtv61j/snakejob.train_prior.9.sh). For error details see the cluster log and the log files of the involved rule(s).
Select jobs to execute...

[Tue Nov 21 15:23:29 2023]
rule train_prior:
    output: outputs/esm2_32_softmax.out
    jobid: 3
    reason: Missing output files: outputs/esm2_32_softmax.out
    wildcards: lm=esm2, dimension=32, activation=softmax
    threads: 4
    resources: mem_mb=100000, mem_mib=95368, disk_mb=1000, disk_mib=954, tmpdir=<TBD>, partition=vision, gpu=1, runtime=4320

Submitted job 3 with external jobid '2253518'.
[Tue Nov 21 15:23:30 2023]
Error in rule train_prior:
    jobid: 11
    output: outputs/protT5_32_softmax.out
    cluster_jobid: 2253507

Error executing rule train_prior on cluster (jobid: 11, external: 2253507, jobscript: /home/beckerf/tmp_work/learnMSA/learnMSA/protein_language_models/train_scoring_models/.snakemake/tmp.ibjtv61j/snakejob.train_prior.11.sh). For error details see the cluster log and the log files of the involved rule(s).
Select jobs to execute...

[Tue Nov 21 15:23:30 2023]
rule train_prior:
    output: outputs/protT5_128_sigmoid.out
    jobid: 16
    reason: Missing output files: outputs/protT5_128_sigmoid.out
    wildcards: lm=protT5, dimension=128, activation=sigmoid
    threads: 4
    resources: mem_mb=100000, mem_mib=95368, disk_mb=1000, disk_mib=954, tmpdir=<TBD>, partition=vision, gpu=1, runtime=4320

Submitted job 16 with external jobid '2253520'.
[Tue Nov 21 15:23:31 2023]
Error in rule train_prior:
    jobid: 1
    output: outputs/esm2_16_softmax.out
    cluster_jobid: 2253508

Error executing rule train_prior on cluster (jobid: 1, external: 2253508, jobscript: /home/beckerf/tmp_work/learnMSA/learnMSA/protein_language_models/train_scoring_models/.snakemake/tmp.ibjtv61j/snakejob.train_prior.1.sh). For error details see the cluster log and the log files of the involved rule(s).
Trying to restart job 1.
Select jobs to execute...

[Tue Nov 21 15:23:31 2023]
rule train_prior:
    output: outputs/esm2_16_softmax.out
    jobid: 1
    reason: Missing output files: outputs/esm2_16_softmax.out
    wildcards: lm=esm2, dimension=16, activation=softmax
    threads: 4
    resources: mem_mb=100000, mem_mib=95368, disk_mb=1000, disk_mib=954, tmpdir=<TBD>, partition=vision, gpu=1, runtime=4320

Submitted job 1 with external jobid '2253521'.
[Tue Nov 21 15:23:41 2023]
Error in rule train_prior:
    jobid: 17
    output: outputs/proteinBERT_16_softmax.out
    cluster_jobid: 2253509

Error executing rule train_prior on cluster (jobid: 17, external: 2253509, jobscript: /home/beckerf/tmp_work/learnMSA/learnMSA/protein_language_models/train_scoring_models/.snakemake/tmp.ibjtv61j/snakejob.train_prior.17.sh). For error details see the cluster log and the log files of the involved rule(s).
Trying to restart job 17.
Select jobs to execute...

[Tue Nov 21 15:23:41 2023]
rule train_prior:
    output: outputs/proteinBERT_16_softmax.out
    jobid: 17
    reason: Missing output files: outputs/proteinBERT_16_softmax.out
    wildcards: lm=proteinBERT, dimension=16, activation=softmax
    threads: 4
    resources: mem_mb=100000, mem_mib=95368, disk_mb=1000, disk_mib=954, tmpdir=<TBD>, partition=vision, gpu=1, runtime=4320

Submitted job 17 with external jobid '2253522'.
[Tue Nov 21 15:23:42 2023]
Error in rule train_prior:
    jobid: 21
    output: outputs/proteinBERT_64_softmax.out
    cluster_jobid: 2253510

Error executing rule train_prior on cluster (jobid: 21, external: 2253510, jobscript: /home/beckerf/tmp_work/learnMSA/learnMSA/protein_language_models/train_scoring_models/.snakemake/tmp.ibjtv61j/snakejob.train_prior.21.sh). For error details see the cluster log and the log files of the involved rule(s).
Trying to restart job 21.
Select jobs to execute...

[Tue Nov 21 15:23:42 2023]
rule train_prior:
    output: outputs/proteinBERT_64_softmax.out
    jobid: 21
    reason: Missing output files: outputs/proteinBERT_64_softmax.out
    wildcards: lm=proteinBERT, dimension=64, activation=softmax
    threads: 4
    resources: mem_mb=100000, mem_mib=95368, disk_mb=1000, disk_mib=954, tmpdir=<TBD>, partition=vision, gpu=1, runtime=4320

Submitted job 21 with external jobid '2253523'.
Terminating processes on user request, this might take some time.
Complete log: .snakemake/log/2023-11-21T152047.962770.snakemake.log
