Building DAG of jobs...
Using shell: /usr/bin/bash
Provided cluster nodes: 12
Provided resources: msa_load=24, learnMSA_load=12
Job stats:
job                      count    min threads    max threads
---------------------  -------  -------------  -------------
all                          1              1              1
concat_results_scores        2              1              1
total                        3              1              1

Select jobs to execute...

[Sun Nov 26 10:11:08 2023]
rule concat_results_scores:
    input: results/rows/esm2_16_softmax, results/rows/esm2_32_softmax, results/rows/esm2_64_softmax, results/rows/esm2_128_softmax, results/rows/protT5_16_softmax, results/rows/protT5_32_softmax, results/rows/protT5_64_softmax, results/rows/protT5_128_softmax, results/rows/proteinBERT_16_softmax, results/rows/proteinBERT_32_softmax, results/rows/proteinBERT_64_softmax, results/rows/proteinBERT_128_softmax
    output: results/softmax.tbl
    jobid: 1
    reason: Missing output files: results/softmax.tbl
    wildcards: activation=softmax
    resources: mem_mb=1000, mem_mib=954, disk_mb=1000, disk_mib=954, tmpdir=<TBD>, partition=batch,snowball,pinky, gpu=0

Submitted job 1 with external jobid '2278176'.

[Sun Nov 26 10:11:09 2023]
rule concat_results_scores:
    input: results/rows/esm2_16_sigmoid, results/rows/esm2_32_sigmoid, results/rows/esm2_64_sigmoid, results/rows/esm2_128_sigmoid, results/rows/protT5_16_sigmoid, results/rows/protT5_32_sigmoid, results/rows/protT5_64_sigmoid, results/rows/protT5_128_sigmoid, results/rows/proteinBERT_16_sigmoid, results/rows/proteinBERT_32_sigmoid, results/rows/proteinBERT_64_sigmoid, results/rows/proteinBERT_128_sigmoid
    output: results/sigmoid.tbl
    jobid: 14
    reason: Missing output files: results/sigmoid.tbl
    wildcards: activation=sigmoid
    resources: mem_mb=1000, mem_mib=954, disk_mb=1000, disk_mib=954, tmpdir=<TBD>, partition=batch,snowball,pinky, gpu=0

Submitted job 14 with external jobid '2278177'.
[Sun Nov 26 10:11:18 2023]
Finished job 1.
1 of 3 steps (33%) done
[Sun Nov 26 10:11:19 2023]
Finished job 14.
2 of 3 steps (67%) done
Select jobs to execute...

[Sun Nov 26 10:11:19 2023]
localrule all:
    input: results/softmax.tbl, results/sigmoid.tbl
    jobid: 0
    reason: Input files updated by another job: results/softmax.tbl, results/sigmoid.tbl
    resources: mem_mb=10000, mem_mib=9537, disk_mb=1000, disk_mib=954, tmpdir=/tmp, partition=pinky, gpu=0

[Sun Nov 26 10:11:19 2023]
Finished job 0.
3 of 3 steps (100%) done
Complete log: .snakemake/log/2023-11-26T101107.071452.snakemake.log
