Building DAG of jobs...
Using shell: /usr/bin/bash
Provided cluster nodes: 16
Provided resources: msa_load=24, learnMSA_load=16
Job stats:
job                   count    min threads    max threads
------------------  -------  -------------  -------------
all                       1              1              1
concat_prior_tests        1              1              1
test_prior               96              4              4
total                    98              1              4

Select jobs to execute...

[Thu Dec 14 14:24:39 2023]
rule test_prior:
    input: train_prior_outputs/esm2_64_sigmoid_10.out
    output: results/test_prior_rows/esm2_64_sigmoid_10
    jobid: 94
    reason: Missing output files: results/test_prior_rows/esm2_64_sigmoid_10
    wildcards: lm=esm2, dimension=64, activation=sigmoid, num_components=10
    threads: 4
    resources: mem_mb=32000, mem_mib=30518, disk_mb=1000, disk_mib=954, tmpdir=<TBD>, partition=vision, gpu=1, runtime=60

Submitted job 94 with external jobid '2405285'.

[Thu Dec 14 14:24:48 2023]
rule test_prior:
    input: train_prior_outputs/esm2_16_sigmoid_32.out
    output: results/test_prior_rows/esm2_16_sigmoid_32
    jobid: 64
    reason: Missing output files: results/test_prior_rows/esm2_16_sigmoid_32
    wildcards: lm=esm2, dimension=16, activation=sigmoid, num_components=32
    threads: 4
    resources: mem_mb=32000, mem_mib=30518, disk_mb=1000, disk_mib=954, tmpdir=<TBD>, partition=vision, gpu=1, runtime=60

Submitted job 64 with external jobid '2405286'.

[Thu Dec 14 14:24:48 2023]
rule test_prior:
    input: train_prior_outputs/esm2_64_sigmoid_32.out
    output: results/test_prior_rows/esm2_64_sigmoid_32
    jobid: 96
    reason: Missing output files: results/test_prior_rows/esm2_64_sigmoid_32
    wildcards: lm=esm2, dimension=64, activation=sigmoid, num_components=32
    threads: 4
    resources: mem_mb=32000, mem_mib=30518, disk_mb=1000, disk_mib=954, tmpdir=<TBD>, partition=vision, gpu=1, runtime=60

Submitted job 96 with external jobid '2405287'.

[Thu Dec 14 14:24:48 2023]
rule test_prior:
    input: train_prior_outputs/esm2_16_sigmoid_100.out
    output: results/test_prior_rows/esm2_16_sigmoid_100
    jobid: 66
    reason: Missing output files: results/test_prior_rows/esm2_16_sigmoid_100
    wildcards: lm=esm2, dimension=16, activation=sigmoid, num_components=100
    threads: 4
    resources: mem_mb=32000, mem_mib=30518, disk_mb=1000, disk_mib=954, tmpdir=<TBD>, partition=vision, gpu=1, runtime=60

Submitted job 66 with external jobid '2405288'.

[Thu Dec 14 14:24:48 2023]
rule test_prior:
    input: train_prior_outputs/esm2_64_sigmoid_100.out
    output: results/test_prior_rows/esm2_64_sigmoid_100
    jobid: 98
    reason: Missing output files: results/test_prior_rows/esm2_64_sigmoid_100
    wildcards: lm=esm2, dimension=64, activation=sigmoid, num_components=100
    threads: 4
    resources: mem_mb=32000, mem_mib=30518, disk_mb=1000, disk_mib=954, tmpdir=<TBD>, partition=vision, gpu=1, runtime=60

Submitted job 98 with external jobid '2405289'.

[Thu Dec 14 14:24:48 2023]
rule test_prior:
    input: train_prior_outputs/esm2_32_softmax_100.out
    output: results/test_prior_rows/esm2_32_softmax_100
    jobid: 74
    reason: Missing output files: results/test_prior_rows/esm2_32_softmax_100
    wildcards: lm=esm2, dimension=32, activation=softmax, num_components=100
    threads: 4
    resources: mem_mb=32000, mem_mib=30518, disk_mb=1000, disk_mib=954, tmpdir=<TBD>, partition=vision, gpu=1, runtime=60

Submitted job 74 with external jobid '2405290'.

[Thu Dec 14 14:24:48 2023]
rule test_prior:
    input: train_prior_outputs/esm2_32_sigmoid_10.out
    output: results/test_prior_rows/esm2_32_sigmoid_10
    jobid: 78
    reason: Missing output files: results/test_prior_rows/esm2_32_sigmoid_10
    wildcards: lm=esm2, dimension=32, activation=sigmoid, num_components=10
    threads: 4
    resources: mem_mb=32000, mem_mib=30518, disk_mb=1000, disk_mib=954, tmpdir=<TBD>, partition=vision, gpu=1, runtime=60

Submitted job 78 with external jobid '2405291'.

[Thu Dec 14 14:24:48 2023]
rule test_prior:
    input: train_prior_outputs/esm2_128_sigmoid_10.out
    output: results/test_prior_rows/esm2_128_sigmoid_10
    jobid: 110
    reason: Missing output files: results/test_prior_rows/esm2_128_sigmoid_10
    wildcards: lm=esm2, dimension=128, activation=sigmoid, num_components=10
    threads: 4
    resources: mem_mb=32000, mem_mib=30518, disk_mb=1000, disk_mib=954, tmpdir=<TBD>, partition=vision, gpu=1, runtime=60

Submitted job 110 with external jobid '2405292'.

[Thu Dec 14 14:24:48 2023]
rule test_prior:
    input: train_prior_outputs/esm2_32_sigmoid_32.out
    output: results/test_prior_rows/esm2_32_sigmoid_32
    jobid: 80
    reason: Missing output files: results/test_prior_rows/esm2_32_sigmoid_32
    wildcards: lm=esm2, dimension=32, activation=sigmoid, num_components=32
    threads: 4
    resources: mem_mb=32000, mem_mib=30518, disk_mb=1000, disk_mib=954, tmpdir=<TBD>, partition=vision, gpu=1, runtime=60

Submitted job 80 with external jobid '2405293'.

[Thu Dec 14 14:24:49 2023]
rule test_prior:
    input: train_prior_outputs/esm2_128_sigmoid_32.out
    output: results/test_prior_rows/esm2_128_sigmoid_32
    jobid: 112
    reason: Missing output files: results/test_prior_rows/esm2_128_sigmoid_32
    wildcards: lm=esm2, dimension=128, activation=sigmoid, num_components=32
    threads: 4
    resources: mem_mb=32000, mem_mib=30518, disk_mb=1000, disk_mib=954, tmpdir=<TBD>, partition=vision, gpu=1, runtime=60

Submitted job 112 with external jobid '2405294'.

[Thu Dec 14 14:24:49 2023]
rule test_prior:
    input: train_prior_outputs/esm2_32_sigmoid_100.out
    output: results/test_prior_rows/esm2_32_sigmoid_100
    jobid: 82
    reason: Missing output files: results/test_prior_rows/esm2_32_sigmoid_100
    wildcards: lm=esm2, dimension=32, activation=sigmoid, num_components=100
    threads: 4
    resources: mem_mb=32000, mem_mib=30518, disk_mb=1000, disk_mib=954, tmpdir=<TBD>, partition=vision, gpu=1, runtime=60

Submitted job 82 with external jobid '2405295'.

[Thu Dec 14 14:24:49 2023]
rule test_prior:
    input: train_prior_outputs/esm2_16_softmax_10.out
    output: results/test_prior_rows/esm2_16_softmax_10
    jobid: 54
    reason: Missing output files: results/test_prior_rows/esm2_16_softmax_10
    wildcards: lm=esm2, dimension=16, activation=softmax, num_components=10
    threads: 4
    resources: mem_mb=32000, mem_mib=30518, disk_mb=1000, disk_mib=954, tmpdir=<TBD>, partition=vision, gpu=1, runtime=60

Submitted job 54 with external jobid '2405296'.

[Thu Dec 14 14:24:49 2023]
rule test_prior:
    input: train_prior_outputs/esm2_128_sigmoid_100.out
    output: results/test_prior_rows/esm2_128_sigmoid_100
    jobid: 114
    reason: Missing output files: results/test_prior_rows/esm2_128_sigmoid_100
    wildcards: lm=esm2, dimension=128, activation=sigmoid, num_components=100
    threads: 4
    resources: mem_mb=32000, mem_mib=30518, disk_mb=1000, disk_mib=954, tmpdir=<TBD>, partition=vision, gpu=1, runtime=60

Submitted job 114 with external jobid '2405297'.

[Thu Dec 14 14:24:49 2023]
rule test_prior:
    input: train_prior_outputs/esm2_16_softmax_32.out
    output: results/test_prior_rows/esm2_16_softmax_32
    jobid: 56
    reason: Missing output files: results/test_prior_rows/esm2_16_softmax_32
    wildcards: lm=esm2, dimension=16, activation=softmax, num_components=32
    threads: 4
    resources: mem_mb=32000, mem_mib=30518, disk_mb=1000, disk_mib=954, tmpdir=<TBD>, partition=vision, gpu=1, runtime=60

Submitted job 56 with external jobid '2405298'.

[Thu Dec 14 14:24:49 2023]
rule test_prior:
    input: train_prior_outputs/esm2_16_softmax_100.out
    output: results/test_prior_rows/esm2_16_softmax_100
    jobid: 58
    reason: Missing output files: results/test_prior_rows/esm2_16_softmax_100
    wildcards: lm=esm2, dimension=16, activation=softmax, num_components=100
    threads: 4
    resources: mem_mb=32000, mem_mib=30518, disk_mb=1000, disk_mib=954, tmpdir=<TBD>, partition=vision, gpu=1, runtime=60

Submitted job 58 with external jobid '2405299'.

[Thu Dec 14 14:24:49 2023]
rule test_prior:
    input: train_prior_outputs/esm2_16_sigmoid_10.out
    output: results/test_prior_rows/esm2_16_sigmoid_10
    jobid: 62
    reason: Missing output files: results/test_prior_rows/esm2_16_sigmoid_10
    wildcards: lm=esm2, dimension=16, activation=sigmoid, num_components=10
    threads: 4
    resources: mem_mb=32000, mem_mib=30518, disk_mb=1000, disk_mib=954, tmpdir=<TBD>, partition=vision, gpu=1, runtime=60

Submitted job 62 with external jobid '2405300'.
[Thu Dec 14 14:27:54 2023]
Finished job 82.
1 of 98 steps (1%) done
Select jobs to execute...

[Thu Dec 14 14:27:54 2023]
rule test_prior:
    input: train_prior_outputs/esm2_128_softmax_100.out
    output: results/test_prior_rows/esm2_128_softmax_100
    jobid: 106
    reason: Missing output files: results/test_prior_rows/esm2_128_softmax_100
    wildcards: lm=esm2, dimension=128, activation=softmax, num_components=100
    threads: 4
    resources: mem_mb=32000, mem_mib=30518, disk_mb=1000, disk_mib=954, tmpdir=<TBD>, partition=vision, gpu=1, runtime=60

Submitted job 106 with external jobid '2405301'.
[Thu Dec 14 14:27:55 2023]
Finished job 54.
2 of 98 steps (2%) done
Select jobs to execute...

[Thu Dec 14 14:27:55 2023]
rule test_prior:
    input: train_prior_outputs/protT5_16_sigmoid_100.out
    output: results/test_prior_rows/protT5_16_sigmoid_100
    jobid: 130
    reason: Missing output files: results/test_prior_rows/protT5_16_sigmoid_100
    wildcards: lm=protT5, dimension=16, activation=sigmoid, num_components=100
    threads: 4
    resources: mem_mb=32000, mem_mib=30518, disk_mb=1000, disk_mib=954, tmpdir=<TBD>, partition=vision, gpu=1, runtime=60

Submitted job 130 with external jobid '2405302'.
[Thu Dec 14 14:27:56 2023]
Finished job 114.
3 of 98 steps (3%) done
Select jobs to execute...

[Thu Dec 14 14:27:56 2023]
rule test_prior:
    input: train_prior_outputs/protT5_128_sigmoid_100.out
    output: results/test_prior_rows/protT5_128_sigmoid_100
    jobid: 178
    reason: Missing output files: results/test_prior_rows/protT5_128_sigmoid_100
    wildcards: lm=protT5, dimension=128, activation=sigmoid, num_components=100
    threads: 4
    resources: mem_mb=32000, mem_mib=30518, disk_mb=1000, disk_mib=954, tmpdir=<TBD>, partition=vision, gpu=1, runtime=60

Submitted job 178 with external jobid '2405303'.
[Thu Dec 14 14:27:57 2023]
Finished job 56.
4 of 98 steps (4%) done
Select jobs to execute...

[Thu Dec 14 14:27:57 2023]
rule test_prior:
    input: train_prior_outputs/protT5_16_sigmoid_32.out
    output: results/test_prior_rows/protT5_16_sigmoid_32
    jobid: 128
    reason: Missing output files: results/test_prior_rows/protT5_16_sigmoid_32
    wildcards: lm=protT5, dimension=16, activation=sigmoid, num_components=32
    threads: 4
    resources: mem_mb=32000, mem_mib=30518, disk_mb=1000, disk_mib=954, tmpdir=<TBD>, partition=vision, gpu=1, runtime=60

Submitted job 128 with external jobid '2405304'.
[Thu Dec 14 14:27:58 2023]
Finished job 58.
5 of 98 steps (5%) done
Select jobs to execute...

[Thu Dec 14 14:27:58 2023]
rule test_prior:
    input: train_prior_outputs/protT5_16_softmax_100.out
    output: results/test_prior_rows/protT5_16_softmax_100
    jobid: 122
    reason: Missing output files: results/test_prior_rows/protT5_16_softmax_100
    wildcards: lm=protT5, dimension=16, activation=softmax, num_components=100
    threads: 4
    resources: mem_mb=32000, mem_mib=30518, disk_mb=1000, disk_mib=954, tmpdir=<TBD>, partition=vision, gpu=1, runtime=60

Submitted job 122 with external jobid '2405305'.
[Thu Dec 14 14:27:59 2023]
Finished job 62.
6 of 98 steps (6%) done
Select jobs to execute...

[Thu Dec 14 14:27:59 2023]
rule test_prior:
    input: train_prior_outputs/protT5_128_sigmoid_32.out
    output: results/test_prior_rows/protT5_128_sigmoid_32
    jobid: 176
    reason: Missing output files: results/test_prior_rows/protT5_128_sigmoid_32
    wildcards: lm=protT5, dimension=128, activation=sigmoid, num_components=32
    threads: 4
    resources: mem_mb=32000, mem_mib=30518, disk_mb=1000, disk_mib=954, tmpdir=<TBD>, partition=vision, gpu=1, runtime=60

Submitted job 176 with external jobid '2405306'.
[Thu Dec 14 14:28:14 2023]
Finished job 94.
7 of 98 steps (7%) done
Select jobs to execute...

[Thu Dec 14 14:28:14 2023]
rule test_prior:
    input: train_prior_outputs/protT5_16_softmax_32.out
    output: results/test_prior_rows/protT5_16_softmax_32
    jobid: 120
    reason: Missing output files: results/test_prior_rows/protT5_16_softmax_32
    wildcards: lm=protT5, dimension=16, activation=softmax, num_components=32
    threads: 4
    resources: mem_mb=32000, mem_mib=30518, disk_mb=1000, disk_mib=954, tmpdir=<TBD>, partition=vision, gpu=1, runtime=60

Submitted job 120 with external jobid '2405307'.
[Thu Dec 14 14:28:15 2023]
Finished job 64.
8 of 98 steps (8%) done
Select jobs to execute...

[Thu Dec 14 14:28:15 2023]
rule test_prior:
    input: train_prior_outputs/protT5_32_sigmoid_100.out
    output: results/test_prior_rows/protT5_32_sigmoid_100
    jobid: 146
    reason: Missing output files: results/test_prior_rows/protT5_32_sigmoid_100
    wildcards: lm=protT5, dimension=32, activation=sigmoid, num_components=100
    threads: 4
    resources: mem_mb=32000, mem_mib=30518, disk_mb=1000, disk_mib=954, tmpdir=<TBD>, partition=vision, gpu=1, runtime=60

Submitted job 146 with external jobid '2405308'.
[Thu Dec 14 14:28:16 2023]
Finished job 96.
9 of 98 steps (9%) done
Select jobs to execute...

[Thu Dec 14 14:28:16 2023]
rule test_prior:
    input: train_prior_outputs/protT5_16_sigmoid_10.out
    output: results/test_prior_rows/protT5_16_sigmoid_10
    jobid: 126
    reason: Missing output files: results/test_prior_rows/protT5_16_sigmoid_10
    wildcards: lm=protT5, dimension=16, activation=sigmoid, num_components=10
    threads: 4
    resources: mem_mb=32000, mem_mib=30518, disk_mb=1000, disk_mib=954, tmpdir=<TBD>, partition=vision, gpu=1, runtime=60

Submitted job 126 with external jobid '2405309'.
[Thu Dec 14 14:28:17 2023]
Finished job 66.
10 of 98 steps (10%) done
Select jobs to execute...

[Thu Dec 14 14:28:17 2023]
rule test_prior:
    input: train_prior_outputs/esm2_32_softmax_32.out
    output: results/test_prior_rows/esm2_32_softmax_32
    jobid: 72
    reason: Missing output files: results/test_prior_rows/esm2_32_softmax_32
    wildcards: lm=esm2, dimension=32, activation=softmax, num_components=32
    threads: 4
    resources: mem_mb=32000, mem_mib=30518, disk_mb=1000, disk_mib=954, tmpdir=<TBD>, partition=vision, gpu=1, runtime=60

Submitted job 72 with external jobid '2405310'.
[Thu Dec 14 14:28:18 2023]
Finished job 98.
11 of 98 steps (11%) done
Select jobs to execute...

[Thu Dec 14 14:28:18 2023]
rule test_prior:
    input: train_prior_outputs/protT5_32_sigmoid_32.out
    output: results/test_prior_rows/protT5_32_sigmoid_32
    jobid: 144
    reason: Missing output files: results/test_prior_rows/protT5_32_sigmoid_32
    wildcards: lm=protT5, dimension=32, activation=sigmoid, num_components=32
    threads: 4
    resources: mem_mb=32000, mem_mib=30518, disk_mb=1000, disk_mib=954, tmpdir=<TBD>, partition=vision, gpu=1, runtime=60

Submitted job 144 with external jobid '2405311'.
[Thu Dec 14 14:28:19 2023]
Finished job 74.
12 of 98 steps (12%) done
Select jobs to execute...

[Thu Dec 14 14:28:19 2023]
rule test_prior:
    input: train_prior_outputs/protT5_16_softmax_10.out
    output: results/test_prior_rows/protT5_16_softmax_10
    jobid: 118
    reason: Missing output files: results/test_prior_rows/protT5_16_softmax_10
    wildcards: lm=protT5, dimension=16, activation=softmax, num_components=10
    threads: 4
    resources: mem_mb=32000, mem_mib=30518, disk_mb=1000, disk_mib=954, tmpdir=<TBD>, partition=vision, gpu=1, runtime=60

Submitted job 118 with external jobid '2405312'.
[Thu Dec 14 14:28:20 2023]
Finished job 78.
13 of 98 steps (13%) done
Select jobs to execute...

[Thu Dec 14 14:28:20 2023]
rule test_prior:
    input: train_prior_outputs/protT5_64_sigmoid_100.out
    output: results/test_prior_rows/protT5_64_sigmoid_100
    jobid: 162
    reason: Missing output files: results/test_prior_rows/protT5_64_sigmoid_100
    wildcards: lm=protT5, dimension=64, activation=sigmoid, num_components=100
    threads: 4
    resources: mem_mb=32000, mem_mib=30518, disk_mb=1000, disk_mib=954, tmpdir=<TBD>, partition=vision, gpu=1, runtime=60

Submitted job 162 with external jobid '2405313'.
[Thu Dec 14 14:28:21 2023]
Finished job 110.
14 of 98 steps (14%) done
Select jobs to execute...

[Thu Dec 14 14:28:21 2023]
rule test_prior:
    input: train_prior_outputs/esm2_64_softmax_100.out
    output: results/test_prior_rows/esm2_64_softmax_100
    jobid: 90
    reason: Missing output files: results/test_prior_rows/esm2_64_softmax_100
    wildcards: lm=esm2, dimension=64, activation=softmax, num_components=100
    threads: 4
    resources: mem_mb=32000, mem_mib=30518, disk_mb=1000, disk_mib=954, tmpdir=<TBD>, partition=vision, gpu=1, runtime=60

Submitted job 90 with external jobid '2405314'.
[Thu Dec 14 14:28:22 2023]
Finished job 80.
15 of 98 steps (15%) done
Select jobs to execute...

[Thu Dec 14 14:28:22 2023]
rule test_prior:
    input: train_prior_outputs/esm2_32_softmax_10.out
    output: results/test_prior_rows/esm2_32_softmax_10
    jobid: 70
    reason: Missing output files: results/test_prior_rows/esm2_32_softmax_10
    wildcards: lm=esm2, dimension=32, activation=softmax, num_components=10
    threads: 4
    resources: mem_mb=32000, mem_mib=30518, disk_mb=1000, disk_mib=954, tmpdir=<TBD>, partition=vision, gpu=1, runtime=60

Submitted job 70 with external jobid '2405315'.
[Thu Dec 14 14:28:23 2023]
Finished job 112.
16 of 98 steps (16%) done
Select jobs to execute...

[Thu Dec 14 14:28:23 2023]
rule test_prior:
    input: train_prior_outputs/protT5_128_sigmoid_10.out
    output: results/test_prior_rows/protT5_128_sigmoid_10
    jobid: 174
    reason: Missing output files: results/test_prior_rows/protT5_128_sigmoid_10
    wildcards: lm=protT5, dimension=128, activation=sigmoid, num_components=10
    threads: 4
    resources: mem_mb=32000, mem_mib=30518, disk_mb=1000, disk_mib=954, tmpdir=<TBD>, partition=vision, gpu=1, runtime=60

Submitted job 174 with external jobid '2405316'.
[Thu Dec 14 14:29:09 2023]
Finished job 106.
17 of 98 steps (17%) done
Select jobs to execute...

[Thu Dec 14 14:29:09 2023]
rule test_prior:
    input: train_prior_outputs/protT5_128_softmax_100.out
    output: results/test_prior_rows/protT5_128_softmax_100
    jobid: 170
    reason: Missing output files: results/test_prior_rows/protT5_128_softmax_100
    wildcards: lm=protT5, dimension=128, activation=softmax, num_components=100
    threads: 4
    resources: mem_mb=32000, mem_mib=30518, disk_mb=1000, disk_mib=954, tmpdir=<TBD>, partition=vision, gpu=1, runtime=60

Submitted job 170 with external jobid '2405317'.
[Thu Dec 14 14:29:25 2023]
Error in rule test_prior:
    jobid: 120
    input: train_prior_outputs/protT5_16_softmax_32.out
    output: results/test_prior_rows/protT5_16_softmax_32
    cluster_jobid: 2405307

Error executing rule test_prior on cluster (jobid: 120, external: 2405307, jobscript: /home/beckerf/tmp_work/learnMSA/learnMSA/protein_language_models/train_scoring_models/.snakemake/tmp.v3mk4nrp/snakejob.test_prior.120.sh). For error details see the cluster log and the log files of the involved rule(s).
Trying to restart job 120.
Select jobs to execute...

[Thu Dec 14 14:29:25 2023]
rule test_prior:
    input: train_prior_outputs/protT5_16_softmax_32.out
    output: results/test_prior_rows/protT5_16_softmax_32
    jobid: 120
    reason: Missing output files: results/test_prior_rows/protT5_16_softmax_32
    wildcards: lm=protT5, dimension=16, activation=softmax, num_components=32
    threads: 4
    resources: mem_mb=32000, mem_mib=30518, disk_mb=1000, disk_mib=954, tmpdir=<TBD>, partition=vision, gpu=1, runtime=60

Submitted job 120 with external jobid '2405318'.
[Thu Dec 14 14:29:26 2023]
Finished job 146.
18 of 98 steps (18%) done
Select jobs to execute...

[Thu Dec 14 14:29:26 2023]
rule test_prior:
    input: train_prior_outputs/esm2_128_softmax_32.out
    output: results/test_prior_rows/esm2_128_softmax_32
    jobid: 104
    reason: Missing output files: results/test_prior_rows/esm2_128_softmax_32
    wildcards: lm=esm2, dimension=128, activation=softmax, num_components=32
    threads: 4
    resources: mem_mb=32000, mem_mib=30518, disk_mb=1000, disk_mib=954, tmpdir=<TBD>, partition=vision, gpu=1, runtime=60

Submitted job 104 with external jobid '2405319'.
[Thu Dec 14 14:29:27 2023]
Finished job 126.
19 of 98 steps (19%) done
Select jobs to execute...

[Thu Dec 14 14:29:27 2023]
rule test_prior:
    input: train_prior_outputs/protT5_64_sigmoid_32.out
    output: results/test_prior_rows/protT5_64_sigmoid_32
    jobid: 160
    reason: Missing output files: results/test_prior_rows/protT5_64_sigmoid_32
    wildcards: lm=protT5, dimension=64, activation=sigmoid, num_components=32
    threads: 4
    resources: mem_mb=32000, mem_mib=30518, disk_mb=1000, disk_mib=954, tmpdir=<TBD>, partition=vision, gpu=1, runtime=60

Submitted job 160 with external jobid '2405320'.
[Thu Dec 14 14:29:28 2023]
Finished job 72.
20 of 98 steps (20%) done
Select jobs to execute...

[Thu Dec 14 14:29:28 2023]
rule test_prior:
    input: train_prior_outputs/esm2_64_softmax_32.out
    output: results/test_prior_rows/esm2_64_softmax_32
    jobid: 88
    reason: Missing output files: results/test_prior_rows/esm2_64_softmax_32
    wildcards: lm=esm2, dimension=64, activation=softmax, num_components=32
    threads: 4
    resources: mem_mb=32000, mem_mib=30518, disk_mb=1000, disk_mib=954, tmpdir=<TBD>, partition=vision, gpu=1, runtime=60

Submitted job 88 with external jobid '2405321'.
[Thu Dec 14 14:29:29 2023]
Finished job 144.
21 of 98 steps (21%) done
Select jobs to execute...

[Thu Dec 14 14:29:29 2023]
rule test_prior:
    input: train_prior_outputs/esm2_128_softmax_10.out
    output: results/test_prior_rows/esm2_128_softmax_10
    jobid: 102
    reason: Missing output files: results/test_prior_rows/esm2_128_softmax_10
    wildcards: lm=esm2, dimension=128, activation=softmax, num_components=10
    threads: 4
    resources: mem_mb=32000, mem_mib=30518, disk_mb=1000, disk_mib=954, tmpdir=<TBD>, partition=vision, gpu=1, runtime=60

Submitted job 102 with external jobid '2405322'.
[Thu Dec 14 14:29:30 2023]
Finished job 118.
22 of 98 steps (22%) done
Select jobs to execute...

[Thu Dec 14 14:29:30 2023]
rule test_prior:
    input: train_prior_outputs/protT5_32_sigmoid_10.out
    output: results/test_prior_rows/protT5_32_sigmoid_10
    jobid: 142
    reason: Missing output files: results/test_prior_rows/protT5_32_sigmoid_10
    wildcards: lm=protT5, dimension=32, activation=sigmoid, num_components=10
    threads: 4
    resources: mem_mb=32000, mem_mib=30518, disk_mb=1000, disk_mib=954, tmpdir=<TBD>, partition=vision, gpu=1, runtime=60

Submitted job 142 with external jobid '2405323'.
[Thu Dec 14 14:29:31 2023]
Finished job 162.
23 of 98 steps (23%) done
Select jobs to execute...

[Thu Dec 14 14:29:31 2023]
rule test_prior:
    input: train_prior_outputs/protT5_32_softmax_100.out
    output: results/test_prior_rows/protT5_32_softmax_100
    jobid: 138
    reason: Missing output files: results/test_prior_rows/protT5_32_softmax_100
    wildcards: lm=protT5, dimension=32, activation=softmax, num_components=100
    threads: 4
    resources: mem_mb=32000, mem_mib=30518, disk_mb=1000, disk_mib=954, tmpdir=<TBD>, partition=vision, gpu=1, runtime=60

Submitted job 138 with external jobid '2405324'.
[Thu Dec 14 14:29:32 2023]
Finished job 90.
24 of 98 steps (24%) done
Select jobs to execute...

[Thu Dec 14 14:29:32 2023]
rule test_prior:
    input: train_prior_outputs/esm2_64_softmax_10.out
    output: results/test_prior_rows/esm2_64_softmax_10
    jobid: 86
    reason: Missing output files: results/test_prior_rows/esm2_64_softmax_10
    wildcards: lm=esm2, dimension=64, activation=softmax, num_components=10
    threads: 4
    resources: mem_mb=32000, mem_mib=30518, disk_mb=1000, disk_mib=954, tmpdir=<TBD>, partition=vision, gpu=1, runtime=60

Submitted job 86 with external jobid '2405325'.
[Thu Dec 14 14:29:33 2023]
Finished job 70.
25 of 98 steps (26%) done
Select jobs to execute...

[Thu Dec 14 14:29:33 2023]
rule test_prior:
    input: train_prior_outputs/protT5_32_softmax_32.out
    output: results/test_prior_rows/protT5_32_softmax_32
    jobid: 136
    reason: Missing output files: results/test_prior_rows/protT5_32_softmax_32
    wildcards: lm=protT5, dimension=32, activation=softmax, num_components=32
    threads: 4
    resources: mem_mb=32000, mem_mib=30518, disk_mb=1000, disk_mib=954, tmpdir=<TBD>, partition=vision, gpu=1, runtime=60

Submitted job 136 with external jobid '2405326'.
[Thu Dec 14 14:29:34 2023]
Finished job 174.
26 of 98 steps (27%) done
Select jobs to execute...

[Thu Dec 14 14:29:34 2023]
rule test_prior:
    input: train_prior_outputs/protT5_64_softmax_100.out
    output: results/test_prior_rows/protT5_64_softmax_100
    jobid: 154
    reason: Missing output files: results/test_prior_rows/protT5_64_softmax_100
    wildcards: lm=protT5, dimension=64, activation=softmax, num_components=100
    threads: 4
    resources: mem_mb=32000, mem_mib=30518, disk_mb=1000, disk_mib=954, tmpdir=<TBD>, partition=vision, gpu=1, runtime=60

Submitted job 154 with external jobid '2405327'.
[Thu Dec 14 14:29:35 2023]
Finished job 130.
27 of 98 steps (28%) done
Select jobs to execute...

[Thu Dec 14 14:29:35 2023]
rule test_prior:
    input: train_prior_outputs/protT5_64_sigmoid_10.out
    output: results/test_prior_rows/protT5_64_sigmoid_10
    jobid: 158
    reason: Missing output files: results/test_prior_rows/protT5_64_sigmoid_10
    wildcards: lm=protT5, dimension=64, activation=sigmoid, num_components=10
    threads: 4
    resources: mem_mb=32000, mem_mib=30518, disk_mb=1000, disk_mib=954, tmpdir=<TBD>, partition=vision, gpu=1, runtime=60

Submitted job 158 with external jobid '2405328'.
[Thu Dec 14 14:29:36 2023]
Finished job 178.
28 of 98 steps (29%) done
Select jobs to execute...

[Thu Dec 14 14:29:36 2023]
rule test_prior:
    input: train_prior_outputs/protT5_128_softmax_32.out
    output: results/test_prior_rows/protT5_128_softmax_32
    jobid: 168
    reason: Missing output files: results/test_prior_rows/protT5_128_softmax_32
    wildcards: lm=protT5, dimension=128, activation=softmax, num_components=32
    threads: 4
    resources: mem_mb=32000, mem_mib=30518, disk_mb=1000, disk_mib=954, tmpdir=<TBD>, partition=vision, gpu=1, runtime=60

Submitted job 168 with external jobid '2405329'.
[Thu Dec 14 14:29:37 2023]
Finished job 128.
29 of 98 steps (30%) done
Select jobs to execute...

[Thu Dec 14 14:29:37 2023]
rule test_prior:
    input: train_prior_outputs/protT5_32_softmax_10.out
    output: results/test_prior_rows/protT5_32_softmax_10
    jobid: 134
    reason: Missing output files: results/test_prior_rows/protT5_32_softmax_10
    wildcards: lm=protT5, dimension=32, activation=softmax, num_components=10
    threads: 4
    resources: mem_mb=32000, mem_mib=30518, disk_mb=1000, disk_mib=954, tmpdir=<TBD>, partition=vision, gpu=1, runtime=60

Submitted job 134 with external jobid '2405330'.
[Thu Dec 14 14:29:38 2023]
Finished job 122.
30 of 98 steps (31%) done
Select jobs to execute...

[Thu Dec 14 14:29:38 2023]
rule test_prior:
    input: train_prior_outputs/protT5_64_softmax_32.out
    output: results/test_prior_rows/protT5_64_softmax_32
    jobid: 152
    reason: Missing output files: results/test_prior_rows/protT5_64_softmax_32
    wildcards: lm=protT5, dimension=64, activation=softmax, num_components=32
    threads: 4
    resources: mem_mb=32000, mem_mib=30518, disk_mb=1000, disk_mib=954, tmpdir=<TBD>, partition=vision, gpu=1, runtime=60

Submitted job 152 with external jobid '2405331'.
[Thu Dec 14 14:29:39 2023]
Finished job 176.
31 of 98 steps (32%) done
Select jobs to execute...

[Thu Dec 14 14:29:39 2023]
rule test_prior:
    input: train_prior_outputs/protT5_64_softmax_10.out
    output: results/test_prior_rows/protT5_64_softmax_10
    jobid: 150
    reason: Missing output files: results/test_prior_rows/protT5_64_softmax_10
    wildcards: lm=protT5, dimension=64, activation=softmax, num_components=10
    threads: 4
    resources: mem_mb=32000, mem_mib=30518, disk_mb=1000, disk_mib=954, tmpdir=<TBD>, partition=vision, gpu=1, runtime=60

Submitted job 150 with external jobid '2405332'.
[Thu Dec 14 14:30:28 2023]
Finished job 170.
32 of 98 steps (33%) done
Select jobs to execute...

[Thu Dec 14 14:30:28 2023]
rule test_prior:
    input: train_prior_outputs/protT5_128_softmax_10.out
    output: results/test_prior_rows/protT5_128_softmax_10
    jobid: 166
    reason: Missing output files: results/test_prior_rows/protT5_128_softmax_10
    wildcards: lm=protT5, dimension=128, activation=softmax, num_components=10
    threads: 4
    resources: mem_mb=32000, mem_mib=30518, disk_mb=1000, disk_mib=954, tmpdir=<TBD>, partition=vision, gpu=1, runtime=60

Submitted job 166 with external jobid '2405333'.
[Thu Dec 14 14:30:41 2023]
Finished job 120.
33 of 98 steps (34%) done
Select jobs to execute...

[Thu Dec 14 14:30:41 2023]
rule test_prior:
    input: train_prior_outputs/esm2_128_softmax_1.out
    output: results/test_prior_rows/esm2_128_softmax_1
    jobid: 100
    reason: Missing output files: results/test_prior_rows/esm2_128_softmax_1
    wildcards: lm=esm2, dimension=128, activation=softmax, num_components=1
    threads: 4
    resources: mem_mb=32000, mem_mib=30518, disk_mb=1000, disk_mib=954, tmpdir=<TBD>, partition=vision, gpu=1, runtime=60

Submitted job 100 with external jobid '2405334'.
[Thu Dec 14 14:30:42 2023]
Finished job 104.
34 of 98 steps (35%) done
Select jobs to execute...

[Thu Dec 14 14:30:42 2023]
rule test_prior:
    input: train_prior_outputs/esm2_32_sigmoid_1.out
    output: results/test_prior_rows/esm2_32_sigmoid_1
    jobid: 76
    reason: Missing output files: results/test_prior_rows/esm2_32_sigmoid_1
    wildcards: lm=esm2, dimension=32, activation=sigmoid, num_components=1
    threads: 4
    resources: mem_mb=32000, mem_mib=30518, disk_mb=1000, disk_mib=954, tmpdir=<TBD>, partition=vision, gpu=1, runtime=60

Submitted job 76 with external jobid '2405335'.
[Thu Dec 14 14:30:43 2023]
Finished job 160.
35 of 98 steps (36%) done
Select jobs to execute...

[Thu Dec 14 14:30:43 2023]
rule test_prior:
    input: train_prior_outputs/esm2_16_softmax_1.out
    output: results/test_prior_rows/esm2_16_softmax_1
    jobid: 52
    reason: Missing output files: results/test_prior_rows/esm2_16_softmax_1
    wildcards: lm=esm2, dimension=16, activation=softmax, num_components=1
    threads: 4
    resources: mem_mb=32000, mem_mib=30518, disk_mb=1000, disk_mib=954, tmpdir=<TBD>, partition=vision, gpu=1, runtime=60

Submitted job 52 with external jobid '2405336'.
[Thu Dec 14 14:30:44 2023]
Finished job 88.
36 of 98 steps (37%) done
Select jobs to execute...

[Thu Dec 14 14:30:44 2023]
rule test_prior:
    input: train_prior_outputs/esm2_32_softmax_1.out
    output: results/test_prior_rows/esm2_32_softmax_1
    jobid: 68
    reason: Missing output files: results/test_prior_rows/esm2_32_softmax_1
    wildcards: lm=esm2, dimension=32, activation=softmax, num_components=1
    threads: 4
    resources: mem_mb=32000, mem_mib=30518, disk_mb=1000, disk_mib=954, tmpdir=<TBD>, partition=vision, gpu=1, runtime=60

Submitted job 68 with external jobid '2405337'.
[Thu Dec 14 14:30:45 2023]
Finished job 102.
37 of 98 steps (38%) done
Select jobs to execute...

[Thu Dec 14 14:30:45 2023]
rule test_prior:
    input: train_prior_outputs/esm2_64_softmax_1.out
    output: results/test_prior_rows/esm2_64_softmax_1
    jobid: 84
    reason: Missing output files: results/test_prior_rows/esm2_64_softmax_1
    wildcards: lm=esm2, dimension=64, activation=softmax, num_components=1
    threads: 4
    resources: mem_mb=32000, mem_mib=30518, disk_mb=1000, disk_mib=954, tmpdir=<TBD>, partition=vision, gpu=1, runtime=60

Submitted job 84 with external jobid '2405338'.
[Thu Dec 14 14:30:46 2023]
Finished job 142.
38 of 98 steps (39%) done
Select jobs to execute...

[Thu Dec 14 14:30:46 2023]
rule test_prior:
    input: train_prior_outputs/protT5_128_softmax_1.out
    output: results/test_prior_rows/protT5_128_softmax_1
    jobid: 164
    reason: Missing output files: results/test_prior_rows/protT5_128_softmax_1
    wildcards: lm=protT5, dimension=128, activation=softmax, num_components=1
    threads: 4
    resources: mem_mb=32000, mem_mib=30518, disk_mb=1000, disk_mib=954, tmpdir=<TBD>, partition=vision, gpu=1, runtime=60

Submitted job 164 with external jobid '2405339'.
[Thu Dec 14 14:30:47 2023]
Finished job 138.
39 of 98 steps (40%) done
Select jobs to execute...

[Thu Dec 14 14:30:47 2023]
rule test_prior:
    input: train_prior_outputs/protT5_128_sigmoid_1.out
    output: results/test_prior_rows/protT5_128_sigmoid_1
    jobid: 172
    reason: Missing output files: results/test_prior_rows/protT5_128_sigmoid_1
    wildcards: lm=protT5, dimension=128, activation=sigmoid, num_components=1
    threads: 4
    resources: mem_mb=32000, mem_mib=30518, disk_mb=1000, disk_mib=954, tmpdir=<TBD>, partition=vision, gpu=1, runtime=60

Submitted job 172 with external jobid '2405340'.
[Thu Dec 14 14:30:48 2023]
Finished job 86.
40 of 98 steps (41%) done
Select jobs to execute...

[Thu Dec 14 14:30:48 2023]
rule test_prior:
    input: train_prior_outputs/protT5_64_sigmoid_1.out
    output: results/test_prior_rows/protT5_64_sigmoid_1
    jobid: 156
    reason: Missing output files: results/test_prior_rows/protT5_64_sigmoid_1
    wildcards: lm=protT5, dimension=64, activation=sigmoid, num_components=1
    threads: 4
    resources: mem_mb=32000, mem_mib=30518, disk_mb=1000, disk_mib=954, tmpdir=<TBD>, partition=vision, gpu=1, runtime=60

Submitted job 156 with external jobid '2405341'.
[Thu Dec 14 14:30:49 2023]
Finished job 136.
41 of 98 steps (42%) done
Select jobs to execute...

[Thu Dec 14 14:30:49 2023]
rule test_prior:
    input: train_prior_outputs/protT5_32_softmax_1.out
    output: results/test_prior_rows/protT5_32_softmax_1
    jobid: 132
    reason: Missing output files: results/test_prior_rows/protT5_32_softmax_1
    wildcards: lm=protT5, dimension=32, activation=softmax, num_components=1
    threads: 4
    resources: mem_mb=32000, mem_mib=30518, disk_mb=1000, disk_mib=954, tmpdir=<TBD>, partition=vision, gpu=1, runtime=60

Submitted job 132 with external jobid '2405342'.
[Thu Dec 14 14:30:50 2023]
Finished job 154.
42 of 98 steps (43%) done
Select jobs to execute...

[Thu Dec 14 14:30:50 2023]
rule test_prior:
    input: train_prior_outputs/protT5_16_sigmoid_1.out
    output: results/test_prior_rows/protT5_16_sigmoid_1
    jobid: 124
    reason: Missing output files: results/test_prior_rows/protT5_16_sigmoid_1
    wildcards: lm=protT5, dimension=16, activation=sigmoid, num_components=1
    threads: 4
    resources: mem_mb=32000, mem_mib=30518, disk_mb=1000, disk_mib=954, tmpdir=<TBD>, partition=vision, gpu=1, runtime=60

Submitted job 124 with external jobid '2405343'.
[Thu Dec 14 14:30:51 2023]
Finished job 158.
43 of 98 steps (44%) done
Select jobs to execute...

[Thu Dec 14 14:30:51 2023]
rule test_prior:
    input: train_prior_outputs/protT5_32_sigmoid_1.out
    output: results/test_prior_rows/protT5_32_sigmoid_1
    jobid: 140
    reason: Missing output files: results/test_prior_rows/protT5_32_sigmoid_1
    wildcards: lm=protT5, dimension=32, activation=sigmoid, num_components=1
    threads: 4
    resources: mem_mb=32000, mem_mib=30518, disk_mb=1000, disk_mib=954, tmpdir=<TBD>, partition=vision, gpu=1, runtime=60

Submitted job 140 with external jobid '2405344'.
[Thu Dec 14 14:30:52 2023]
Finished job 168.
44 of 98 steps (45%) done
Select jobs to execute...

[Thu Dec 14 14:30:52 2023]
rule test_prior:
    input: train_prior_outputs/protT5_64_softmax_1.out
    output: results/test_prior_rows/protT5_64_softmax_1
    jobid: 148
    reason: Missing output files: results/test_prior_rows/protT5_64_softmax_1
    wildcards: lm=protT5, dimension=64, activation=softmax, num_components=1
    threads: 4
    resources: mem_mb=32000, mem_mib=30518, disk_mb=1000, disk_mib=954, tmpdir=<TBD>, partition=vision, gpu=1, runtime=60

Submitted job 148 with external jobid '2405345'.
[Thu Dec 14 14:30:53 2023]
Finished job 134.
45 of 98 steps (46%) done
Select jobs to execute...

[Thu Dec 14 14:30:53 2023]
rule test_prior:
    input: train_prior_outputs/protT5_16_softmax_1.out
    output: results/test_prior_rows/protT5_16_softmax_1
    jobid: 116
    reason: Missing output files: results/test_prior_rows/protT5_16_softmax_1
    wildcards: lm=protT5, dimension=16, activation=softmax, num_components=1
    threads: 4
    resources: mem_mb=32000, mem_mib=30518, disk_mb=1000, disk_mib=954, tmpdir=<TBD>, partition=vision, gpu=1, runtime=60

Submitted job 116 with external jobid '2405346'.
[Thu Dec 14 14:30:54 2023]
Finished job 152.
46 of 98 steps (47%) done
Select jobs to execute...

[Thu Dec 14 14:30:54 2023]
rule test_prior:
    input: train_prior_outputs/esm2_128_sigmoid_1.out
    output: results/test_prior_rows/esm2_128_sigmoid_1
    jobid: 108
    reason: Missing output files: results/test_prior_rows/esm2_128_sigmoid_1
    wildcards: lm=esm2, dimension=128, activation=sigmoid, num_components=1
    threads: 4
    resources: mem_mb=32000, mem_mib=30518, disk_mb=1000, disk_mib=954, tmpdir=<TBD>, partition=vision, gpu=1, runtime=60

Submitted job 108 with external jobid '2405347'.
[Thu Dec 14 14:30:55 2023]
Finished job 150.
47 of 98 steps (48%) done
Select jobs to execute...

[Thu Dec 14 14:30:55 2023]
rule test_prior:
    input: train_prior_outputs/esm2_64_sigmoid_1.out
    output: results/test_prior_rows/esm2_64_sigmoid_1
    jobid: 92
    reason: Missing output files: results/test_prior_rows/esm2_64_sigmoid_1
    wildcards: lm=esm2, dimension=64, activation=sigmoid, num_components=1
    threads: 4
    resources: mem_mb=32000, mem_mib=30518, disk_mb=1000, disk_mib=954, tmpdir=<TBD>, partition=vision, gpu=1, runtime=60

Submitted job 92 with external jobid '2405348'.
[Thu Dec 14 14:31:44 2023]
Finished job 166.
48 of 98 steps (49%) done
Select jobs to execute...

[Thu Dec 14 14:31:44 2023]
rule test_prior:
    input: train_prior_outputs/esm2_16_sigmoid_1.out
    output: results/test_prior_rows/esm2_16_sigmoid_1
    jobid: 60
    reason: Missing output files: results/test_prior_rows/esm2_16_sigmoid_1
    wildcards: lm=esm2, dimension=16, activation=sigmoid, num_components=1
    threads: 4
    resources: mem_mb=32000, mem_mib=30518, disk_mb=1000, disk_mib=954, tmpdir=<TBD>, partition=vision, gpu=1, runtime=60

Submitted job 60 with external jobid '2405350'.
[Thu Dec 14 14:31:56 2023]
Finished job 100.
49 of 98 steps (50%) done
Select jobs to execute...

[Thu Dec 14 14:31:56 2023]
rule test_prior:
    input: train_prior_outputs/proteinBERT_128_sigmoid_100.out
    output: results/test_prior_rows/proteinBERT_128_sigmoid_100
    jobid: 242
    reason: Missing output files: results/test_prior_rows/proteinBERT_128_sigmoid_100
    wildcards: lm=proteinBERT, dimension=128, activation=sigmoid, num_components=100
    threads: 4
    resources: mem_mb=32000, mem_mib=30518, disk_mb=1000, disk_mib=954, tmpdir=<TBD>, partition=vision, gpu=1, runtime=60

Submitted job 242 with external jobid '2405351'.
[Thu Dec 14 14:31:57 2023]
Finished job 76.
50 of 98 steps (51%) done
Select jobs to execute...

[Thu Dec 14 14:31:57 2023]
rule test_prior:
    input: train_prior_outputs/proteinBERT_128_softmax_100.out
    output: results/test_prior_rows/proteinBERT_128_softmax_100
    jobid: 234
    reason: Missing output files: results/test_prior_rows/proteinBERT_128_softmax_100
    wildcards: lm=proteinBERT, dimension=128, activation=softmax, num_components=100
    threads: 4
    resources: mem_mb=32000, mem_mib=30518, disk_mb=1000, disk_mib=954, tmpdir=<TBD>, partition=vision, gpu=1, runtime=60

Submitted job 234 with external jobid '2405352'.
[Thu Dec 14 14:31:58 2023]
Finished job 52.
51 of 98 steps (52%) done
Select jobs to execute...

[Thu Dec 14 14:31:58 2023]
rule test_prior:
    input: train_prior_outputs/proteinBERT_128_sigmoid_32.out
    output: results/test_prior_rows/proteinBERT_128_sigmoid_32
    jobid: 240
    reason: Missing output files: results/test_prior_rows/proteinBERT_128_sigmoid_32
    wildcards: lm=proteinBERT, dimension=128, activation=sigmoid, num_components=32
    threads: 4
    resources: mem_mb=32000, mem_mib=30518, disk_mb=1000, disk_mib=954, tmpdir=<TBD>, partition=vision, gpu=1, runtime=60

Submitted job 240 with external jobid '2405353'.
[Thu Dec 14 14:31:59 2023]
Finished job 68.
52 of 98 steps (53%) done
Select jobs to execute...

[Thu Dec 14 14:31:59 2023]
rule test_prior:
    input: train_prior_outputs/proteinBERT_64_sigmoid_100.out
    output: results/test_prior_rows/proteinBERT_64_sigmoid_100
    jobid: 226
    reason: Missing output files: results/test_prior_rows/proteinBERT_64_sigmoid_100
    wildcards: lm=proteinBERT, dimension=64, activation=sigmoid, num_components=100
    threads: 4
    resources: mem_mb=32000, mem_mib=30518, disk_mb=1000, disk_mib=954, tmpdir=<TBD>, partition=vision, gpu=1, runtime=60

Submitted job 226 with external jobid '2405354'.
[Thu Dec 14 14:32:00 2023]
Finished job 84.
53 of 98 steps (54%) done
Select jobs to execute...

[Thu Dec 14 14:32:00 2023]
rule test_prior:
    input: train_prior_outputs/proteinBERT_32_sigmoid_100.out
    output: results/test_prior_rows/proteinBERT_32_sigmoid_100
    jobid: 210
    reason: Missing output files: results/test_prior_rows/proteinBERT_32_sigmoid_100
    wildcards: lm=proteinBERT, dimension=32, activation=sigmoid, num_components=100
    threads: 4
    resources: mem_mb=32000, mem_mib=30518, disk_mb=1000, disk_mib=954, tmpdir=<TBD>, partition=vision, gpu=1, runtime=60

Submitted job 210 with external jobid '2405355'.
[Thu Dec 14 14:32:01 2023]
Finished job 164.
54 of 98 steps (55%) done
Select jobs to execute...

[Thu Dec 14 14:32:01 2023]
rule test_prior:
    input: train_prior_outputs/proteinBERT_16_sigmoid_100.out
    output: results/test_prior_rows/proteinBERT_16_sigmoid_100
    jobid: 194
    reason: Missing output files: results/test_prior_rows/proteinBERT_16_sigmoid_100
    wildcards: lm=proteinBERT, dimension=16, activation=sigmoid, num_components=100
    threads: 4
    resources: mem_mb=32000, mem_mib=30518, disk_mb=1000, disk_mib=954, tmpdir=<TBD>, partition=vision, gpu=1, runtime=60

Submitted job 194 with external jobid '2405356'.
[Thu Dec 14 14:32:02 2023]
Finished job 172.
55 of 98 steps (56%) done
Select jobs to execute...

[Thu Dec 14 14:32:02 2023]
rule test_prior:
    input: train_prior_outputs/proteinBERT_64_sigmoid_32.out
    output: results/test_prior_rows/proteinBERT_64_sigmoid_32
    jobid: 224
    reason: Missing output files: results/test_prior_rows/proteinBERT_64_sigmoid_32
    wildcards: lm=proteinBERT, dimension=64, activation=sigmoid, num_components=32
    threads: 4
    resources: mem_mb=32000, mem_mib=30518, disk_mb=1000, disk_mib=954, tmpdir=<TBD>, partition=vision, gpu=1, runtime=60

Submitted job 224 with external jobid '2405357'.
[Thu Dec 14 14:32:03 2023]
Finished job 156.
56 of 98 steps (57%) done
Select jobs to execute...

[Thu Dec 14 14:32:03 2023]
rule test_prior:
    input: train_prior_outputs/proteinBERT_16_softmax_100.out
    output: results/test_prior_rows/proteinBERT_16_softmax_100
    jobid: 186
    reason: Missing output files: results/test_prior_rows/proteinBERT_16_softmax_100
    wildcards: lm=proteinBERT, dimension=16, activation=softmax, num_components=100
    threads: 4
    resources: mem_mb=32000, mem_mib=30518, disk_mb=1000, disk_mib=954, tmpdir=<TBD>, partition=vision, gpu=1, runtime=60

Submitted job 186 with external jobid '2405358'.
[Thu Dec 14 14:32:04 2023]
Finished job 132.
57 of 98 steps (58%) done
Select jobs to execute...

[Thu Dec 14 14:32:04 2023]
rule test_prior:
    input: train_prior_outputs/proteinBERT_64_softmax_100.out
    output: results/test_prior_rows/proteinBERT_64_softmax_100
    jobid: 218
    reason: Missing output files: results/test_prior_rows/proteinBERT_64_softmax_100
    wildcards: lm=proteinBERT, dimension=64, activation=softmax, num_components=100
    threads: 4
    resources: mem_mb=32000, mem_mib=30518, disk_mb=1000, disk_mib=954, tmpdir=<TBD>, partition=vision, gpu=1, runtime=60

Submitted job 218 with external jobid '2405359'.
[Thu Dec 14 14:32:05 2023]
Finished job 124.
58 of 98 steps (59%) done
Select jobs to execute...

[Thu Dec 14 14:32:05 2023]
rule test_prior:
    input: train_prior_outputs/proteinBERT_128_softmax_32.out
    output: results/test_prior_rows/proteinBERT_128_softmax_32
    jobid: 232
    reason: Missing output files: results/test_prior_rows/proteinBERT_128_softmax_32
    wildcards: lm=proteinBERT, dimension=128, activation=softmax, num_components=32
    threads: 4
    resources: mem_mb=32000, mem_mib=30518, disk_mb=1000, disk_mib=954, tmpdir=<TBD>, partition=vision, gpu=1, runtime=60

Submitted job 232 with external jobid '2405360'.
[Thu Dec 14 14:32:06 2023]
Finished job 140.
59 of 98 steps (60%) done
Select jobs to execute...

[Thu Dec 14 14:32:06 2023]
rule test_prior:
    input: train_prior_outputs/proteinBERT_32_softmax_100.out
    output: results/test_prior_rows/proteinBERT_32_softmax_100
    jobid: 202
    reason: Missing output files: results/test_prior_rows/proteinBERT_32_softmax_100
    wildcards: lm=proteinBERT, dimension=32, activation=softmax, num_components=100
    threads: 4
    resources: mem_mb=32000, mem_mib=30518, disk_mb=1000, disk_mib=954, tmpdir=<TBD>, partition=vision, gpu=1, runtime=60

Submitted job 202 with external jobid '2405361'.
[Thu Dec 14 14:32:07 2023]
Finished job 148.
60 of 98 steps (61%) done
Select jobs to execute...

[Thu Dec 14 14:32:07 2023]
rule test_prior:
    input: train_prior_outputs/proteinBERT_128_sigmoid_10.out
    output: results/test_prior_rows/proteinBERT_128_sigmoid_10
    jobid: 238
    reason: Missing output files: results/test_prior_rows/proteinBERT_128_sigmoid_10
    wildcards: lm=proteinBERT, dimension=128, activation=sigmoid, num_components=10
    threads: 4
    resources: mem_mb=32000, mem_mib=30518, disk_mb=1000, disk_mib=954, tmpdir=<TBD>, partition=vision, gpu=1, runtime=60

Submitted job 238 with external jobid '2405362'.
[Thu Dec 14 14:32:08 2023]
Finished job 116.
61 of 98 steps (62%) done
Select jobs to execute...

[Thu Dec 14 14:32:08 2023]
rule test_prior:
    input: train_prior_outputs/proteinBERT_64_softmax_32.out
    output: results/test_prior_rows/proteinBERT_64_softmax_32
    jobid: 216
    reason: Missing output files: results/test_prior_rows/proteinBERT_64_softmax_32
    wildcards: lm=proteinBERT, dimension=64, activation=softmax, num_components=32
    threads: 4
    resources: mem_mb=32000, mem_mib=30518, disk_mb=1000, disk_mib=954, tmpdir=<TBD>, partition=vision, gpu=1, runtime=60

Submitted job 216 with external jobid '2405363'.
[Thu Dec 14 14:32:09 2023]
Finished job 108.
62 of 98 steps (63%) done
Select jobs to execute...

[Thu Dec 14 14:32:09 2023]
rule test_prior:
    input: train_prior_outputs/proteinBERT_128_softmax_10.out
    output: results/test_prior_rows/proteinBERT_128_softmax_10
    jobid: 230
    reason: Missing output files: results/test_prior_rows/proteinBERT_128_softmax_10
    wildcards: lm=proteinBERT, dimension=128, activation=softmax, num_components=10
    threads: 4
    resources: mem_mb=32000, mem_mib=30518, disk_mb=1000, disk_mib=954, tmpdir=<TBD>, partition=vision, gpu=1, runtime=60

Submitted job 230 with external jobid '2405364'.
[Thu Dec 14 14:32:10 2023]
Finished job 92.
63 of 98 steps (64%) done
Select jobs to execute...

[Thu Dec 14 14:32:10 2023]
rule test_prior:
    input: train_prior_outputs/proteinBERT_32_softmax_32.out
    output: results/test_prior_rows/proteinBERT_32_softmax_32
    jobid: 200
    reason: Missing output files: results/test_prior_rows/proteinBERT_32_softmax_32
    wildcards: lm=proteinBERT, dimension=32, activation=softmax, num_components=32
    threads: 4
    resources: mem_mb=32000, mem_mib=30518, disk_mb=1000, disk_mib=954, tmpdir=<TBD>, partition=vision, gpu=1, runtime=60

Submitted job 200 with external jobid '2405365'.
[Thu Dec 14 14:32:21 2023]
Finished job 234.
64 of 98 steps (65%) done
Select jobs to execute...

[Thu Dec 14 14:32:21 2023]
rule test_prior:
    input: train_prior_outputs/proteinBERT_64_softmax_10.out
    output: results/test_prior_rows/proteinBERT_64_softmax_10
    jobid: 214
    reason: Missing output files: results/test_prior_rows/proteinBERT_64_softmax_10
    wildcards: lm=proteinBERT, dimension=64, activation=softmax, num_components=10
    threads: 4
    resources: mem_mb=32000, mem_mib=30518, disk_mb=1000, disk_mib=954, tmpdir=<TBD>, partition=vision, gpu=1, runtime=60

Submitted job 214 with external jobid '2405366'.
[Thu Dec 14 14:32:22 2023]
Finished job 240.
65 of 98 steps (66%) done
Select jobs to execute...

[Thu Dec 14 14:32:22 2023]
rule test_prior:
    input: train_prior_outputs/proteinBERT_32_sigmoid_32.out
    output: results/test_prior_rows/proteinBERT_32_sigmoid_32
    jobid: 208
    reason: Missing output files: results/test_prior_rows/proteinBERT_32_sigmoid_32
    wildcards: lm=proteinBERT, dimension=32, activation=sigmoid, num_components=32
    threads: 4
    resources: mem_mb=32000, mem_mib=30518, disk_mb=1000, disk_mib=954, tmpdir=<TBD>, partition=vision, gpu=1, runtime=60

Submitted job 208 with external jobid '2405367'.
[Thu Dec 14 14:32:23 2023]
Finished job 226.
66 of 98 steps (67%) done
Select jobs to execute...

[Thu Dec 14 14:32:23 2023]
rule test_prior:
    input: train_prior_outputs/proteinBERT_16_sigmoid_32.out
    output: results/test_prior_rows/proteinBERT_16_sigmoid_32
    jobid: 192
    reason: Missing output files: results/test_prior_rows/proteinBERT_16_sigmoid_32
    wildcards: lm=proteinBERT, dimension=16, activation=sigmoid, num_components=32
    threads: 4
    resources: mem_mb=32000, mem_mib=30518, disk_mb=1000, disk_mib=954, tmpdir=<TBD>, partition=vision, gpu=1, runtime=60

Submitted job 192 with external jobid '2405368'.
[Thu Dec 14 14:32:24 2023]
Finished job 210.
67 of 98 steps (68%) done
Select jobs to execute...

[Thu Dec 14 14:32:24 2023]
rule test_prior:
    input: train_prior_outputs/proteinBERT_16_softmax_32.out
    output: results/test_prior_rows/proteinBERT_16_softmax_32
    jobid: 184
    reason: Missing output files: results/test_prior_rows/proteinBERT_16_softmax_32
    wildcards: lm=proteinBERT, dimension=16, activation=softmax, num_components=32
    threads: 4
    resources: mem_mb=32000, mem_mib=30518, disk_mb=1000, disk_mib=954, tmpdir=<TBD>, partition=vision, gpu=1, runtime=60

Submitted job 184 with external jobid '2405369'.
[Thu Dec 14 14:32:25 2023]
Finished job 194.
68 of 98 steps (69%) done
Select jobs to execute...

[Thu Dec 14 14:32:25 2023]
rule test_prior:
    input: train_prior_outputs/proteinBERT_32_softmax_10.out
    output: results/test_prior_rows/proteinBERT_32_softmax_10
    jobid: 198
    reason: Missing output files: results/test_prior_rows/proteinBERT_32_softmax_10
    wildcards: lm=proteinBERT, dimension=32, activation=softmax, num_components=10
    threads: 4
    resources: mem_mb=32000, mem_mib=30518, disk_mb=1000, disk_mib=954, tmpdir=<TBD>, partition=vision, gpu=1, runtime=60

Submitted job 198 with external jobid '2405370'.
[Thu Dec 14 14:32:26 2023]
Finished job 224.
69 of 98 steps (70%) done
Select jobs to execute...

[Thu Dec 14 14:32:26 2023]
rule test_prior:
    input: train_prior_outputs/proteinBERT_64_sigmoid_10.out
    output: results/test_prior_rows/proteinBERT_64_sigmoid_10
    jobid: 222
    reason: Missing output files: results/test_prior_rows/proteinBERT_64_sigmoid_10
    wildcards: lm=proteinBERT, dimension=64, activation=sigmoid, num_components=10
    threads: 4
    resources: mem_mb=32000, mem_mib=30518, disk_mb=1000, disk_mib=954, tmpdir=<TBD>, partition=vision, gpu=1, runtime=60

Submitted job 222 with external jobid '2405371'.
[Thu Dec 14 14:32:27 2023]
Finished job 186.
70 of 98 steps (71%) done
Select jobs to execute...

[Thu Dec 14 14:32:27 2023]
rule test_prior:
    input: train_prior_outputs/proteinBERT_16_softmax_10.out
    output: results/test_prior_rows/proteinBERT_16_softmax_10
    jobid: 182
    reason: Missing output files: results/test_prior_rows/proteinBERT_16_softmax_10
    wildcards: lm=proteinBERT, dimension=16, activation=softmax, num_components=10
    threads: 4
    resources: mem_mb=32000, mem_mib=30518, disk_mb=1000, disk_mib=954, tmpdir=<TBD>, partition=vision, gpu=1, runtime=60

Submitted job 182 with external jobid '2405372'.
[Thu Dec 14 14:32:28 2023]
Finished job 218.
71 of 98 steps (72%) done
Select jobs to execute...

[Thu Dec 14 14:32:28 2023]
rule test_prior:
    input: train_prior_outputs/proteinBERT_16_sigmoid_10.out
    output: results/test_prior_rows/proteinBERT_16_sigmoid_10
    jobid: 190
    reason: Missing output files: results/test_prior_rows/proteinBERT_16_sigmoid_10
    wildcards: lm=proteinBERT, dimension=16, activation=sigmoid, num_components=10
    threads: 4
    resources: mem_mb=32000, mem_mib=30518, disk_mb=1000, disk_mib=954, tmpdir=<TBD>, partition=vision, gpu=1, runtime=60

Submitted job 190 with external jobid '2405373'.
[Thu Dec 14 14:32:29 2023]
Finished job 232.
72 of 98 steps (73%) done
Select jobs to execute...

[Thu Dec 14 14:32:29 2023]
rule test_prior:
    input: train_prior_outputs/proteinBERT_64_sigmoid_1.out
    output: results/test_prior_rows/proteinBERT_64_sigmoid_1
    jobid: 220
    reason: Missing output files: results/test_prior_rows/proteinBERT_64_sigmoid_1
    wildcards: lm=proteinBERT, dimension=64, activation=sigmoid, num_components=1
    threads: 4
    resources: mem_mb=32000, mem_mib=30518, disk_mb=1000, disk_mib=954, tmpdir=<TBD>, partition=vision, gpu=1, runtime=60

Submitted job 220 with external jobid '2405374'.
[Thu Dec 14 14:32:30 2023]
Finished job 202.
73 of 98 steps (74%) done
Select jobs to execute...

[Thu Dec 14 14:32:30 2023]
rule test_prior:
    input: train_prior_outputs/proteinBERT_128_softmax_1.out
    output: results/test_prior_rows/proteinBERT_128_softmax_1
    jobid: 228
    reason: Missing output files: results/test_prior_rows/proteinBERT_128_softmax_1
    wildcards: lm=proteinBERT, dimension=128, activation=softmax, num_components=1
    threads: 4
    resources: mem_mb=32000, mem_mib=30518, disk_mb=1000, disk_mib=954, tmpdir=<TBD>, partition=vision, gpu=1, runtime=60

Submitted job 228 with external jobid '2405375'.
[Thu Dec 14 14:32:31 2023]
Finished job 238.
74 of 98 steps (76%) done
Select jobs to execute...

[Thu Dec 14 14:32:31 2023]
rule test_prior:
    input: train_prior_outputs/proteinBERT_32_sigmoid_10.out
    output: results/test_prior_rows/proteinBERT_32_sigmoid_10
    jobid: 206
    reason: Missing output files: results/test_prior_rows/proteinBERT_32_sigmoid_10
    wildcards: lm=proteinBERT, dimension=32, activation=sigmoid, num_components=10
    threads: 4
    resources: mem_mb=32000, mem_mib=30518, disk_mb=1000, disk_mib=954, tmpdir=<TBD>, partition=vision, gpu=1, runtime=60

Submitted job 206 with external jobid '2405376'.
[Thu Dec 14 14:32:32 2023]
Finished job 216.
75 of 98 steps (77%) done
Select jobs to execute...

[Thu Dec 14 14:32:32 2023]
rule test_prior:
    input: train_prior_outputs/proteinBERT_32_sigmoid_1.out
    output: results/test_prior_rows/proteinBERT_32_sigmoid_1
    jobid: 204
    reason: Missing output files: results/test_prior_rows/proteinBERT_32_sigmoid_1
    wildcards: lm=proteinBERT, dimension=32, activation=sigmoid, num_components=1
    threads: 4
    resources: mem_mb=32000, mem_mib=30518, disk_mb=1000, disk_mib=954, tmpdir=<TBD>, partition=vision, gpu=1, runtime=60

Submitted job 204 with external jobid '2405377'.
[Thu Dec 14 14:32:33 2023]
Finished job 230.
76 of 98 steps (78%) done
Select jobs to execute...

[Thu Dec 14 14:32:33 2023]
rule test_prior:
    input: train_prior_outputs/proteinBERT_16_softmax_1.out
    output: results/test_prior_rows/proteinBERT_16_softmax_1
    jobid: 180
    reason: Missing output files: results/test_prior_rows/proteinBERT_16_softmax_1
    wildcards: lm=proteinBERT, dimension=16, activation=softmax, num_components=1
    threads: 4
    resources: mem_mb=32000, mem_mib=30518, disk_mb=1000, disk_mib=954, tmpdir=<TBD>, partition=vision, gpu=1, runtime=60

Submitted job 180 with external jobid '2405378'.
[Thu Dec 14 14:32:35 2023]
Finished job 200.
77 of 98 steps (79%) done
Select jobs to execute...

[Thu Dec 14 14:32:35 2023]
rule test_prior:
    input: train_prior_outputs/proteinBERT_64_softmax_1.out
    output: results/test_prior_rows/proteinBERT_64_softmax_1
    jobid: 212
    reason: Missing output files: results/test_prior_rows/proteinBERT_64_softmax_1
    wildcards: lm=proteinBERT, dimension=64, activation=softmax, num_components=1
    threads: 4
    resources: mem_mb=32000, mem_mib=30518, disk_mb=1000, disk_mib=954, tmpdir=<TBD>, partition=vision, gpu=1, runtime=60

Submitted job 212 with external jobid '2405379'.
[Thu Dec 14 14:32:45 2023]
Finished job 214.
78 of 98 steps (80%) done
Select jobs to execute...

[Thu Dec 14 14:32:45 2023]
rule test_prior:
    input: train_prior_outputs/proteinBERT_128_sigmoid_1.out
    output: results/test_prior_rows/proteinBERT_128_sigmoid_1
    jobid: 236
    reason: Missing output files: results/test_prior_rows/proteinBERT_128_sigmoid_1
    wildcards: lm=proteinBERT, dimension=128, activation=sigmoid, num_components=1
    threads: 4
    resources: mem_mb=32000, mem_mib=30518, disk_mb=1000, disk_mib=954, tmpdir=<TBD>, partition=vision, gpu=1, runtime=60

Submitted job 236 with external jobid '2405380'.
[Thu Dec 14 14:32:46 2023]
Finished job 208.
79 of 98 steps (81%) done
Select jobs to execute...

[Thu Dec 14 14:32:46 2023]
rule test_prior:
    input: train_prior_outputs/proteinBERT_32_softmax_1.out
    output: results/test_prior_rows/proteinBERT_32_softmax_1
    jobid: 196
    reason: Missing output files: results/test_prior_rows/proteinBERT_32_softmax_1
    wildcards: lm=proteinBERT, dimension=32, activation=softmax, num_components=1
    threads: 4
    resources: mem_mb=32000, mem_mib=30518, disk_mb=1000, disk_mib=954, tmpdir=<TBD>, partition=vision, gpu=1, runtime=60

Submitted job 196 with external jobid '2405381'.
[Thu Dec 14 14:32:47 2023]
Finished job 192.
80 of 98 steps (82%) done
Select jobs to execute...

[Thu Dec 14 14:32:47 2023]
rule test_prior:
    input: train_prior_outputs/proteinBERT_16_sigmoid_1.out
    output: results/test_prior_rows/proteinBERT_16_sigmoid_1
    jobid: 188
    reason: Missing output files: results/test_prior_rows/proteinBERT_16_sigmoid_1
    wildcards: lm=proteinBERT, dimension=16, activation=sigmoid, num_components=1
    threads: 4
    resources: mem_mb=32000, mem_mib=30518, disk_mb=1000, disk_mib=954, tmpdir=<TBD>, partition=vision, gpu=1, runtime=60

Submitted job 188 with external jobid '2405382'.
[Thu Dec 14 14:32:48 2023]
Finished job 184.
81 of 98 steps (83%) done
[Thu Dec 14 14:32:49 2023]
Finished job 198.
82 of 98 steps (84%) done
[Thu Dec 14 14:32:50 2023]
Finished job 222.
83 of 98 steps (85%) done
[Thu Dec 14 14:32:51 2023]
Finished job 182.
84 of 98 steps (86%) done
[Thu Dec 14 14:32:52 2023]
Finished job 190.
85 of 98 steps (87%) done
[Thu Dec 14 14:32:53 2023]
Finished job 220.
86 of 98 steps (88%) done
[Thu Dec 14 14:32:54 2023]
Finished job 228.
87 of 98 steps (89%) done
[Thu Dec 14 14:32:55 2023]
Finished job 206.
88 of 98 steps (90%) done
[Thu Dec 14 14:32:56 2023]
Finished job 204.
89 of 98 steps (91%) done
[Thu Dec 14 14:32:57 2023]
Finished job 180.
90 of 98 steps (92%) done
[Thu Dec 14 14:32:58 2023]
Finished job 242.
91 of 98 steps (93%) done
[Thu Dec 14 14:32:59 2023]
Finished job 60.
92 of 98 steps (94%) done
[Thu Dec 14 14:33:00 2023]
Finished job 212.
93 of 98 steps (95%) done
[Thu Dec 14 14:33:10 2023]
Finished job 236.
94 of 98 steps (96%) done
[Thu Dec 14 14:33:11 2023]
Finished job 196.
95 of 98 steps (97%) done
[Thu Dec 14 14:33:12 2023]
Finished job 188.
96 of 98 steps (98%) done
Select jobs to execute...

[Thu Dec 14 14:33:12 2023]
rule concat_prior_tests:
    input: results/test_prior_rows/esm2_16_softmax_1, results/test_prior_rows/esm2_16_softmax_10, results/test_prior_rows/esm2_16_softmax_32, results/test_prior_rows/esm2_16_softmax_100, results/test_prior_rows/esm2_16_sigmoid_1, results/test_prior_rows/esm2_16_sigmoid_10, results/test_prior_rows/esm2_16_sigmoid_32, results/test_prior_rows/esm2_16_sigmoid_100, results/test_prior_rows/esm2_32_softmax_1, results/test_prior_rows/esm2_32_softmax_10, results/test_prior_rows/esm2_32_softmax_32, results/test_prior_rows/esm2_32_softmax_100, results/test_prior_rows/esm2_32_sigmoid_1, results/test_prior_rows/esm2_32_sigmoid_10, results/test_prior_rows/esm2_32_sigmoid_32, results/test_prior_rows/esm2_32_sigmoid_100, results/test_prior_rows/esm2_64_softmax_1, results/test_prior_rows/esm2_64_softmax_10, results/test_prior_rows/esm2_64_softmax_32, results/test_prior_rows/esm2_64_softmax_100, results/test_prior_rows/esm2_64_sigmoid_1, results/test_prior_rows/esm2_64_sigmoid_10, results/test_prior_rows/esm2_64_sigmoid_32, results/test_prior_rows/esm2_64_sigmoid_100, results/test_prior_rows/esm2_128_softmax_1, results/test_prior_rows/esm2_128_softmax_10, results/test_prior_rows/esm2_128_softmax_32, results/test_prior_rows/esm2_128_softmax_100, results/test_prior_rows/esm2_128_sigmoid_1, results/test_prior_rows/esm2_128_sigmoid_10, results/test_prior_rows/esm2_128_sigmoid_32, results/test_prior_rows/esm2_128_sigmoid_100, results/test_prior_rows/protT5_16_softmax_1, results/test_prior_rows/protT5_16_softmax_10, results/test_prior_rows/protT5_16_softmax_32, results/test_prior_rows/protT5_16_softmax_100, results/test_prior_rows/protT5_16_sigmoid_1, results/test_prior_rows/protT5_16_sigmoid_10, results/test_prior_rows/protT5_16_sigmoid_32, results/test_prior_rows/protT5_16_sigmoid_100, results/test_prior_rows/protT5_32_softmax_1, results/test_prior_rows/protT5_32_softmax_10, results/test_prior_rows/protT5_32_softmax_32, results/test_prior_rows/protT5_32_softmax_100, results/test_prior_rows/protT5_32_sigmoid_1, results/test_prior_rows/protT5_32_sigmoid_10, results/test_prior_rows/protT5_32_sigmoid_32, results/test_prior_rows/protT5_32_sigmoid_100, results/test_prior_rows/protT5_64_softmax_1, results/test_prior_rows/protT5_64_softmax_10, results/test_prior_rows/protT5_64_softmax_32, results/test_prior_rows/protT5_64_softmax_100, results/test_prior_rows/protT5_64_sigmoid_1, results/test_prior_rows/protT5_64_sigmoid_10, results/test_prior_rows/protT5_64_sigmoid_32, results/test_prior_rows/protT5_64_sigmoid_100, results/test_prior_rows/protT5_128_softmax_1, results/test_prior_rows/protT5_128_softmax_10, results/test_prior_rows/protT5_128_softmax_32, results/test_prior_rows/protT5_128_softmax_100, results/test_prior_rows/protT5_128_sigmoid_1, results/test_prior_rows/protT5_128_sigmoid_10, results/test_prior_rows/protT5_128_sigmoid_32, results/test_prior_rows/protT5_128_sigmoid_100, results/test_prior_rows/proteinBERT_16_softmax_1, results/test_prior_rows/proteinBERT_16_softmax_10, results/test_prior_rows/proteinBERT_16_softmax_32, results/test_prior_rows/proteinBERT_16_softmax_100, results/test_prior_rows/proteinBERT_16_sigmoid_1, results/test_prior_rows/proteinBERT_16_sigmoid_10, results/test_prior_rows/proteinBERT_16_sigmoid_32, results/test_prior_rows/proteinBERT_16_sigmoid_100, results/test_prior_rows/proteinBERT_32_softmax_1, results/test_prior_rows/proteinBERT_32_softmax_10, results/test_prior_rows/proteinBERT_32_softmax_32, results/test_prior_rows/proteinBERT_32_softmax_100, results/test_prior_rows/proteinBERT_32_sigmoid_1, results/test_prior_rows/proteinBERT_32_sigmoid_10, results/test_prior_rows/proteinBERT_32_sigmoid_32, results/test_prior_rows/proteinBERT_32_sigmoid_100, results/test_prior_rows/proteinBERT_64_softmax_1, results/test_prior_rows/proteinBERT_64_softmax_10, results/test_prior_rows/proteinBERT_64_softmax_32, results/test_prior_rows/proteinBERT_64_softmax_100, results/test_prior_rows/proteinBERT_64_sigmoid_1, results/test_prior_rows/proteinBERT_64_sigmoid_10, results/test_prior_rows/proteinBERT_64_sigmoid_32, results/test_prior_rows/proteinBERT_64_sigmoid_100, results/test_prior_rows/proteinBERT_128_softmax_1, results/test_prior_rows/proteinBERT_128_softmax_10, results/test_prior_rows/proteinBERT_128_softmax_32, results/test_prior_rows/proteinBERT_128_softmax_100, results/test_prior_rows/proteinBERT_128_sigmoid_1, results/test_prior_rows/proteinBERT_128_sigmoid_10, results/test_prior_rows/proteinBERT_128_sigmoid_32, results/test_prior_rows/proteinBERT_128_sigmoid_100
    output: results/test_prior.tbl
    jobid: 51
    reason: Missing output files: results/test_prior.tbl; Input files updated by another job: results/test_prior_rows/protT5_64_sigmoid_32, results/test_prior_rows/proteinBERT_16_softmax_10, results/test_prior_rows/esm2_16_softmax_100, results/test_prior_rows/proteinBERT_32_softmax_10, results/test_prior_rows/protT5_64_softmax_32, results/test_prior_rows/esm2_128_sigmoid_32, results/test_prior_rows/proteinBERT_64_softmax_32, results/test_prior_rows/protT5_32_sigmoid_10, results/test_prior_rows/proteinBERT_32_sigmoid_10, results/test_prior_rows/proteinBERT_128_sigmoid_10, results/test_prior_rows/esm2_128_softmax_32, results/test_prior_rows/proteinBERT_64_softmax_10, results/test_prior_rows/protT5_32_softmax_10, results/test_prior_rows/esm2_64_sigmoid_32, results/test_prior_rows/esm2_64_sigmoid_10, results/test_prior_rows/protT5_64_softmax_1, results/test_prior_rows/protT5_128_sigmoid_100, results/test_prior_rows/esm2_16_softmax_1, results/test_prior_rows/esm2_32_sigmoid_10, results/test_prior_rows/proteinBERT_64_softmax_1, results/test_prior_rows/proteinBERT_128_softmax_100, results/test_prior_rows/proteinBERT_16_softmax_32, results/test_prior_rows/proteinBERT_16_softmax_100, results/test_prior_rows/protT5_128_softmax_1, results/test_prior_rows/esm2_128_sigmoid_100, results/test_prior_rows/esm2_64_softmax_100, results/test_prior_rows/esm2_16_sigmoid_1, results/test_prior_rows/proteinBERT_16_sigmoid_100, results/test_prior_rows/protT5_32_sigmoid_100, results/test_prior_rows/esm2_32_softmax_10, results/test_prior_rows/protT5_32_sigmoid_1, results/test_prior_rows/esm2_32_sigmoid_32, results/test_prior_rows/protT5_16_softmax_10, results/test_prior_rows/proteinBERT_64_sigmoid_32, results/test_prior_rows/protT5_16_sigmoid_1, results/test_prior_rows/esm2_128_sigmoid_10, results/test_prior_rows/protT5_64_softmax_10, results/test_prior_rows/protT5_16_softmax_32, results/test_prior_rows/protT5_32_softmax_32, results/test_prior_rows/esm2_16_sigmoid_32, results/test_prior_rows/esm2_64_sigmoid_100, results/test_prior_rows/protT5_128_softmax_10, results/test_prior_rows/esm2_128_softmax_10, results/test_prior_rows/protT5_128_sigmoid_10, results/test_prior_rows/esm2_64_softmax_10, results/test_prior_rows/protT5_32_sigmoid_32, results/test_prior_rows/protT5_64_sigmoid_1, results/test_prior_rows/protT5_16_softmax_1, results/test_prior_rows/proteinBERT_32_sigmoid_1, results/test_prior_rows/esm2_128_softmax_100, results/test_prior_rows/proteinBERT_128_softmax_1, results/test_prior_rows/esm2_64_softmax_1, results/test_prior_rows/proteinBERT_16_sigmoid_10, results/test_prior_rows/esm2_16_sigmoid_10, results/test_prior_rows/esm2_32_softmax_100, results/test_prior_rows/protT5_128_sigmoid_32, results/test_prior_rows/esm2_128_sigmoid_1, results/test_prior_rows/proteinBERT_64_sigmoid_10, results/test_prior_rows/protT5_16_sigmoid_100, results/test_prior_rows/proteinBERT_128_sigmoid_1, results/test_prior_rows/proteinBERT_128_softmax_10, results/test_prior_rows/proteinBERT_32_sigmoid_32, results/test_prior_rows/esm2_32_sigmoid_100, results/test_prior_rows/protT5_32_softmax_100, results/test_prior_rows/proteinBERT_16_softmax_1, results/test_prior_rows/protT5_64_sigmoid_10, results/test_prior_rows/proteinBERT_128_softmax_32, results/test_prior_rows/proteinBERT_32_softmax_100, results/test_prior_rows/proteinBERT_32_softmax_1, results/test_prior_rows/proteinBERT_64_sigmoid_1, results/test_prior_rows/protT5_16_sigmoid_10, results/test_prior_rows/protT5_128_sigmoid_1, results/test_prior_rows/esm2_16_softmax_32, results/test_prior_rows/proteinBERT_32_softmax_32, results/test_prior_rows/esm2_16_sigmoid_100, results/test_prior_rows/protT5_16_softmax_100, results/test_prior_rows/esm2_64_sigmoid_1, results/test_prior_rows/protT5_128_softmax_32, results/test_prior_rows/esm2_32_softmax_32, results/test_prior_rows/protT5_32_softmax_1, results/test_prior_rows/protT5_16_sigmoid_32, results/test_prior_rows/esm2_32_sigmoid_1, results/test_prior_rows/protT5_64_sigmoid_100, results/test_prior_rows/proteinBERT_128_sigmoid_32, results/test_prior_rows/proteinBERT_16_sigmoid_1, results/test_prior_rows/proteinBERT_64_softmax_100, results/test_prior_rows/proteinBERT_64_sigmoid_100, results/test_prior_rows/protT5_128_softmax_100, results/test_prior_rows/protT5_64_softmax_100, results/test_prior_rows/proteinBERT_32_sigmoid_100, results/test_prior_rows/proteinBERT_128_sigmoid_100, results/test_prior_rows/proteinBERT_16_sigmoid_32, results/test_prior_rows/esm2_32_softmax_1, results/test_prior_rows/esm2_16_softmax_10, results/test_prior_rows/esm2_64_softmax_32, results/test_prior_rows/esm2_128_softmax_1
    resources: mem_mb=1000, mem_mib=954, disk_mb=1000, disk_mib=954, tmpdir=<TBD>, partition=batch,snowball,pinky, gpu=0

Submitted job 51 with external jobid '2405383'.
[Thu Dec 14 14:33:22 2023]
Finished job 51.
97 of 98 steps (99%) done
Select jobs to execute...

[Thu Dec 14 14:33:22 2023]
localrule all:
    input: results/softmax.tbl, results/sigmoid.tbl, results/test_prior.tbl
    jobid: 0
    reason: Input files updated by another job: results/test_prior.tbl
    resources: mem_mb=10000, mem_mib=9537, disk_mb=1000, disk_mib=954, tmpdir=/tmp, partition=pinky, gpu=0

[Thu Dec 14 14:33:22 2023]
Finished job 0.
98 of 98 steps (100%) done
Complete log: .snakemake/log/2023-12-14T142407.829575.snakemake.log
