Building DAG of jobs...
Using shell: /usr/bin/bash
Provided cluster nodes: 12
Provided resources: msa_load=24, learnMSA_load=12
Job stats:
job                      count    min threads    max threads
---------------------  -------  -------------  -------------
all                          1              1              1
concat_results_scores        2              1              1
total                        3              1              1

Select jobs to execute...

[Sun Nov 26 10:10:11 2023]
rule concat_results_scores:
    input: results/rows/esm2_16_softmax, results/rows/esm2_32_softmax, results/rows/esm2_64_softmax, results/rows/esm2_128_softmax, results/rows/protT5_16_softmax, results/rows/protT5_32_softmax, results/rows/protT5_64_softmax, results/rows/protT5_128_softmax, results/rows/proteinBERT_16_softmax, results/rows/proteinBERT_32_softmax, results/rows/proteinBERT_64_softmax, results/rows/proteinBERT_128_softmax
    output: results/softmax.tbl
    jobid: 1
    reason: Missing output files: results/softmax.tbl
    wildcards: activation=softmax
    resources: mem_mb=1000, mem_mib=954, disk_mb=1000, disk_mib=954, tmpdir=<TBD>, partition=batch,snowball,pinky, gpu=0

Submitted job 1 with external jobid '2278172'.

[Sun Nov 26 10:10:12 2023]
rule concat_results_scores:
    input: results/rows/esm2_16_sigmoid, results/rows/esm2_32_sigmoid, results/rows/esm2_64_sigmoid, results/rows/esm2_128_sigmoid, results/rows/protT5_16_sigmoid, results/rows/protT5_32_sigmoid, results/rows/protT5_64_sigmoid, results/rows/protT5_128_sigmoid, results/rows/proteinBERT_16_sigmoid, results/rows/proteinBERT_32_sigmoid, results/rows/proteinBERT_64_sigmoid, results/rows/proteinBERT_128_sigmoid
    output: results/sigmoid.tbl
    jobid: 14
    reason: Missing output files: results/sigmoid.tbl
    wildcards: activation=sigmoid
    resources: mem_mb=1000, mem_mib=954, disk_mb=1000, disk_mib=954, tmpdir=<TBD>, partition=batch,snowball,pinky, gpu=0

Submitted job 14 with external jobid '2278173'.
[Sun Nov 26 10:10:21 2023]
Error in rule concat_results_scores:
    jobid: 1
    input: results/rows/esm2_16_softmax, results/rows/esm2_32_softmax, results/rows/esm2_64_softmax, results/rows/esm2_128_softmax, results/rows/protT5_16_softmax, results/rows/protT5_32_softmax, results/rows/protT5_64_softmax, results/rows/protT5_128_softmax, results/rows/proteinBERT_16_softmax, results/rows/proteinBERT_32_softmax, results/rows/proteinBERT_64_softmax, results/rows/proteinBERT_128_softmax
    output: results/softmax.tbl
    cluster_jobid: 2278172

Error executing rule concat_results_scores on cluster (jobid: 1, external: 2278172, jobscript: /home/beckerf/tmp_work/learnMSA/learnMSA/protein_language_models/train_scoring_models/.snakemake/tmp.5axzvnno/snakejob.concat_results_scores.1.sh). For error details see the cluster log and the log files of the involved rule(s).
Trying to restart job 1.
Select jobs to execute...

[Sun Nov 26 10:10:21 2023]
rule concat_results_scores:
    input: results/rows/esm2_16_softmax, results/rows/esm2_32_softmax, results/rows/esm2_64_softmax, results/rows/esm2_128_softmax, results/rows/protT5_16_softmax, results/rows/protT5_32_softmax, results/rows/protT5_64_softmax, results/rows/protT5_128_softmax, results/rows/proteinBERT_16_softmax, results/rows/proteinBERT_32_softmax, results/rows/proteinBERT_64_softmax, results/rows/proteinBERT_128_softmax
    output: results/softmax.tbl
    jobid: 1
    reason: Missing output files: results/softmax.tbl
    wildcards: activation=softmax
    resources: mem_mb=1000, mem_mib=954, disk_mb=1000, disk_mib=954, tmpdir=<TBD>, partition=batch,snowball,pinky, gpu=0

Submitted job 1 with external jobid '2278174'.
[Sun Nov 26 10:10:22 2023]
Error in rule concat_results_scores:
    jobid: 14
    input: results/rows/esm2_16_sigmoid, results/rows/esm2_32_sigmoid, results/rows/esm2_64_sigmoid, results/rows/esm2_128_sigmoid, results/rows/protT5_16_sigmoid, results/rows/protT5_32_sigmoid, results/rows/protT5_64_sigmoid, results/rows/protT5_128_sigmoid, results/rows/proteinBERT_16_sigmoid, results/rows/proteinBERT_32_sigmoid, results/rows/proteinBERT_64_sigmoid, results/rows/proteinBERT_128_sigmoid
    output: results/sigmoid.tbl
    cluster_jobid: 2278173

Error executing rule concat_results_scores on cluster (jobid: 14, external: 2278173, jobscript: /home/beckerf/tmp_work/learnMSA/learnMSA/protein_language_models/train_scoring_models/.snakemake/tmp.5axzvnno/snakejob.concat_results_scores.14.sh). For error details see the cluster log and the log files of the involved rule(s).
Trying to restart job 14.
Select jobs to execute...

[Sun Nov 26 10:10:22 2023]
rule concat_results_scores:
    input: results/rows/esm2_16_sigmoid, results/rows/esm2_32_sigmoid, results/rows/esm2_64_sigmoid, results/rows/esm2_128_sigmoid, results/rows/protT5_16_sigmoid, results/rows/protT5_32_sigmoid, results/rows/protT5_64_sigmoid, results/rows/protT5_128_sigmoid, results/rows/proteinBERT_16_sigmoid, results/rows/proteinBERT_32_sigmoid, results/rows/proteinBERT_64_sigmoid, results/rows/proteinBERT_128_sigmoid
    output: results/sigmoid.tbl
    jobid: 14
    reason: Missing output files: results/sigmoid.tbl
    wildcards: activation=sigmoid
    resources: mem_mb=1000, mem_mib=954, disk_mb=1000, disk_mib=954, tmpdir=<TBD>, partition=batch,snowball,pinky, gpu=0

Submitted job 14 with external jobid '2278175'.
Terminating processes on user request, this might take some time.
Complete log: .snakemake/log/2023-11-26T101010.568770.snakemake.log
