Building DAG of jobs...
Using shell: /usr/bin/bash
Provided cores: 2
Rules claiming more threads will be scaled down.
Provided resources: mem_mb=1000, mem_mib=954, disk_mb=1000, disk_mib=954, gpu=0
Select jobs to execute...

[Sun Nov 26 10:02:28 2023]
rule concat_results_scores:
    input: results/rows/esm2_16_softmax, results/rows/esm2_32_softmax, results/rows/esm2_64_softmax, results/rows/esm2_128_softmax, results/rows/protT5_16_softmax, results/rows/protT5_32_softmax, results/rows/protT5_64_softmax, results/rows/protT5_128_softmax, results/rows/proteinBERT_16_softmax, results/rows/proteinBERT_32_softmax, results/rows/proteinBERT_64_softmax, results/rows/proteinBERT_128_softmax
    output: results/softmax.tbl
    jobid: 0
    reason: Missing output files: results/softmax.tbl
    wildcards: activation=softmax
    resources: mem_mb=1000, mem_mib=954, disk_mb=1000, disk_mib=954, tmpdir=/tmp, partition=batch,snowball,pinky, gpu=0

echo -n  > results/softmax.tbl
echo esm2;16;softmax;$(cat results/rows/esm2_16_softmax) >> results/softmax.tbl
esm2
/usr/bin/bash: line 1: 16: command not found
[Sun Nov 26 10:02:28 2023]
Error in rule concat_results_scores:
    jobid: 0
    input: results/rows/esm2_16_softmax, results/rows/esm2_32_softmax, results/rows/esm2_64_softmax, results/rows/esm2_128_softmax, results/rows/protT5_16_softmax, results/rows/protT5_32_softmax, results/rows/protT5_64_softmax, results/rows/protT5_128_softmax, results/rows/proteinBERT_16_softmax, results/rows/proteinBERT_32_softmax, results/rows/proteinBERT_64_softmax, results/rows/proteinBERT_128_softmax
    output: results/softmax.tbl

RuleException:
CalledProcessError in file /home/beckerf/tmp_work/learnMSA/learnMSA/protein_language_models/train_scoring_models/Snakefile, line 54:
Command 'set -euo pipefail;  echo esm2;16;softmax;$(cat results/rows/esm2_16_softmax) >> results/softmax.tbl' returned non-zero exit status 127.
  File "/home/beckerf/tmp_work/learnMSA/learnMSA/protein_language_models/train_scoring_models/Snakefile", line 54, in __rule_concat_results_scores
  File "/home/beckerf/mambaforge/envs/snakeMSA/lib/python3.10/concurrent/futures/thread.py", line 58, in run
Removing output files of failed job concat_results_scores since they might be corrupted:
results/softmax.tbl
Shutting down, this might take some time.
Exiting because a job execution failed. Look above for error message
