Building DAG of jobs...
Using shell: /usr/bin/bash
Provided cores: 4
Rules claiming more threads will be scaled down.
Provided resources: mem_mb=100000, mem_mib=95368, disk_mb=1000, disk_mib=954, gpu=1
Select jobs to execute...

[Sun Nov 26 20:44:32 2023]
rule train_prior:
    input: train_scoring_model_outputs/proteinBERT_32_sigmoid.out
    output: train_prior_outputs/proteinBERT_32_sigmoid_100.out
    jobid: 0
    reason: Missing output files: train_prior_outputs/proteinBERT_32_sigmoid_100.out
    wildcards: lm=proteinBERT, dimension=32, activation=sigmoid, num_components=100
    threads: 4
    resources: mem_mb=100000, mem_mib=95368, disk_mb=1000, disk_mib=954, tmpdir=/tmp, partition=vision, gpu=1, runtime=2880


        cd .. && python3 PretrainMultivariateNormalPrior.py --lm proteinBERT --reduced_dim 32             --activation sigmoid --components 100 > train_scoring_models/train_prior_outputs/proteinBERT_32_sigmoid_100.out
        
2023-11-26 20:44:32.460785: I tensorflow/core/platform/cpu_feature_guard.cc:193] This TensorFlow binary is optimized with oneAPI Deep Neural Network Library (oneDNN) to use the following CPU instructions in performance-critical operations:  SSE4.1 SSE4.2 AVX AVX2 FMA
To enable them in other operations, rebuild TensorFlow with the appropriate compiler flags.
2023-11-26 20:44:34.919720: I tensorflow/core/platform/cpu_feature_guard.cc:193] This TensorFlow binary is optimized with oneAPI Deep Neural Network Library (oneDNN) to use the following CPU instructions in performance-critical operations:  SSE4.1 SSE4.2 AVX AVX2 FMA
To enable them in other operations, rebuild TensorFlow with the appropriate compiler flags.
2023-11-26 20:44:35.377278: I tensorflow/core/common_runtime/gpu/gpu_device.cc:1616] Created device /job:localhost/replica:0/task:0/device:GPU:0 with 78968 MB memory:  -> device: 0, name: NVIDIA A100-SXM4-80GB, pci bus id: 0000:01:00.0, compute capability: 8.0
2023-11-26 20:46:53.999106: I tensorflow/core/util/cuda_solvers.cc:179] Creating GpuSolver handles for stream 0x561f26f9d4b0
2023-11-26 20:46:54.714817: I tensorflow/stream_executor/cuda/cuda_blas.cc:1614] TensorFloat-32 will be used for the matrix multiplication. This will only be logged once.
2023-11-26 20:46:54.937890: I tensorflow/stream_executor/cuda/cuda_dnn.cc:384] Loaded cuDNN version 8800
2023-11-26 20:46:55.483321: I tensorflow/core/platform/default/subprocess.cc:304] Start cannot spawn child process: No such file or directory
2023-11-26 20:46:55.484015: I tensorflow/core/platform/default/subprocess.cc:304] Start cannot spawn child process: No such file or directory
2023-11-26 20:46:55.484041: W tensorflow/stream_executor/gpu/asm_compiler.cc:80] Couldn't get ptxas version string: INTERNAL: Couldn't invoke ptxas --version
2023-11-26 20:46:55.484895: I tensorflow/core/platform/default/subprocess.cc:304] Start cannot spawn child process: No such file or directory
2023-11-26 20:46:55.484963: W tensorflow/stream_executor/gpu/redzone_allocator.cc:314] INTERNAL: Failed to launch ptxas
Relying on driver to perform ptx compilation. 
Modify $PATH to customize ptxas location.
This message will be only logged once.
[Sun Nov 26 20:49:11 2023]
Finished job 0.
1 of 1 steps (100%) done
