Building DAG of jobs...
Using shell: /usr/bin/bash
Provided cores: 4
Rules claiming more threads will be scaled down.
Provided resources: mem_mb=100000, mem_mib=95368, disk_mb=1000, disk_mib=954, gpu=1
Select jobs to execute...

[Sun Nov 26 21:55:30 2023]
rule train_prior:
    input: train_scoring_model_outputs/esm2_128_softmax.out
    output: train_prior_outputs/esm2_128_softmax_10.out
    jobid: 0
    reason: Missing output files: train_prior_outputs/esm2_128_softmax_10.out
    wildcards: lm=esm2, dimension=128, activation=softmax, num_components=10
    threads: 4
    resources: mem_mb=100000, mem_mib=95368, disk_mb=1000, disk_mib=954, tmpdir=/tmp, partition=vision, gpu=1, runtime=2880


        cd .. && python3 PretrainMultivariateNormalPrior.py --lm esm2 --reduced_dim 128             --activation softmax --components 10 > train_scoring_models/train_prior_outputs/esm2_128_softmax_10.out
        
2023-11-26 21:55:31.058716: I tensorflow/core/platform/cpu_feature_guard.cc:193] This TensorFlow binary is optimized with oneAPI Deep Neural Network Library (oneDNN) to use the following CPU instructions in performance-critical operations:  SSE4.1 SSE4.2 AVX AVX2 FMA
To enable them in other operations, rebuild TensorFlow with the appropriate compiler flags.
2023-11-26 21:56:03.334702: I tensorflow/core/platform/cpu_feature_guard.cc:193] This TensorFlow binary is optimized with oneAPI Deep Neural Network Library (oneDNN) to use the following CPU instructions in performance-critical operations:  SSE4.1 SSE4.2 AVX AVX2 FMA
To enable them in other operations, rebuild TensorFlow with the appropriate compiler flags.
2023-11-26 21:59:29.379911: I tensorflow/core/common_runtime/gpu/gpu_device.cc:1616] Created device /job:localhost/replica:0/task:0/device:GPU:0 with 78536 MB memory:  -> device: 0, name: NVIDIA A100-SXM4-80GB, pci bus id: 0000:01:00.0, compute capability: 8.0
2023-11-26 22:01:56.397494: I tensorflow/stream_executor/cuda/cuda_blas.cc:1614] TensorFloat-32 will be used for the matrix multiplication. This will only be logged once.
2023-11-26 22:05:53.383388: I tensorflow/core/util/cuda_solvers.cc:179] Creating GpuSolver handles for stream 0x55ce4663ef50
[Mon Nov 27 02:05:56 2023]
Finished job 0.
1 of 1 steps (100%) done
