Building DAG of jobs...
Using shell: /usr/bin/bash
Provided cores: 4
Rules claiming more threads will be scaled down.
Provided resources: mem_mb=100000, mem_mib=95368, disk_mb=1000, disk_mib=954, gpu=1
Select jobs to execute...

[Mon Nov 27 02:36:31 2023]
rule train_prior:
    input: train_scoring_model_outputs/protT5_64_softmax.out
    output: train_prior_outputs/protT5_64_softmax_32.out
    jobid: 0
    reason: Missing output files: train_prior_outputs/protT5_64_softmax_32.out
    wildcards: lm=protT5, dimension=64, activation=softmax, num_components=32
    threads: 4
    resources: mem_mb=100000, mem_mib=95368, disk_mb=1000, disk_mib=954, tmpdir=/tmp, partition=vision, gpu=1, runtime=2880


        cd .. && python3 PretrainMultivariateNormalPrior.py --lm protT5 --reduced_dim 64             --activation softmax --components 32 > train_scoring_models/train_prior_outputs/protT5_64_softmax_32.out
        
2023-11-27 02:36:31.695072: I tensorflow/core/platform/cpu_feature_guard.cc:193] This TensorFlow binary is optimized with oneAPI Deep Neural Network Library (oneDNN) to use the following CPU instructions in performance-critical operations:  SSE4.1 SSE4.2 AVX AVX2 FMA
To enable them in other operations, rebuild TensorFlow with the appropriate compiler flags.
2023-11-27 02:37:04.784694: I tensorflow/core/platform/cpu_feature_guard.cc:193] This TensorFlow binary is optimized with oneAPI Deep Neural Network Library (oneDNN) to use the following CPU instructions in performance-critical operations:  SSE4.1 SSE4.2 AVX AVX2 FMA
To enable them in other operations, rebuild TensorFlow with the appropriate compiler flags.
2023-11-27 02:41:30.352374: I tensorflow/core/common_runtime/gpu/gpu_device.cc:1616] Created device /job:localhost/replica:0/task:0/device:GPU:0 with 78536 MB memory:  -> device: 0, name: NVIDIA A100-SXM4-80GB, pci bus id: 0000:41:00.0, compute capability: 8.0
2023-11-27 02:44:56.483676: I tensorflow/stream_executor/cuda/cuda_blas.cc:1614] TensorFloat-32 will be used for the matrix multiplication. This will only be logged once.
2023-11-27 02:48:53.054147: I tensorflow/core/util/cuda_solvers.cc:179] Creating GpuSolver handles for stream 0x5586defd1aa0
[Mon Nov 27 05:09:39 2023]
Finished job 0.
1 of 1 steps (100%) done
